{"C:\\DEV\\game-resume-backend\\build\\models\\category.js": {"path":"C:\\DEV\\game-resume-backend\\build\\models\\category.js","statementMap":{"0":{"start":{"line":5,"column":4},"end":{"line":5,"column":24}},"1":{"start":{"line":7,"column":0},"end":{"line":36,"column":2}},"2":{"start":{"line":16,"column":6},"end":{"line":21,"column":9}},"3":{"start":{"line":26,"column":2},"end":{"line":34,"column":5}},"4":{"start":{"line":35,"column":2},"end":{"line":35,"column":18}}},"fnMap":{"0":{"name":"(anonymous_0)","decl":{"start":{"line":7,"column":17},"end":{"line":7,"column":18}},"loc":{"start":{"line":7,"column":43},"end":{"line":36,"column":1}},"line":7},"1":{"name":"(anonymous_1)","decl":{"start":{"line":14,"column":4},"end":{"line":14,"column":5}},"loc":{"start":{"line":14,"column":29},"end":{"line":22,"column":5}},"line":14}},"branchMap":{},"s":{"0":1,"1":1,"2":1,"3":1,"4":1},"f":{"0":1,"1":1},"b":{},"_coverageSchema":"1a1c01bbd47fc00a2c39e90264f33305004495a9","hash":"3af621f5a84628dd531c6da38df8f0b844ff9355"}
,"C:\\DEV\\game-resume-backend\\build\\models\\codeandtip.js": {"path":"C:\\DEV\\game-resume-backend\\build\\models\\codeandtip.js","statementMap":{"0":{"start":{"line":5,"column":4},"end":{"line":5,"column":24}},"1":{"start":{"line":7,"column":0},"end":{"line":33,"column":2}},"2":{"start":{"line":16,"column":6},"end":{"line":18,"column":9}},"3":{"start":{"line":23,"column":2},"end":{"line":31,"column":5}},"4":{"start":{"line":32,"column":2},"end":{"line":32,"column":20}}},"fnMap":{"0":{"name":"(anonymous_0)","decl":{"start":{"line":7,"column":17},"end":{"line":7,"column":18}},"loc":{"start":{"line":7,"column":43},"end":{"line":33,"column":1}},"line":7},"1":{"name":"(anonymous_1)","decl":{"start":{"line":14,"column":4},"end":{"line":14,"column":5}},"loc":{"start":{"line":14,"column":29},"end":{"line":19,"column":5}},"line":14}},"branchMap":{},"s":{"0":1,"1":1,"2":1,"3":1,"4":1},"f":{"0":1,"1":1},"b":{},"_coverageSchema":"1a1c01bbd47fc00a2c39e90264f33305004495a9","hash":"a43b2ee0251b70e9249359c1c589e293b70c2bbb"}
,"C:\\DEV\\game-resume-backend\\build\\models\\dlc.js": {"path":"C:\\DEV\\game-resume-backend\\build\\models\\dlc.js","statementMap":{"0":{"start":{"line":5,"column":4},"end":{"line":5,"column":24}},"1":{"start":{"line":7,"column":0},"end":{"line":37,"column":2}},"2":{"start":{"line":16,"column":6},"end":{"line":19,"column":9}},"3":{"start":{"line":24,"column":2},"end":{"line":35,"column":5}},"4":{"start":{"line":36,"column":2},"end":{"line":36,"column":13}}},"fnMap":{"0":{"name":"(anonymous_0)","decl":{"start":{"line":7,"column":17},"end":{"line":7,"column":18}},"loc":{"start":{"line":7,"column":43},"end":{"line":37,"column":1}},"line":7},"1":{"name":"(anonymous_1)","decl":{"start":{"line":14,"column":4},"end":{"line":14,"column":5}},"loc":{"start":{"line":14,"column":29},"end":{"line":20,"column":5}},"line":14}},"branchMap":{},"s":{"0":1,"1":1,"2":1,"3":1,"4":1},"f":{"0":1,"1":1},"b":{},"_coverageSchema":"1a1c01bbd47fc00a2c39e90264f33305004495a9","hash":"2840fc2080b4640ca36957cb24660ac0c78d4009"}
,"C:\\DEV\\game-resume-backend\\build\\models\\game.js": {"path":"C:\\DEV\\game-resume-backend\\build\\models\\game.js","statementMap":{"0":{"start":{"line":5,"column":4},"end":{"line":5,"column":24}},"1":{"start":{"line":7,"column":0},"end":{"line":56,"column":2}},"2":{"start":{"line":16,"column":6},"end":{"line":19,"column":9}},"3":{"start":{"line":20,"column":6},"end":{"line":23,"column":9}},"4":{"start":{"line":24,"column":6},"end":{"line":24,"column":36}},"5":{"start":{"line":25,"column":6},"end":{"line":29,"column":9}},"6":{"start":{"line":30,"column":6},"end":{"line":35,"column":9}},"7":{"start":{"line":40,"column":2},"end":{"line":54,"column":5}},"8":{"start":{"line":55,"column":2},"end":{"line":55,"column":14}}},"fnMap":{"0":{"name":"(anonymous_0)","decl":{"start":{"line":7,"column":17},"end":{"line":7,"column":18}},"loc":{"start":{"line":7,"column":43},"end":{"line":56,"column":1}},"line":7},"1":{"name":"(anonymous_1)","decl":{"start":{"line":14,"column":4},"end":{"line":14,"column":5}},"loc":{"start":{"line":14,"column":29},"end":{"line":36,"column":5}},"line":14}},"branchMap":{},"s":{"0":1,"1":1,"2":1,"3":1,"4":1,"5":1,"6":1,"7":1,"8":1},"f":{"0":1,"1":1},"b":{},"_coverageSchema":"1a1c01bbd47fc00a2c39e90264f33305004495a9","hash":"f43bfcbad15fabf64e5960256ba4321640842b06"}
,"C:\\DEV\\game-resume-backend\\build\\models\\gamecube.js": {"path":"C:\\DEV\\game-resume-backend\\build\\models\\gamecube.js","statementMap":{"0":{"start":{"line":5,"column":4},"end":{"line":5,"column":24}},"1":{"start":{"line":7,"column":0},"end":{"line":39,"column":2}},"2":{"start":{"line":16,"column":6},"end":{"line":20,"column":9}},"3":{"start":{"line":25,"column":2},"end":{"line":37,"column":5}},"4":{"start":{"line":38,"column":2},"end":{"line":38,"column":18}}},"fnMap":{"0":{"name":"(anonymous_0)","decl":{"start":{"line":7,"column":17},"end":{"line":7,"column":18}},"loc":{"start":{"line":7,"column":43},"end":{"line":39,"column":1}},"line":7},"1":{"name":"(anonymous_1)","decl":{"start":{"line":14,"column":4},"end":{"line":14,"column":5}},"loc":{"start":{"line":14,"column":29},"end":{"line":21,"column":5}},"line":14}},"branchMap":{},"s":{"0":1,"1":1,"2":1,"3":1,"4":1},"f":{"0":1,"1":1},"b":{},"_coverageSchema":"1a1c01bbd47fc00a2c39e90264f33305004495a9","hash":"cc0dc6ebcb3794b19e91fe28690e8a57d8028775"}
,"C:\\DEV\\game-resume-backend\\build\\models\\index.js": {"path":"C:\\DEV\\game-resume-backend\\build\\models\\index.js","statementMap":{"0":{"start":{"line":3,"column":11},"end":{"line":3,"column":24}},"1":{"start":{"line":5,"column":13},"end":{"line":5,"column":28}},"2":{"start":{"line":7,"column":18},"end":{"line":7,"column":38}},"3":{"start":{"line":9,"column":17},"end":{"line":9,"column":42}},"4":{"start":{"line":10,"column":12},"end":{"line":10,"column":49}},"5":{"start":{"line":12,"column":15},"end":{"line":12,"column":65}},"6":{"start":{"line":14,"column":11},"end":{"line":14,"column":13}},"7":{"start":{"line":17,"column":0},"end":{"line":21,"column":1}},"8":{"start":{"line":18,"column":2},"end":{"line":18,"column":74}},"9":{"start":{"line":20,"column":2},"end":{"line":20,"column":87}},"10":{"start":{"line":23,"column":0},"end":{"line":29,"column":3}},"11":{"start":{"line":24,"column":2},"end":{"line":24,"column":82}},"12":{"start":{"line":26,"column":16},"end":{"line":26,"column":83}},"13":{"start":{"line":28,"column":2},"end":{"line":28,"column":25}},"14":{"start":{"line":30,"column":0},"end":{"line":34,"column":3}},"15":{"start":{"line":31,"column":2},"end":{"line":33,"column":3}},"16":{"start":{"line":32,"column":4},"end":{"line":32,"column":32}},"17":{"start":{"line":35,"column":0},"end":{"line":35,"column":25}},"18":{"start":{"line":36,"column":0},"end":{"line":36,"column":25}},"19":{"start":{"line":37,"column":0},"end":{"line":37,"column":20}}},"fnMap":{"0":{"name":"(anonymous_0)","decl":{"start":{"line":23,"column":33},"end":{"line":23,"column":34}},"loc":{"start":{"line":23,"column":41},"end":{"line":25,"column":1}},"line":23},"1":{"name":"(anonymous_1)","decl":{"start":{"line":25,"column":11},"end":{"line":25,"column":12}},"loc":{"start":{"line":25,"column":19},"end":{"line":29,"column":1}},"line":25},"2":{"name":"(anonymous_2)","decl":{"start":{"line":30,"column":24},"end":{"line":30,"column":25}},"loc":{"start":{"line":30,"column":37},"end":{"line":34,"column":1}},"line":30}},"branchMap":{"0":{"loc":{"start":{"line":10,"column":12},"end":{"line":10,"column":49}},"type":"binary-expr","locations":[{"start":{"line":10,"column":12},"end":{"line":10,"column":32}},{"start":{"line":10,"column":36},"end":{"line":10,"column":49}}],"line":10},"1":{"loc":{"start":{"line":17,"column":0},"end":{"line":21,"column":1}},"type":"if","locations":[{"start":{"line":17,"column":0},"end":{"line":21,"column":1}},{"start":{"line":19,"column":7},"end":{"line":21,"column":1}}],"line":17},"2":{"loc":{"start":{"line":24,"column":9},"end":{"line":24,"column":81}},"type":"binary-expr","locations":[{"start":{"line":24,"column":9},"end":{"line":24,"column":32}},{"start":{"line":24,"column":36},"end":{"line":24,"column":53}},{"start":{"line":24,"column":57},"end":{"line":24,"column":81}}],"line":24},"3":{"loc":{"start":{"line":31,"column":2},"end":{"line":33,"column":3}},"type":"if","locations":[{"start":{"line":31,"column":2},"end":{"line":33,"column":3}},{"start":{},"end":{}}],"line":31}},"s":{"0":1,"1":1,"2":1,"3":1,"4":1,"5":1,"6":1,"7":1,"8":0,"9":1,"10":1,"11":16,"12":15,"13":15,"14":1,"15":15,"16":15,"17":1,"18":1,"19":1},"f":{"0":16,"1":15,"2":15},"b":{"0":[1,0],"1":[0,1],"2":[16,16,15],"3":[15,0]},"_coverageSchema":"1a1c01bbd47fc00a2c39e90264f33305004495a9","hash":"1976c8a52d39ecd24a99ae29344ae6ecece64a56"}
,"C:\\DEV\\game-resume-backend\\build\\models\\origin.js": {"path":"C:\\DEV\\game-resume-backend\\build\\models\\origin.js","statementMap":{"0":{"start":{"line":5,"column":4},"end":{"line":5,"column":24}},"1":{"start":{"line":7,"column":0},"end":{"line":36,"column":2}},"2":{"start":{"line":16,"column":6},"end":{"line":20,"column":9}},"3":{"start":{"line":25,"column":2},"end":{"line":34,"column":5}},"4":{"start":{"line":35,"column":2},"end":{"line":35,"column":16}}},"fnMap":{"0":{"name":"(anonymous_0)","decl":{"start":{"line":7,"column":17},"end":{"line":7,"column":18}},"loc":{"start":{"line":7,"column":43},"end":{"line":36,"column":1}},"line":7},"1":{"name":"(anonymous_1)","decl":{"start":{"line":14,"column":4},"end":{"line":14,"column":5}},"loc":{"start":{"line":14,"column":29},"end":{"line":21,"column":5}},"line":14}},"branchMap":{},"s":{"0":1,"1":1,"2":1,"3":1,"4":1},"f":{"0":1,"1":1},"b":{},"_coverageSchema":"1a1c01bbd47fc00a2c39e90264f33305004495a9","hash":"b20313e5bf84069a75c80f52936d99397ebada68"}
,"C:\\DEV\\game-resume-backend\\build\\models\\playing.js": {"path":"C:\\DEV\\game-resume-backend\\build\\models\\playing.js","statementMap":{"0":{"start":{"line":5,"column":4},"end":{"line":5,"column":24}},"1":{"start":{"line":7,"column":0},"end":{"line":36,"column":2}},"2":{"start":{"line":16,"column":6},"end":{"line":18,"column":9}},"3":{"start":{"line":23,"column":2},"end":{"line":34,"column":5}},"4":{"start":{"line":35,"column":2},"end":{"line":35,"column":17}}},"fnMap":{"0":{"name":"(anonymous_0)","decl":{"start":{"line":7,"column":17},"end":{"line":7,"column":18}},"loc":{"start":{"line":7,"column":43},"end":{"line":36,"column":1}},"line":7},"1":{"name":"(anonymous_1)","decl":{"start":{"line":14,"column":4},"end":{"line":14,"column":5}},"loc":{"start":{"line":14,"column":29},"end":{"line":19,"column":5}},"line":14}},"branchMap":{},"s":{"0":1,"1":1,"2":1,"3":1,"4":1},"f":{"0":1,"1":1},"b":{},"_coverageSchema":"1a1c01bbd47fc00a2c39e90264f33305004495a9","hash":"349eb299dff543e746cbd9a312719d5d11441bb2"}
,"C:\\DEV\\game-resume-backend\\build\\models\\steam.js": {"path":"C:\\DEV\\game-resume-backend\\build\\models\\steam.js","statementMap":{"0":{"start":{"line":5,"column":4},"end":{"line":5,"column":24}},"1":{"start":{"line":7,"column":0},"end":{"line":43,"column":2}},"2":{"start":{"line":16,"column":6},"end":{"line":20,"column":9}},"3":{"start":{"line":21,"column":6},"end":{"line":26,"column":9}},"4":{"start":{"line":31,"column":2},"end":{"line":41,"column":5}},"5":{"start":{"line":42,"column":2},"end":{"line":42,"column":15}}},"fnMap":{"0":{"name":"(anonymous_0)","decl":{"start":{"line":7,"column":17},"end":{"line":7,"column":18}},"loc":{"start":{"line":7,"column":43},"end":{"line":43,"column":1}},"line":7},"1":{"name":"(anonymous_1)","decl":{"start":{"line":14,"column":4},"end":{"line":14,"column":5}},"loc":{"start":{"line":14,"column":29},"end":{"line":27,"column":5}},"line":14}},"branchMap":{},"s":{"0":1,"1":1,"2":1,"3":1,"4":1,"5":1},"f":{"0":1,"1":1},"b":{},"_coverageSchema":"1a1c01bbd47fc00a2c39e90264f33305004495a9","hash":"7dba122de74bb619cda17fa2d90e3dc3db072d70"}
,"C:\\DEV\\game-resume-backend\\build\\models\\system.js": {"path":"C:\\DEV\\game-resume-backend\\build\\models\\system.js","statementMap":{"0":{"start":{"line":5,"column":4},"end":{"line":5,"column":24}},"1":{"start":{"line":7,"column":0},"end":{"line":31,"column":2}},"2":{"start":{"line":16,"column":6},"end":{"line":16,"column":31}},"3":{"start":{"line":21,"column":2},"end":{"line":29,"column":5}},"4":{"start":{"line":30,"column":2},"end":{"line":30,"column":16}}},"fnMap":{"0":{"name":"(anonymous_0)","decl":{"start":{"line":7,"column":17},"end":{"line":7,"column":18}},"loc":{"start":{"line":7,"column":43},"end":{"line":31,"column":1}},"line":7},"1":{"name":"(anonymous_1)","decl":{"start":{"line":14,"column":4},"end":{"line":14,"column":5}},"loc":{"start":{"line":14,"column":29},"end":{"line":17,"column":5}},"line":14}},"branchMap":{},"s":{"0":1,"1":1,"2":1,"3":1,"4":1},"f":{"0":1,"1":1},"b":{},"_coverageSchema":"1a1c01bbd47fc00a2c39e90264f33305004495a9","hash":"5c3b1522e1f016917c45cfe2ffe10df9626bdf3b"}
,"C:\\DEV\\game-resume-backend\\build\\models\\tobuy.js": {"path":"C:\\DEV\\game-resume-backend\\build\\models\\tobuy.js","statementMap":{"0":{"start":{"line":5,"column":4},"end":{"line":5,"column":24}},"1":{"start":{"line":7,"column":0},"end":{"line":32,"column":2}},"2":{"start":{"line":19,"column":2},"end":{"line":30,"column":5}},"3":{"start":{"line":31,"column":2},"end":{"line":31,"column":15}}},"fnMap":{"0":{"name":"(anonymous_0)","decl":{"start":{"line":7,"column":17},"end":{"line":7,"column":18}},"loc":{"start":{"line":7,"column":43},"end":{"line":32,"column":1}},"line":7},"1":{"name":"(anonymous_1)","decl":{"start":{"line":14,"column":4},"end":{"line":14,"column":5}},"loc":{"start":{"line":14,"column":29},"end":{"line":15,"column":5}},"line":14}},"branchMap":{},"s":{"0":1,"1":1,"2":1,"3":1},"f":{"0":1,"1":1},"b":{},"_coverageSchema":"1a1c01bbd47fc00a2c39e90264f33305004495a9","hash":"32f6bb9d68bfbf2d268d6ebc401a1539914841b9"}
,"C:\\DEV\\game-resume-backend\\build\\models\\trash.js": {"path":"C:\\DEV\\game-resume-backend\\build\\models\\trash.js","statementMap":{"0":{"start":{"line":5,"column":4},"end":{"line":5,"column":24}},"1":{"start":{"line":7,"column":0},"end":{"line":31,"column":2}},"2":{"start":{"line":19,"column":2},"end":{"line":29,"column":5}},"3":{"start":{"line":30,"column":2},"end":{"line":30,"column":15}}},"fnMap":{"0":{"name":"(anonymous_0)","decl":{"start":{"line":7,"column":17},"end":{"line":7,"column":18}},"loc":{"start":{"line":7,"column":43},"end":{"line":31,"column":1}},"line":7},"1":{"name":"(anonymous_1)","decl":{"start":{"line":14,"column":4},"end":{"line":14,"column":5}},"loc":{"start":{"line":14,"column":29},"end":{"line":15,"column":5}},"line":14}},"branchMap":{},"s":{"0":1,"1":1,"2":1,"3":1},"f":{"0":1,"1":1},"b":{},"_coverageSchema":"1a1c01bbd47fc00a2c39e90264f33305004495a9","hash":"d0513592867fe9ecf216976e82bcc233b7348ed3"}
,"C:\\DEV\\game-resume-backend\\build\\models\\ubisoft.js": {"path":"C:\\DEV\\game-resume-backend\\build\\models\\ubisoft.js","statementMap":{"0":{"start":{"line":5,"column":4},"end":{"line":5,"column":24}},"1":{"start":{"line":7,"column":0},"end":{"line":36,"column":2}},"2":{"start":{"line":16,"column":6},"end":{"line":20,"column":9}},"3":{"start":{"line":25,"column":2},"end":{"line":34,"column":5}},"4":{"start":{"line":35,"column":2},"end":{"line":35,"column":17}}},"fnMap":{"0":{"name":"(anonymous_0)","decl":{"start":{"line":7,"column":17},"end":{"line":7,"column":18}},"loc":{"start":{"line":7,"column":43},"end":{"line":36,"column":1}},"line":7},"1":{"name":"(anonymous_1)","decl":{"start":{"line":14,"column":4},"end":{"line":14,"column":5}},"loc":{"start":{"line":14,"column":29},"end":{"line":21,"column":5}},"line":14}},"branchMap":{},"s":{"0":1,"1":1,"2":1,"3":1,"4":1},"f":{"0":1,"1":1},"b":{},"_coverageSchema":"1a1c01bbd47fc00a2c39e90264f33305004495a9","hash":"00092940fc930abdf3a54a67f96dd134bfdb53f7"}
,"C:\\DEV\\game-resume-backend\\build\\models\\virtualconsole.js": {"path":"C:\\DEV\\game-resume-backend\\build\\models\\virtualconsole.js","statementMap":{"0":{"start":{"line":5,"column":4},"end":{"line":5,"column":24}},"1":{"start":{"line":7,"column":0},"end":{"line":39,"column":2}},"2":{"start":{"line":16,"column":6},"end":{"line":20,"column":9}},"3":{"start":{"line":25,"column":2},"end":{"line":37,"column":5}},"4":{"start":{"line":38,"column":2},"end":{"line":38,"column":24}}},"fnMap":{"0":{"name":"(anonymous_0)","decl":{"start":{"line":7,"column":17},"end":{"line":7,"column":18}},"loc":{"start":{"line":7,"column":43},"end":{"line":39,"column":1}},"line":7},"1":{"name":"(anonymous_1)","decl":{"start":{"line":14,"column":4},"end":{"line":14,"column":5}},"loc":{"start":{"line":14,"column":29},"end":{"line":21,"column":5}},"line":14}},"branchMap":{},"s":{"0":1,"1":1,"2":1,"3":1,"4":1},"f":{"0":1,"1":1},"b":{},"_coverageSchema":"1a1c01bbd47fc00a2c39e90264f33305004495a9","hash":"5a5154ace7882be6fa8affcf3c53260f04fab875"}
,"C:\\DEV\\game-resume-backend\\build\\models\\wii.js": {"path":"C:\\DEV\\game-resume-backend\\build\\models\\wii.js","statementMap":{"0":{"start":{"line":5,"column":4},"end":{"line":5,"column":24}},"1":{"start":{"line":7,"column":0},"end":{"line":43,"column":2}},"2":{"start":{"line":16,"column":6},"end":{"line":19,"column":9}},"3":{"start":{"line":20,"column":6},"end":{"line":24,"column":9}},"4":{"start":{"line":29,"column":2},"end":{"line":41,"column":5}},"5":{"start":{"line":42,"column":2},"end":{"line":42,"column":13}}},"fnMap":{"0":{"name":"(anonymous_0)","decl":{"start":{"line":7,"column":17},"end":{"line":7,"column":18}},"loc":{"start":{"line":7,"column":43},"end":{"line":43,"column":1}},"line":7},"1":{"name":"(anonymous_1)","decl":{"start":{"line":14,"column":4},"end":{"line":14,"column":5}},"loc":{"start":{"line":14,"column":29},"end":{"line":25,"column":5}},"line":14}},"branchMap":{},"s":{"0":1,"1":1,"2":1,"3":1,"4":1,"5":1},"f":{"0":1,"1":1},"b":{},"_coverageSchema":"1a1c01bbd47fc00a2c39e90264f33305004495a9","hash":"04377ad3623ca18b4183d35ffab5770ef06c533c"}
,"C:\\DEV\\game-resume-backend\\build\\models\\wiiu.js": {"path":"C:\\DEV\\game-resume-backend\\build\\models\\wiiu.js","statementMap":{"0":{"start":{"line":5,"column":4},"end":{"line":5,"column":24}},"1":{"start":{"line":7,"column":0},"end":{"line":39,"column":2}},"2":{"start":{"line":16,"column":6},"end":{"line":20,"column":9}},"3":{"start":{"line":25,"column":2},"end":{"line":37,"column":5}},"4":{"start":{"line":38,"column":2},"end":{"line":38,"column":14}}},"fnMap":{"0":{"name":"(anonymous_0)","decl":{"start":{"line":7,"column":17},"end":{"line":7,"column":18}},"loc":{"start":{"line":7,"column":43},"end":{"line":39,"column":1}},"line":7},"1":{"name":"(anonymous_1)","decl":{"start":{"line":14,"column":4},"end":{"line":14,"column":5}},"loc":{"start":{"line":14,"column":29},"end":{"line":21,"column":5}},"line":14}},"branchMap":{},"s":{"0":1,"1":1,"2":1,"3":1,"4":1},"f":{"0":1,"1":1},"b":{},"_coverageSchema":"1a1c01bbd47fc00a2c39e90264f33305004495a9","hash":"8db52df813ccf81cb438ba3d1e226b7c00decb4f"}
,"C:\\DEV\\game-resume-backend\\build\\schema\\validation_schema.js": {"path":"C:\\DEV\\game-resume-backend\\build\\schema\\validation_schema.js","statementMap":{"0":{"start":{"line":3,"column":0},"end":{"line":5,"column":3}},"1":{"start":{"line":6,"column":0},"end":{"line":6,"column":156}},"2":{"start":{"line":8,"column":12},"end":{"line":8,"column":26}},"3":{"start":{"line":10,"column":24},"end":{"line":14,"column":2}},"4":{"start":{"line":15,"column":0},"end":{"line":15,"column":42}},"5":{"start":{"line":16,"column":20},"end":{"line":25,"column":2}},"6":{"start":{"line":26,"column":0},"end":{"line":26,"column":34}},"7":{"start":{"line":27,"column":21},"end":{"line":34,"column":2}},"8":{"start":{"line":35,"column":0},"end":{"line":35,"column":36}},"9":{"start":{"line":36,"column":30},"end":{"line":42,"column":2}},"10":{"start":{"line":43,"column":0},"end":{"line":43,"column":54}},"11":{"start":{"line":44,"column":19},"end":{"line":50,"column":2}},"12":{"start":{"line":51,"column":0},"end":{"line":51,"column":32}},"13":{"start":{"line":52,"column":23},"end":{"line":58,"column":2}},"14":{"start":{"line":59,"column":0},"end":{"line":59,"column":40}}},"fnMap":{},"branchMap":{},"s":{"0":1,"1":1,"2":1,"3":1,"4":1,"5":1,"6":1,"7":1,"8":1,"9":1,"10":1,"11":1,"12":1,"13":1,"14":1},"f":{},"b":{},"_coverageSchema":"1a1c01bbd47fc00a2c39e90264f33305004495a9","hash":"d3bcfffaf0d856fe53c84de2d1b20dc581c9136b"}
,"C:\\DEV\\game-resume-backend\\src\\_query.js": {"path":"C:\\DEV\\game-resume-backend\\src\\_query.js","statementMap":{"0":{"start":{"line":2,"column":23},"end":{"line":2,"column":43}},"1":{"start":{"line":3,"column":10},"end":{"line":3,"column":27}},"2":{"start":{"line":12,"column":20},"end":{"line":53,"column":1}},"3":{"start":{"line":13,"column":20},"end":{"line":13,"column":81}},"4":{"start":{"line":14,"column":13},"end":{"line":14,"column":15}},"5":{"start":{"line":15,"column":15},"end":{"line":15,"column":17}},"6":{"start":{"line":16,"column":19},"end":{"line":16,"column":21}},"7":{"start":{"line":18,"column":2},"end":{"line":21,"column":5}},"8":{"start":{"line":19,"column":4},"end":{"line":19,"column":33}},"9":{"start":{"line":20,"column":4},"end":{"line":20,"column":37}},"10":{"start":{"line":23,"column":2},"end":{"line":23,"column":28}},"11":{"start":{"line":24,"column":2},"end":{"line":24,"column":22}},"12":{"start":{"line":26,"column":19},"end":{"line":28,"column":3}},"13":{"start":{"line":27,"column":4},"end":{"line":27,"column":60}},"14":{"start":{"line":30,"column":2},"end":{"line":46,"column":5}},"15":{"start":{"line":31,"column":4},"end":{"line":39,"column":7}},"16":{"start":{"line":32,"column":6},"end":{"line":38,"column":7}},"17":{"start":{"line":33,"column":8},"end":{"line":33,"column":34}},"18":{"start":{"line":34,"column":13},"end":{"line":38,"column":7}},"19":{"start":{"line":35,"column":8},"end":{"line":35,"column":48}},"20":{"start":{"line":36,"column":13},"end":{"line":38,"column":7}},"21":{"start":{"line":37,"column":8},"end":{"line":37,"column":27}},"22":{"start":{"line":41,"column":15},"end":{"line":41,"column":42}},"23":{"start":{"line":42,"column":4},"end":{"line":44,"column":5}},"24":{"start":{"line":43,"column":6},"end":{"line":43,"column":46}},"25":{"start":{"line":45,"column":4},"end":{"line":45,"column":23}},"26":{"start":{"line":48,"column":2},"end":{"line":48,"column":58}},"27":{"start":{"line":49,"column":2},"end":{"line":49,"column":60}},"28":{"start":{"line":50,"column":2},"end":{"line":50,"column":63}},"29":{"start":{"line":52,"column":2},"end":{"line":52,"column":68}},"30":{"start":{"line":55,"column":15},"end":{"line":95,"column":1}},"31":{"start":{"line":56,"column":20},"end":{"line":56,"column":81}},"32":{"start":{"line":57,"column":13},"end":{"line":57,"column":15}},"33":{"start":{"line":58,"column":15},"end":{"line":58,"column":17}},"34":{"start":{"line":59,"column":19},"end":{"line":59,"column":21}},"35":{"start":{"line":61,"column":2},"end":{"line":61,"column":31}},"36":{"start":{"line":62,"column":2},"end":{"line":62,"column":35}},"37":{"start":{"line":64,"column":2},"end":{"line":64,"column":28}},"38":{"start":{"line":65,"column":2},"end":{"line":65,"column":22}},"39":{"start":{"line":67,"column":19},"end":{"line":69,"column":3}},"40":{"start":{"line":68,"column":4},"end":{"line":68,"column":60}},"41":{"start":{"line":71,"column":2},"end":{"line":88,"column":5}},"42":{"start":{"line":72,"column":4},"end":{"line":80,"column":7}},"43":{"start":{"line":73,"column":6},"end":{"line":79,"column":7}},"44":{"start":{"line":74,"column":8},"end":{"line":74,"column":34}},"45":{"start":{"line":75,"column":13},"end":{"line":79,"column":7}},"46":{"start":{"line":76,"column":8},"end":{"line":76,"column":48}},"47":{"start":{"line":77,"column":13},"end":{"line":79,"column":7}},"48":{"start":{"line":78,"column":8},"end":{"line":78,"column":27}},"49":{"start":{"line":82,"column":15},"end":{"line":82,"column":42}},"50":{"start":{"line":84,"column":4},"end":{"line":86,"column":5}},"51":{"start":{"line":85,"column":6},"end":{"line":85,"column":46}},"52":{"start":{"line":87,"column":4},"end":{"line":87,"column":23}},"53":{"start":{"line":90,"column":2},"end":{"line":90,"column":58}},"54":{"start":{"line":91,"column":2},"end":{"line":91,"column":60}},"55":{"start":{"line":92,"column":2},"end":{"line":92,"column":63}},"56":{"start":{"line":94,"column":2},"end":{"line":94,"column":68}},"57":{"start":{"line":97,"column":15},"end":{"line":121,"column":1}},"58":{"start":{"line":98,"column":17},"end":{"line":98,"column":21}},"59":{"start":{"line":99,"column":20},"end":{"line":99,"column":79}},"60":{"start":{"line":100,"column":14},"end":{"line":100,"column":16}},"61":{"start":{"line":103,"column":2},"end":{"line":112,"column":5}},"62":{"start":{"line":104,"column":4},"end":{"line":111,"column":5}},"63":{"start":{"line":105,"column":6},"end":{"line":109,"column":7}},"64":{"start":{"line":106,"column":8},"end":{"line":106,"column":26}},"65":{"start":{"line":107,"column":13},"end":{"line":109,"column":7}},"66":{"start":{"line":108,"column":8},"end":{"line":108,"column":40}},"67":{"start":{"line":110,"column":6},"end":{"line":110,"column":30}},"68":{"start":{"line":114,"column":2},"end":{"line":114,"column":31}},"69":{"start":{"line":116,"column":2},"end":{"line":116,"column":58}},"70":{"start":{"line":117,"column":2},"end":{"line":117,"column":59}},"71":{"start":{"line":118,"column":2},"end":{"line":118,"column":48}},"72":{"start":{"line":120,"column":2},"end":{"line":120,"column":68}},"73":{"start":{"line":123,"column":23},"end":{"line":131,"column":1}},"74":{"start":{"line":124,"column":17},"end":{"line":124,"column":21}},"75":{"start":{"line":126,"column":2},"end":{"line":130,"column":3}},"76":{"start":{"line":127,"column":4},"end":{"line":127,"column":47}},"77":{"start":{"line":129,"column":4},"end":{"line":129,"column":47}},"78":{"start":{"line":133,"column":15},"end":{"line":170,"column":1}},"79":{"start":{"line":134,"column":49},"end":{"line":134,"column":56}},"80":{"start":{"line":135,"column":20},"end":{"line":135,"column":52}},"81":{"start":{"line":137,"column":2},"end":{"line":137,"column":58}},"82":{"start":{"line":139,"column":2},"end":{"line":148,"column":3}},"83":{"start":{"line":140,"column":20},"end":{"line":140,"column":22}},"84":{"start":{"line":141,"column":4},"end":{"line":144,"column":7}},"85":{"start":{"line":142,"column":36},"end":{"line":142,"column":37}},"86":{"start":{"line":143,"column":6},"end":{"line":143,"column":62}},"87":{"start":{"line":145,"column":4},"end":{"line":145,"column":70}},"88":{"start":{"line":147,"column":4},"end":{"line":147,"column":55}},"89":{"start":{"line":150,"column":2},"end":{"line":157,"column":3}},"90":{"start":{"line":151,"column":4},"end":{"line":156,"column":7}},"91":{"start":{"line":152,"column":35},"end":{"line":152,"column":36}},"92":{"start":{"line":153,"column":21},"end":{"line":153,"column":34}},"93":{"start":{"line":154,"column":23},"end":{"line":154,"column":43}},"94":{"start":{"line":155,"column":6},"end":{"line":155,"column":90}},"95":{"start":{"line":159,"column":2},"end":{"line":161,"column":3}},"96":{"start":{"line":160,"column":4},"end":{"line":160,"column":50}},"97":{"start":{"line":163,"column":2},"end":{"line":167,"column":3}},"98":{"start":{"line":164,"column":4},"end":{"line":164,"column":67}},"99":{"start":{"line":165,"column":9},"end":{"line":167,"column":3}},"100":{"start":{"line":166,"column":4},"end":{"line":166,"column":50}},"101":{"start":{"line":169,"column":2},"end":{"line":169,"column":68}},"102":{"start":{"line":172,"column":16},"end":{"line":187,"column":1}},"103":{"start":{"line":173,"column":20},"end":{"line":173,"column":74}},"104":{"start":{"line":174,"column":26},"end":{"line":174,"column":33}},"105":{"start":{"line":176,"column":2},"end":{"line":176,"column":58}},"106":{"start":{"line":178,"column":2},"end":{"line":184,"column":3}},"107":{"start":{"line":179,"column":4},"end":{"line":179,"column":68}},"108":{"start":{"line":180,"column":9},"end":{"line":184,"column":3}},"109":{"start":{"line":181,"column":4},"end":{"line":181,"column":63}},"110":{"start":{"line":183,"column":4},"end":{"line":183,"column":64}},"111":{"start":{"line":186,"column":2},"end":{"line":186,"column":68}},"112":{"start":{"line":189,"column":0},"end":{"line":189,"column":82}}},"fnMap":{"0":{"name":"(anonymous_0)","decl":{"start":{"line":12,"column":20},"end":{"line":12,"column":21}},"loc":{"start":{"line":12,"column":62},"end":{"line":53,"column":1}},"line":12},"1":{"name":"(anonymous_1)","decl":{"start":{"line":18,"column":18},"end":{"line":18,"column":19}},"loc":{"start":{"line":18,"column":26},"end":{"line":21,"column":3}},"line":18},"2":{"name":"(anonymous_2)","decl":{"start":{"line":26,"column":19},"end":{"line":26,"column":20}},"loc":{"start":{"line":26,"column":42},"end":{"line":28,"column":3}},"line":26},"3":{"name":"(anonymous_3)","decl":{"start":{"line":30,"column":17},"end":{"line":30,"column":18}},"loc":{"start":{"line":30,"column":30},"end":{"line":46,"column":3}},"line":30},"4":{"name":"(anonymous_4)","decl":{"start":{"line":31,"column":17},"end":{"line":31,"column":18}},"loc":{"start":{"line":31,"column":29},"end":{"line":39,"column":5}},"line":31},"5":{"name":"(anonymous_5)","decl":{"start":{"line":55,"column":15},"end":{"line":55,"column":16}},"loc":{"start":{"line":55,"column":54},"end":{"line":95,"column":1}},"line":55},"6":{"name":"(anonymous_6)","decl":{"start":{"line":67,"column":19},"end":{"line":67,"column":20}},"loc":{"start":{"line":67,"column":42},"end":{"line":69,"column":3}},"line":67},"7":{"name":"(anonymous_7)","decl":{"start":{"line":71,"column":17},"end":{"line":71,"column":18}},"loc":{"start":{"line":71,"column":30},"end":{"line":88,"column":3}},"line":71},"8":{"name":"(anonymous_8)","decl":{"start":{"line":72,"column":17},"end":{"line":72,"column":18}},"loc":{"start":{"line":72,"column":29},"end":{"line":80,"column":5}},"line":72},"9":{"name":"(anonymous_9)","decl":{"start":{"line":97,"column":15},"end":{"line":97,"column":16}},"loc":{"start":{"line":97,"column":54},"end":{"line":121,"column":1}},"line":97},"10":{"name":"(anonymous_10)","decl":{"start":{"line":103,"column":31},"end":{"line":103,"column":32}},"loc":{"start":{"line":103,"column":43},"end":{"line":112,"column":3}},"line":103},"11":{"name":"(anonymous_11)","decl":{"start":{"line":123,"column":23},"end":{"line":123,"column":24}},"loc":{"start":{"line":123,"column":62},"end":{"line":131,"column":1}},"line":123},"12":{"name":"(anonymous_12)","decl":{"start":{"line":133,"column":15},"end":{"line":133,"column":16}},"loc":{"start":{"line":133,"column":57},"end":{"line":170,"column":1}},"line":133},"13":{"name":"(anonymous_13)","decl":{"start":{"line":141,"column":19},"end":{"line":141,"column":20}},"loc":{"start":{"line":141,"column":24},"end":{"line":144,"column":5}},"line":141},"14":{"name":"(anonymous_14)","decl":{"start":{"line":151,"column":17},"end":{"line":151,"column":18}},"loc":{"start":{"line":151,"column":22},"end":{"line":156,"column":5}},"line":151},"15":{"name":"(anonymous_15)","decl":{"start":{"line":172,"column":16},"end":{"line":172,"column":17}},"loc":{"start":{"line":172,"column":58},"end":{"line":187,"column":1}},"line":172}},"branchMap":{"0":{"loc":{"start":{"line":32,"column":6},"end":{"line":38,"column":7}},"type":"if","locations":[{"start":{"line":32,"column":6},"end":{"line":38,"column":7}},{"start":{"line":34,"column":13},"end":{"line":38,"column":7}}],"line":32},"1":{"loc":{"start":{"line":32,"column":10},"end":{"line":32,"column":75}},"type":"binary-expr","locations":[{"start":{"line":32,"column":10},"end":{"line":32,"column":31}},{"start":{"line":32,"column":36},"end":{"line":32,"column":54}},{"start":{"line":32,"column":58},"end":{"line":32,"column":74}}],"line":32},"2":{"loc":{"start":{"line":34,"column":13},"end":{"line":38,"column":7}},"type":"if","locations":[{"start":{"line":34,"column":13},"end":{"line":38,"column":7}},{"start":{"line":36,"column":13},"end":{"line":38,"column":7}}],"line":34},"3":{"loc":{"start":{"line":36,"column":13},"end":{"line":38,"column":7}},"type":"if","locations":[{"start":{"line":36,"column":13},"end":{"line":38,"column":7}},{"start":{},"end":{}}],"line":36},"4":{"loc":{"start":{"line":36,"column":17},"end":{"line":36,"column":44}},"type":"binary-expr","locations":[{"start":{"line":36,"column":17},"end":{"line":36,"column":26}},{"start":{"line":36,"column":30},"end":{"line":36,"column":44}}],"line":36},"5":{"loc":{"start":{"line":42,"column":4},"end":{"line":44,"column":5}},"type":"if","locations":[{"start":{"line":42,"column":4},"end":{"line":44,"column":5}},{"start":{},"end":{}}],"line":42},"6":{"loc":{"start":{"line":42,"column":8},"end":{"line":42,"column":50}},"type":"binary-expr","locations":[{"start":{"line":42,"column":8},"end":{"line":42,"column":25}},{"start":{"line":42,"column":29},"end":{"line":42,"column":50}}],"line":42},"7":{"loc":{"start":{"line":73,"column":6},"end":{"line":79,"column":7}},"type":"if","locations":[{"start":{"line":73,"column":6},"end":{"line":79,"column":7}},{"start":{"line":75,"column":13},"end":{"line":79,"column":7}}],"line":73},"8":{"loc":{"start":{"line":73,"column":10},"end":{"line":73,"column":75}},"type":"binary-expr","locations":[{"start":{"line":73,"column":10},"end":{"line":73,"column":31}},{"start":{"line":73,"column":36},"end":{"line":73,"column":54}},{"start":{"line":73,"column":58},"end":{"line":73,"column":74}}],"line":73},"9":{"loc":{"start":{"line":75,"column":13},"end":{"line":79,"column":7}},"type":"if","locations":[{"start":{"line":75,"column":13},"end":{"line":79,"column":7}},{"start":{"line":77,"column":13},"end":{"line":79,"column":7}}],"line":75},"10":{"loc":{"start":{"line":77,"column":13},"end":{"line":79,"column":7}},"type":"if","locations":[{"start":{"line":77,"column":13},"end":{"line":79,"column":7}},{"start":{},"end":{}}],"line":77},"11":{"loc":{"start":{"line":77,"column":17},"end":{"line":77,"column":44}},"type":"binary-expr","locations":[{"start":{"line":77,"column":17},"end":{"line":77,"column":26}},{"start":{"line":77,"column":30},"end":{"line":77,"column":44}}],"line":77},"12":{"loc":{"start":{"line":84,"column":4},"end":{"line":86,"column":5}},"type":"if","locations":[{"start":{"line":84,"column":4},"end":{"line":86,"column":5}},{"start":{},"end":{}}],"line":84},"13":{"loc":{"start":{"line":84,"column":8},"end":{"line":84,"column":50}},"type":"binary-expr","locations":[{"start":{"line":84,"column":8},"end":{"line":84,"column":25}},{"start":{"line":84,"column":29},"end":{"line":84,"column":50}}],"line":84},"14":{"loc":{"start":{"line":104,"column":4},"end":{"line":111,"column":5}},"type":"if","locations":[{"start":{"line":104,"column":4},"end":{"line":111,"column":5}},{"start":{},"end":{}}],"line":104},"15":{"loc":{"start":{"line":105,"column":6},"end":{"line":109,"column":7}},"type":"if","locations":[{"start":{"line":105,"column":6},"end":{"line":109,"column":7}},{"start":{"line":107,"column":13},"end":{"line":109,"column":7}}],"line":105},"16":{"loc":{"start":{"line":105,"column":10},"end":{"line":105,"column":75}},"type":"binary-expr","locations":[{"start":{"line":105,"column":10},"end":{"line":105,"column":31}},{"start":{"line":105,"column":36},"end":{"line":105,"column":54}},{"start":{"line":105,"column":58},"end":{"line":105,"column":74}}],"line":105},"17":{"loc":{"start":{"line":107,"column":13},"end":{"line":109,"column":7}},"type":"if","locations":[{"start":{"line":107,"column":13},"end":{"line":109,"column":7}},{"start":{},"end":{}}],"line":107},"18":{"loc":{"start":{"line":126,"column":2},"end":{"line":130,"column":3}},"type":"if","locations":[{"start":{"line":126,"column":2},"end":{"line":130,"column":3}},{"start":{"line":128,"column":9},"end":{"line":130,"column":3}}],"line":126},"19":{"loc":{"start":{"line":139,"column":2},"end":{"line":148,"column":3}},"type":"if","locations":[{"start":{"line":139,"column":2},"end":{"line":148,"column":3}},{"start":{"line":146,"column":9},"end":{"line":148,"column":3}}],"line":139},"20":{"loc":{"start":{"line":143,"column":46},"end":{"line":143,"column":58}},"type":"binary-expr","locations":[{"start":{"line":143,"column":46},"end":{"line":143,"column":48}},{"start":{"line":143,"column":52},"end":{"line":143,"column":58}}],"line":143},"21":{"loc":{"start":{"line":150,"column":2},"end":{"line":157,"column":3}},"type":"if","locations":[{"start":{"line":150,"column":2},"end":{"line":157,"column":3}},{"start":{},"end":{}}],"line":150},"22":{"loc":{"start":{"line":154,"column":23},"end":{"line":154,"column":43}},"type":"binary-expr","locations":[{"start":{"line":154,"column":23},"end":{"line":154,"column":27}},{"start":{"line":154,"column":31},"end":{"line":154,"column":43}}],"line":154},"23":{"loc":{"start":{"line":159,"column":2},"end":{"line":161,"column":3}},"type":"if","locations":[{"start":{"line":159,"column":2},"end":{"line":161,"column":3}},{"start":{},"end":{}}],"line":159},"24":{"loc":{"start":{"line":163,"column":2},"end":{"line":167,"column":3}},"type":"if","locations":[{"start":{"line":163,"column":2},"end":{"line":167,"column":3}},{"start":{"line":165,"column":9},"end":{"line":167,"column":3}}],"line":163},"25":{"loc":{"start":{"line":163,"column":6},"end":{"line":163,"column":21}},"type":"binary-expr","locations":[{"start":{"line":163,"column":6},"end":{"line":163,"column":11}},{"start":{"line":163,"column":15},"end":{"line":163,"column":21}}],"line":163},"26":{"loc":{"start":{"line":165,"column":9},"end":{"line":167,"column":3}},"type":"if","locations":[{"start":{"line":165,"column":9},"end":{"line":167,"column":3}},{"start":{},"end":{}}],"line":165},"27":{"loc":{"start":{"line":178,"column":2},"end":{"line":184,"column":3}},"type":"if","locations":[{"start":{"line":178,"column":2},"end":{"line":184,"column":3}},{"start":{"line":180,"column":9},"end":{"line":184,"column":3}}],"line":178},"28":{"loc":{"start":{"line":180,"column":9},"end":{"line":184,"column":3}},"type":"if","locations":[{"start":{"line":180,"column":9},"end":{"line":184,"column":3}},{"start":{"line":182,"column":9},"end":{"line":184,"column":3}}],"line":180}},"s":{"0":2,"1":2,"2":2,"3":0,"4":0,"5":0,"6":0,"7":0,"8":0,"9":0,"10":0,"11":0,"12":0,"13":0,"14":0,"15":0,"16":0,"17":0,"18":0,"19":0,"20":0,"21":0,"22":0,"23":0,"24":0,"25":0,"26":0,"27":0,"28":0,"29":0,"30":2,"31":0,"32":0,"33":0,"34":0,"35":0,"36":0,"37":0,"38":0,"39":0,"40":0,"41":0,"42":0,"43":0,"44":0,"45":0,"46":0,"47":0,"48":0,"49":0,"50":0,"51":0,"52":0,"53":0,"54":0,"55":0,"56":0,"57":2,"58":0,"59":0,"60":0,"61":0,"62":0,"63":0,"64":0,"65":0,"66":0,"67":0,"68":0,"69":0,"70":0,"71":0,"72":0,"73":2,"74":0,"75":0,"76":0,"77":0,"78":2,"79":0,"80":0,"81":0,"82":0,"83":0,"84":0,"85":0,"86":0,"87":0,"88":0,"89":0,"90":0,"91":0,"92":0,"93":0,"94":0,"95":0,"96":0,"97":0,"98":0,"99":0,"100":0,"101":0,"102":2,"103":0,"104":0,"105":0,"106":0,"107":0,"108":0,"109":0,"110":0,"111":0,"112":2},"f":{"0":0,"1":0,"2":0,"3":0,"4":0,"5":0,"6":0,"7":0,"8":0,"9":0,"10":0,"11":0,"12":0,"13":0,"14":0,"15":0},"b":{"0":[0,0],"1":[0,0,0],"2":[0,0],"3":[0,0],"4":[0,0],"5":[0,0],"6":[0,0],"7":[0,0],"8":[0,0,0],"9":[0,0],"10":[0,0],"11":[0,0],"12":[0,0],"13":[0,0],"14":[0,0],"15":[0,0],"16":[0,0,0],"17":[0,0],"18":[0,0],"19":[0,0],"20":[0,0],"21":[0,0],"22":[0,0],"23":[0,0],"24":[0,0],"25":[0,0],"26":[0,0],"27":[0,0],"28":[0,0]},"_coverageSchema":"1a1c01bbd47fc00a2c39e90264f33305004495a9","hash":"ed754c0cab7368ca6da1dcf8bf59dc806fbb72f4"}
,"C:\\DEV\\game-resume-backend\\src\\exportTocsv.js": {"path":"C:\\DEV\\game-resume-backend\\src\\exportTocsv.js","statementMap":{"0":{"start":{"line":1,"column":17},"end":{"line":1,"column":42}},"1":{"start":{"line":2,"column":11},"end":{"line":2,"column":24}},"2":{"start":{"line":3,"column":13},"end":{"line":3,"column":28}},"3":{"start":{"line":5,"column":0},"end":{"line":20,"column":1}},"4":{"start":{"line":6,"column":4},"end":{"line":19,"column":5}},"5":{"start":{"line":7,"column":21},"end":{"line":7,"column":31}},"6":{"start":{"line":8,"column":20},"end":{"line":8,"column":46}},"7":{"start":{"line":9,"column":25},"end":{"line":9,"column":43}},"8":{"start":{"line":10,"column":8},"end":{"line":13,"column":11}},"9":{"start":{"line":11,"column":12},"end":{"line":11,"column":31}},"10":{"start":{"line":11,"column":21},"end":{"line":11,"column":31}},"11":{"start":{"line":12,"column":12},"end":{"line":12,"column":53}},"12":{"start":{"line":15,"column":8},"end":{"line":15,"column":31}},"13":{"start":{"line":18,"column":8},"end":{"line":18,"column":27}}},"fnMap":{"0":{"name":"(anonymous_0)","decl":{"start":{"line":5,"column":23},"end":{"line":5,"column":24}},"loc":{"start":{"line":5,"column":53},"end":{"line":20,"column":1}},"line":5},"1":{"name":"(anonymous_1)","decl":{"start":{"line":10,"column":51},"end":{"line":10,"column":52}},"loc":{"start":{"line":10,"column":66},"end":{"line":13,"column":9}},"line":10}},"branchMap":{"0":{"loc":{"start":{"line":11,"column":12},"end":{"line":11,"column":31}},"type":"if","locations":[{"start":{"line":11,"column":12},"end":{"line":11,"column":31}},{"start":{},"end":{}}],"line":11}},"s":{"0":1,"1":1,"2":1,"3":1,"4":0,"5":0,"6":0,"7":0,"8":0,"9":0,"10":0,"11":0,"12":0,"13":0},"f":{"0":0,"1":0},"b":{"0":[0,0]},"_coverageSchema":"1a1c01bbd47fc00a2c39e90264f33305004495a9","hash":"30d79b2eeb955ea4b5927a1c346a82c800a9567e"}
,"C:\\DEV\\game-resume-backend\\src\\getMessage.js": {"path":"C:\\DEV\\game-resume-backend\\src\\getMessage.js","statementMap":{"0":{"start":{"line":2,"column":2},"end":{"line":2,"column":32}}},"fnMap":{"0":{"name":"getMessage","decl":{"start":{"line":1,"column":24},"end":{"line":1,"column":34}},"loc":{"start":{"line":1,"column":37},"end":{"line":3,"column":1}},"line":1}},"branchMap":{},"s":{"0":0},"f":{"0":0},"b":{},"_coverageSchema":"1a1c01bbd47fc00a2c39e90264f33305004495a9","hash":"4ac56d3cd39b0c49bd8344fd74897b44bfc4e097"}
,"C:\\DEV\\game-resume-backend\\src\\mailer.js": {"path":"C:\\DEV\\game-resume-backend\\src\\mailer.js","statementMap":{"0":{"start":{"line":1,"column":19},"end":{"line":1,"column":40}},"1":{"start":{"line":3,"column":20},"end":{"line":9,"column":2}},"2":{"start":{"line":11,"column":23},"end":{"line":14,"column":1}},"3":{"start":{"line":16,"column":22},"end":{"line":27,"column":1}},"4":{"start":{"line":17,"column":4},"end":{"line":26,"column":6}},"5":{"start":{"line":18,"column":28},"end":{"line":18,"column":61}},"6":{"start":{"line":19,"column":8},"end":{"line":25,"column":10}},"7":{"start":{"line":20,"column":12},"end":{"line":24,"column":13}},"8":{"start":{"line":21,"column":16},"end":{"line":21,"column":30}},"9":{"start":{"line":23,"column":16},"end":{"line":23,"column":30}}},"fnMap":{"0":{"name":"(anonymous_0)","decl":{"start":{"line":16,"column":22},"end":{"line":16,"column":23}},"loc":{"start":{"line":16,"column":33},"end":{"line":27,"column":1}},"line":16},"1":{"name":"(anonymous_1)","decl":{"start":{"line":17,"column":23},"end":{"line":17,"column":24}},"loc":{"start":{"line":17,"column":44},"end":{"line":26,"column":5}},"line":17},"2":{"name":"(anonymous_2)","decl":{"start":{"line":19,"column":42},"end":{"line":19,"column":43}},"loc":{"start":{"line":19,"column":65},"end":{"line":25,"column":9}},"line":19}},"branchMap":{"0":{"loc":{"start":{"line":20,"column":12},"end":{"line":24,"column":13}},"type":"if","locations":[{"start":{"line":20,"column":12},"end":{"line":24,"column":13}},{"start":{"line":22,"column":19},"end":{"line":24,"column":13}}],"line":20}},"s":{"0":1,"1":1,"2":1,"3":1,"4":0,"5":0,"6":0,"7":0,"8":0,"9":0},"f":{"0":0,"1":0,"2":0},"b":{"0":[0,0]},"_coverageSchema":"1a1c01bbd47fc00a2c39e90264f33305004495a9","hash":"822497bbeb8e96f2757af6c9ffa5954e69b1b836"}
,"C:\\DEV\\game-resume-backend\\src\\requests.js": {"path":"C:\\DEV\\game-resume-backend\\src\\requests.js","statementMap":{"0":{"start":{"line":9,"column":23},"end":{"line":9,"column":43}},"1":{"start":{"line":10,"column":15},"end":{"line":10,"column":32}},"2":{"start":{"line":11,"column":12},"end":{"line":11,"column":35}},"3":{"start":{"line":14,"column":19},"end":{"line":14,"column":43}},"4":{"start":{"line":15,"column":12},"end":{"line":15,"column":26}},"5":{"start":{"line":16,"column":13},"end":{"line":16,"column":28}},"6":{"start":{"line":17,"column":18},"end":{"line":17,"column":38}},"7":{"start":{"line":21,"column":14},"end":{"line":21,"column":32}},"8":{"start":{"line":22,"column":11},"end":{"line":22,"column":24}},"9":{"start":{"line":24,"column":24},"end":{"line":1165,"column":1}},"10":{"start":{"line":26,"column":16},"end":{"line":28,"column":5}},"11":{"start":{"line":27,"column":8},"end":{"line":27,"column":71}},"12":{"start":{"line":30,"column":25},"end":{"line":68,"column":5}},"13":{"start":{"line":31,"column":16},"end":{"line":31,"column":18}},"14":{"start":{"line":32,"column":8},"end":{"line":66,"column":9}},"15":{"start":{"line":34,"column":16},"end":{"line":34,"column":106}},"16":{"start":{"line":35,"column":16},"end":{"line":35,"column":22}},"17":{"start":{"line":37,"column":16},"end":{"line":37,"column":107}},"18":{"start":{"line":38,"column":16},"end":{"line":38,"column":22}},"19":{"start":{"line":40,"column":16},"end":{"line":40,"column":108}},"20":{"start":{"line":41,"column":16},"end":{"line":41,"column":22}},"21":{"start":{"line":43,"column":16},"end":{"line":43,"column":109}},"22":{"start":{"line":44,"column":16},"end":{"line":44,"column":22}},"23":{"start":{"line":46,"column":16},"end":{"line":46,"column":104}},"24":{"start":{"line":47,"column":16},"end":{"line":47,"column":22}},"25":{"start":{"line":49,"column":16},"end":{"line":49,"column":105}},"26":{"start":{"line":50,"column":16},"end":{"line":50,"column":22}},"27":{"start":{"line":52,"column":16},"end":{"line":52,"column":71}},"28":{"start":{"line":53,"column":16},"end":{"line":53,"column":22}},"29":{"start":{"line":55,"column":16},"end":{"line":55,"column":66}},"30":{"start":{"line":56,"column":16},"end":{"line":56,"column":22}},"31":{"start":{"line":58,"column":16},"end":{"line":58,"column":86}},"32":{"start":{"line":59,"column":16},"end":{"line":59,"column":22}},"33":{"start":{"line":61,"column":16},"end":{"line":61,"column":87}},"34":{"start":{"line":62,"column":16},"end":{"line":62,"column":22}},"35":{"start":{"line":64,"column":16},"end":{"line":64,"column":30}},"36":{"start":{"line":65,"column":16},"end":{"line":65,"column":22}},"37":{"start":{"line":67,"column":8},"end":{"line":67,"column":17}},"38":{"start":{"line":70,"column":24},"end":{"line":95,"column":5}},"39":{"start":{"line":71,"column":8},"end":{"line":94,"column":9}},"40":{"start":{"line":73,"column":16},"end":{"line":73,"column":30}},"41":{"start":{"line":75,"column":16},"end":{"line":75,"column":30}},"42":{"start":{"line":77,"column":16},"end":{"line":77,"column":30}},"43":{"start":{"line":79,"column":16},"end":{"line":79,"column":30}},"44":{"start":{"line":81,"column":16},"end":{"line":81,"column":31}},"45":{"start":{"line":83,"column":16},"end":{"line":83,"column":30}},"46":{"start":{"line":85,"column":16},"end":{"line":85,"column":30}},"47":{"start":{"line":87,"column":16},"end":{"line":87,"column":39}},"48":{"start":{"line":89,"column":16},"end":{"line":89,"column":29}},"49":{"start":{"line":91,"column":16},"end":{"line":91,"column":32}},"50":{"start":{"line":93,"column":16},"end":{"line":93,"column":28}},"51":{"start":{"line":98,"column":24},"end":{"line":100,"column":5}},"52":{"start":{"line":99,"column":8},"end":{"line":99,"column":57}},"53":{"start":{"line":102,"column":21},"end":{"line":110,"column":5}},"54":{"start":{"line":103,"column":8},"end":{"line":109,"column":9}},"55":{"start":{"line":104,"column":26},"end":{"line":104,"column":49}},"56":{"start":{"line":105,"column":12},"end":{"line":105,"column":52}},"57":{"start":{"line":107,"column":12},"end":{"line":107,"column":32}},"58":{"start":{"line":108,"column":12},"end":{"line":108,"column":84}},"59":{"start":{"line":112,"column":27},"end":{"line":137,"column":5}},"60":{"start":{"line":113,"column":8},"end":{"line":136,"column":9}},"61":{"start":{"line":114,"column":20},"end":{"line":114,"column":22}},"62":{"start":{"line":116,"column":12},"end":{"line":129,"column":13}},"63":{"start":{"line":118,"column":20},"end":{"line":118,"column":76}},"64":{"start":{"line":119,"column":20},"end":{"line":119,"column":26}},"65":{"start":{"line":121,"column":20},"end":{"line":121,"column":67}},"66":{"start":{"line":122,"column":20},"end":{"line":122,"column":26}},"67":{"start":{"line":124,"column":20},"end":{"line":124,"column":92}},"68":{"start":{"line":125,"column":20},"end":{"line":125,"column":26}},"69":{"start":{"line":127,"column":20},"end":{"line":127,"column":34}},"70":{"start":{"line":128,"column":20},"end":{"line":128,"column":26}},"71":{"start":{"line":131,"column":27},"end":{"line":131,"column":83}},"72":{"start":{"line":132,"column":12},"end":{"line":132,"column":54}},"73":{"start":{"line":134,"column":12},"end":{"line":134,"column":32}},"74":{"start":{"line":135,"column":12},"end":{"line":135,"column":84}},"75":{"start":{"line":139,"column":27},"end":{"line":147,"column":5}},"76":{"start":{"line":140,"column":8},"end":{"line":146,"column":9}},"77":{"start":{"line":141,"column":31},"end":{"line":141,"column":86}},"78":{"start":{"line":142,"column":12},"end":{"line":142,"column":62}},"79":{"start":{"line":144,"column":12},"end":{"line":144,"column":32}},"80":{"start":{"line":145,"column":12},"end":{"line":145,"column":84}},"81":{"start":{"line":149,"column":28},"end":{"line":157,"column":5}},"82":{"start":{"line":150,"column":8},"end":{"line":156,"column":9}},"83":{"start":{"line":151,"column":26},"end":{"line":151,"column":103}},"84":{"start":{"line":152,"column":12},"end":{"line":152,"column":52}},"85":{"start":{"line":154,"column":12},"end":{"line":154,"column":32}},"86":{"start":{"line":155,"column":12},"end":{"line":155,"column":84}},"87":{"start":{"line":159,"column":29},"end":{"line":167,"column":5}},"88":{"start":{"line":160,"column":8},"end":{"line":166,"column":9}},"89":{"start":{"line":161,"column":26},"end":{"line":161,"column":103}},"90":{"start":{"line":162,"column":12},"end":{"line":162,"column":52}},"91":{"start":{"line":164,"column":12},"end":{"line":164,"column":32}},"92":{"start":{"line":165,"column":12},"end":{"line":165,"column":84}},"93":{"start":{"line":169,"column":27},"end":{"line":181,"column":5}},"94":{"start":{"line":170,"column":8},"end":{"line":180,"column":9}},"95":{"start":{"line":171,"column":26},"end":{"line":175,"column":14}},"96":{"start":{"line":176,"column":12},"end":{"line":176,"column":52}},"97":{"start":{"line":178,"column":12},"end":{"line":178,"column":32}},"98":{"start":{"line":179,"column":12},"end":{"line":179,"column":84}},"99":{"start":{"line":183,"column":30},"end":{"line":203,"column":5}},"100":{"start":{"line":184,"column":8},"end":{"line":202,"column":9}},"101":{"start":{"line":185,"column":29},"end":{"line":185,"column":60}},"102":{"start":{"line":187,"column":29},"end":{"line":189,"column":14}},"103":{"start":{"line":188,"column":16},"end":{"line":188,"column":176}},"104":{"start":{"line":191,"column":30},"end":{"line":191,"column":57}},"105":{"start":{"line":193,"column":26},"end":{"line":193,"column":67}},"106":{"start":{"line":193,"column":45},"end":{"line":193,"column":66}},"107":{"start":{"line":195,"column":26},"end":{"line":195,"column":78}},"108":{"start":{"line":195,"column":54},"end":{"line":195,"column":77}},"109":{"start":{"line":197,"column":12},"end":{"line":197,"column":25}},"110":{"start":{"line":200,"column":12},"end":{"line":200,"column":32}},"111":{"start":{"line":201,"column":12},"end":{"line":201,"column":21}},"112":{"start":{"line":205,"column":26},"end":{"line":215,"column":5}},"113":{"start":{"line":206,"column":8},"end":{"line":214,"column":9}},"114":{"start":{"line":208,"column":26},"end":{"line":208,"column":51}},"115":{"start":{"line":210,"column":12},"end":{"line":210,"column":52}},"116":{"start":{"line":212,"column":12},"end":{"line":212,"column":32}},"117":{"start":{"line":213,"column":12},"end":{"line":213,"column":84}},"118":{"start":{"line":217,"column":25},"end":{"line":225,"column":5}},"119":{"start":{"line":218,"column":8},"end":{"line":224,"column":9}},"120":{"start":{"line":219,"column":26},"end":{"line":219,"column":127}},"121":{"start":{"line":220,"column":12},"end":{"line":220,"column":52}},"122":{"start":{"line":222,"column":12},"end":{"line":222,"column":32}},"123":{"start":{"line":223,"column":12},"end":{"line":223,"column":84}},"124":{"start":{"line":227,"column":25},"end":{"line":239,"column":5}},"125":{"start":{"line":228,"column":8},"end":{"line":238,"column":9}},"126":{"start":{"line":229,"column":26},"end":{"line":233,"column":14}},"127":{"start":{"line":234,"column":12},"end":{"line":234,"column":52}},"128":{"start":{"line":236,"column":12},"end":{"line":236,"column":32}},"129":{"start":{"line":237,"column":12},"end":{"line":237,"column":84}},"130":{"start":{"line":241,"column":26},"end":{"line":253,"column":5}},"131":{"start":{"line":242,"column":8},"end":{"line":252,"column":9}},"132":{"start":{"line":243,"column":26},"end":{"line":247,"column":14}},"133":{"start":{"line":248,"column":12},"end":{"line":248,"column":52}},"134":{"start":{"line":250,"column":12},"end":{"line":250,"column":32}},"135":{"start":{"line":251,"column":12},"end":{"line":251,"column":84}},"136":{"start":{"line":255,"column":30},"end":{"line":267,"column":5}},"137":{"start":{"line":256,"column":8},"end":{"line":266,"column":9}},"138":{"start":{"line":257,"column":26},"end":{"line":261,"column":14}},"139":{"start":{"line":262,"column":12},"end":{"line":262,"column":52}},"140":{"start":{"line":264,"column":12},"end":{"line":264,"column":32}},"141":{"start":{"line":265,"column":12},"end":{"line":265,"column":84}},"142":{"start":{"line":269,"column":36},"end":{"line":284,"column":5}},"143":{"start":{"line":270,"column":8},"end":{"line":283,"column":9}},"144":{"start":{"line":271,"column":26},"end":{"line":278,"column":14}},"145":{"start":{"line":279,"column":12},"end":{"line":279,"column":52}},"146":{"start":{"line":281,"column":12},"end":{"line":281,"column":32}},"147":{"start":{"line":282,"column":12},"end":{"line":282,"column":84}},"148":{"start":{"line":287,"column":27},"end":{"line":295,"column":5}},"149":{"start":{"line":288,"column":8},"end":{"line":294,"column":9}},"150":{"start":{"line":289,"column":26},"end":{"line":289,"column":79}},"151":{"start":{"line":290,"column":12},"end":{"line":290,"column":52}},"152":{"start":{"line":292,"column":12},"end":{"line":292,"column":32}},"153":{"start":{"line":293,"column":12},"end":{"line":293,"column":84}},"154":{"start":{"line":298,"column":24},"end":{"line":306,"column":5}},"155":{"start":{"line":299,"column":8},"end":{"line":305,"column":9}},"156":{"start":{"line":300,"column":26},"end":{"line":300,"column":130}},"157":{"start":{"line":301,"column":12},"end":{"line":301,"column":52}},"158":{"start":{"line":303,"column":12},"end":{"line":303,"column":32}},"159":{"start":{"line":304,"column":12},"end":{"line":304,"column":84}},"160":{"start":{"line":308,"column":29},"end":{"line":316,"column":5}},"161":{"start":{"line":309,"column":8},"end":{"line":315,"column":9}},"162":{"start":{"line":310,"column":26},"end":{"line":310,"column":135}},"163":{"start":{"line":311,"column":12},"end":{"line":311,"column":52}},"164":{"start":{"line":313,"column":12},"end":{"line":313,"column":32}},"165":{"start":{"line":314,"column":12},"end":{"line":314,"column":84}},"166":{"start":{"line":318,"column":21},"end":{"line":330,"column":5}},"167":{"start":{"line":319,"column":8},"end":{"line":329,"column":9}},"168":{"start":{"line":320,"column":25},"end":{"line":324,"column":14}},"169":{"start":{"line":325,"column":12},"end":{"line":325,"column":51}},"170":{"start":{"line":327,"column":12},"end":{"line":327,"column":32}},"171":{"start":{"line":328,"column":12},"end":{"line":328,"column":84}},"172":{"start":{"line":332,"column":25},"end":{"line":341,"column":5}},"173":{"start":{"line":333,"column":8},"end":{"line":340,"column":9}},"174":{"start":{"line":334,"column":23},"end":{"line":334,"column":35}},"175":{"start":{"line":335,"column":25},"end":{"line":335,"column":64}},"176":{"start":{"line":336,"column":12},"end":{"line":336,"column":51}},"177":{"start":{"line":338,"column":12},"end":{"line":338,"column":32}},"178":{"start":{"line":339,"column":12},"end":{"line":339,"column":84}},"179":{"start":{"line":343,"column":23},"end":{"line":381,"column":5}},"180":{"start":{"line":344,"column":8},"end":{"line":380,"column":9}},"181":{"start":{"line":345,"column":25},"end":{"line":345,"column":39}},"182":{"start":{"line":347,"column":12},"end":{"line":375,"column":13}},"183":{"start":{"line":349,"column":20},"end":{"line":349,"column":125}},"184":{"start":{"line":350,"column":20},"end":{"line":350,"column":53}},"185":{"start":{"line":350,"column":44},"end":{"line":350,"column":52}},"186":{"start":{"line":351,"column":20},"end":{"line":351,"column":52}},"187":{"start":{"line":351,"column":44},"end":{"line":351,"column":51}},"188":{"start":{"line":352,"column":20},"end":{"line":352,"column":46}},"189":{"start":{"line":353,"column":20},"end":{"line":353,"column":26}},"190":{"start":{"line":355,"column":20},"end":{"line":355,"column":134}},"191":{"start":{"line":356,"column":20},"end":{"line":356,"column":53}},"192":{"start":{"line":356,"column":44},"end":{"line":356,"column":52}},"193":{"start":{"line":357,"column":20},"end":{"line":357,"column":52}},"194":{"start":{"line":357,"column":44},"end":{"line":357,"column":51}},"195":{"start":{"line":358,"column":20},"end":{"line":358,"column":55}},"196":{"start":{"line":359,"column":20},"end":{"line":359,"column":26}},"197":{"start":{"line":361,"column":20},"end":{"line":361,"column":136}},"198":{"start":{"line":362,"column":20},"end":{"line":362,"column":53}},"199":{"start":{"line":362,"column":44},"end":{"line":362,"column":52}},"200":{"start":{"line":363,"column":20},"end":{"line":363,"column":57}},"201":{"start":{"line":363,"column":44},"end":{"line":363,"column":56}},"202":{"start":{"line":364,"column":20},"end":{"line":364,"column":54}},"203":{"start":{"line":365,"column":20},"end":{"line":365,"column":26}},"204":{"start":{"line":367,"column":20},"end":{"line":367,"column":145}},"205":{"start":{"line":368,"column":20},"end":{"line":368,"column":53}},"206":{"start":{"line":368,"column":44},"end":{"line":368,"column":52}},"207":{"start":{"line":369,"column":20},"end":{"line":369,"column":57}},"208":{"start":{"line":369,"column":44},"end":{"line":369,"column":56}},"209":{"start":{"line":370,"column":20},"end":{"line":370,"column":57}},"210":{"start":{"line":371,"column":20},"end":{"line":371,"column":26}},"211":{"start":{"line":373,"column":20},"end":{"line":373,"column":50}},"212":{"start":{"line":374,"column":20},"end":{"line":374,"column":26}},"213":{"start":{"line":376,"column":12},"end":{"line":376,"column":68}},"214":{"start":{"line":378,"column":12},"end":{"line":378,"column":32}},"215":{"start":{"line":379,"column":12},"end":{"line":379,"column":84}},"216":{"start":{"line":383,"column":29},"end":{"line":391,"column":5}},"217":{"start":{"line":384,"column":8},"end":{"line":390,"column":9}},"218":{"start":{"line":385,"column":26},"end":{"line":385,"column":81}},"219":{"start":{"line":386,"column":12},"end":{"line":386,"column":52}},"220":{"start":{"line":388,"column":12},"end":{"line":388,"column":32}},"221":{"start":{"line":389,"column":12},"end":{"line":389,"column":84}},"222":{"start":{"line":393,"column":24},"end":{"line":490,"column":5}},"223":{"start":{"line":394,"column":8},"end":{"line":489,"column":9}},"224":{"start":{"line":395,"column":30},"end":{"line":395,"column":44}},"225":{"start":{"line":398,"column":12},"end":{"line":398,"column":81}},"226":{"start":{"line":399,"column":12},"end":{"line":399,"column":69}},"227":{"start":{"line":400,"column":12},"end":{"line":400,"column":78}},"228":{"start":{"line":401,"column":12},"end":{"line":401,"column":77}},"229":{"start":{"line":402,"column":12},"end":{"line":402,"column":81}},"230":{"start":{"line":407,"column":12},"end":{"line":407,"column":29}},"231":{"start":{"line":408,"column":12},"end":{"line":408,"column":37}},"232":{"start":{"line":409,"column":12},"end":{"line":409,"column":43}},"233":{"start":{"line":410,"column":12},"end":{"line":410,"column":39}},"234":{"start":{"line":411,"column":12},"end":{"line":411,"column":45}},"235":{"start":{"line":412,"column":12},"end":{"line":412,"column":51}},"236":{"start":{"line":413,"column":12},"end":{"line":413,"column":36}},"237":{"start":{"line":415,"column":12},"end":{"line":415,"column":43}},"238":{"start":{"line":417,"column":12},"end":{"line":419,"column":13}},"239":{"start":{"line":418,"column":16},"end":{"line":418,"column":55}},"240":{"start":{"line":422,"column":20},"end":{"line":422,"column":22}},"241":{"start":{"line":424,"column":12},"end":{"line":443,"column":13}},"242":{"start":{"line":426,"column":20},"end":{"line":426,"column":149}},"243":{"start":{"line":427,"column":20},"end":{"line":427,"column":26}},"244":{"start":{"line":429,"column":20},"end":{"line":429,"column":128}},"245":{"start":{"line":430,"column":20},"end":{"line":430,"column":26}},"246":{"start":{"line":432,"column":20},"end":{"line":432,"column":120}},"247":{"start":{"line":433,"column":20},"end":{"line":433,"column":26}},"248":{"start":{"line":435,"column":20},"end":{"line":435,"column":114}},"249":{"start":{"line":436,"column":20},"end":{"line":436,"column":26}},"250":{"start":{"line":438,"column":20},"end":{"line":438,"column":118}},"251":{"start":{"line":439,"column":20},"end":{"line":439,"column":26}},"252":{"start":{"line":441,"column":20},"end":{"line":441,"column":58}},"253":{"start":{"line":442,"column":20},"end":{"line":442,"column":26}},"254":{"start":{"line":445,"column":12},"end":{"line":482,"column":13}},"255":{"start":{"line":446,"column":16},"end":{"line":446,"column":58}},"256":{"start":{"line":449,"column":16},"end":{"line":480,"column":17}},"257":{"start":{"line":450,"column":20},"end":{"line":454,"column":21}},"258":{"start":{"line":451,"column":24},"end":{"line":451,"column":206}},"259":{"start":{"line":453,"column":24},"end":{"line":453,"column":177}},"260":{"start":{"line":455,"column":23},"end":{"line":480,"column":17}},"261":{"start":{"line":456,"column":20},"end":{"line":460,"column":21}},"262":{"start":{"line":457,"column":24},"end":{"line":457,"column":195}},"263":{"start":{"line":459,"column":24},"end":{"line":459,"column":166}},"264":{"start":{"line":461,"column":23},"end":{"line":480,"column":17}},"265":{"start":{"line":462,"column":20},"end":{"line":466,"column":21}},"266":{"start":{"line":463,"column":24},"end":{"line":463,"column":194}},"267":{"start":{"line":465,"column":24},"end":{"line":465,"column":163}},"268":{"start":{"line":468,"column":23},"end":{"line":480,"column":17}},"269":{"start":{"line":469,"column":20},"end":{"line":473,"column":21}},"270":{"start":{"line":470,"column":24},"end":{"line":470,"column":193}},"271":{"start":{"line":472,"column":24},"end":{"line":472,"column":163}},"272":{"start":{"line":475,"column":20},"end":{"line":479,"column":21}},"273":{"start":{"line":476,"column":24},"end":{"line":476,"column":258}},"274":{"start":{"line":478,"column":24},"end":{"line":478,"column":229}},"275":{"start":{"line":483,"column":39},"end":{"line":483,"column":95}},"276":{"start":{"line":485,"column":12},"end":{"line":485,"column":93}},"277":{"start":{"line":487,"column":12},"end":{"line":487,"column":32}},"278":{"start":{"line":488,"column":12},"end":{"line":488,"column":84}},"279":{"start":{"line":492,"column":22},"end":{"line":506,"column":5}},"280":{"start":{"line":493,"column":8},"end":{"line":505,"column":9}},"281":{"start":{"line":494,"column":45},"end":{"line":494,"column":53}},"282":{"start":{"line":495,"column":20},"end":{"line":495,"column":141}},"283":{"start":{"line":496,"column":27},"end":{"line":496,"column":83}},"284":{"start":{"line":498,"column":12},"end":{"line":498,"column":83}},"285":{"start":{"line":499,"column":27},"end":{"line":499,"column":83}},"286":{"start":{"line":501,"column":12},"end":{"line":501,"column":53}},"287":{"start":{"line":503,"column":12},"end":{"line":503,"column":32}},"288":{"start":{"line":504,"column":12},"end":{"line":504,"column":84}},"289":{"start":{"line":508,"column":23},"end":{"line":591,"column":5}},"290":{"start":{"line":509,"column":8},"end":{"line":589,"column":9}},"291":{"start":{"line":510,"column":30},"end":{"line":510,"column":44}},"292":{"start":{"line":512,"column":20},"end":{"line":512,"column":22}},"293":{"start":{"line":514,"column":45},"end":{"line":514,"column":53}},"294":{"start":{"line":516,"column":12},"end":{"line":516,"column":42}},"295":{"start":{"line":518,"column":12},"end":{"line":581,"column":13}},"296":{"start":{"line":519,"column":16},"end":{"line":519,"column":55}},"297":{"start":{"line":520,"column":19},"end":{"line":581,"column":13}},"298":{"start":{"line":521,"column":16},"end":{"line":521,"column":58}},"299":{"start":{"line":522,"column":19},"end":{"line":581,"column":13}},"300":{"start":{"line":523,"column":16},"end":{"line":523,"column":52}},"301":{"start":{"line":526,"column":16},"end":{"line":580,"column":17}},"302":{"start":{"line":527,"column":20},"end":{"line":527,"column":66}},"303":{"start":{"line":528,"column":30},"end":{"line":528,"column":86}},"304":{"start":{"line":529,"column":20},"end":{"line":529,"column":90}},"305":{"start":{"line":529,"column":38},"end":{"line":529,"column":90}},"306":{"start":{"line":530,"column":20},"end":{"line":534,"column":21}},"307":{"start":{"line":531,"column":24},"end":{"line":531,"column":129}},"308":{"start":{"line":533,"column":24},"end":{"line":533,"column":123}},"309":{"start":{"line":536,"column":23},"end":{"line":580,"column":17}},"310":{"start":{"line":537,"column":20},"end":{"line":537,"column":62}},"311":{"start":{"line":538,"column":30},"end":{"line":538,"column":86}},"312":{"start":{"line":539,"column":20},"end":{"line":539,"column":86}},"313":{"start":{"line":539,"column":38},"end":{"line":539,"column":86}},"314":{"start":{"line":540,"column":20},"end":{"line":544,"column":21}},"315":{"start":{"line":541,"column":24},"end":{"line":541,"column":125}},"316":{"start":{"line":543,"column":24},"end":{"line":543,"column":119}},"317":{"start":{"line":545,"column":23},"end":{"line":580,"column":17}},"318":{"start":{"line":546,"column":20},"end":{"line":546,"column":64}},"319":{"start":{"line":547,"column":30},"end":{"line":547,"column":86}},"320":{"start":{"line":548,"column":20},"end":{"line":548,"column":88}},"321":{"start":{"line":548,"column":38},"end":{"line":548,"column":88}},"322":{"start":{"line":549,"column":20},"end":{"line":553,"column":21}},"323":{"start":{"line":550,"column":24},"end":{"line":550,"column":127}},"324":{"start":{"line":552,"column":24},"end":{"line":552,"column":121}},"325":{"start":{"line":554,"column":23},"end":{"line":580,"column":17}},"326":{"start":{"line":555,"column":20},"end":{"line":555,"column":73}},"327":{"start":{"line":556,"column":30},"end":{"line":556,"column":86}},"328":{"start":{"line":557,"column":20},"end":{"line":557,"column":97}},"329":{"start":{"line":557,"column":38},"end":{"line":557,"column":97}},"330":{"start":{"line":558,"column":20},"end":{"line":562,"column":21}},"331":{"start":{"line":559,"column":24},"end":{"line":559,"column":136}},"332":{"start":{"line":561,"column":24},"end":{"line":561,"column":130}},"333":{"start":{"line":564,"column":20},"end":{"line":564,"column":88}},"334":{"start":{"line":565,"column":30},"end":{"line":565,"column":86}},"335":{"start":{"line":566,"column":20},"end":{"line":566,"column":108}},"336":{"start":{"line":566,"column":38},"end":{"line":566,"column":108}},"337":{"start":{"line":567,"column":20},"end":{"line":579,"column":21}},"338":{"start":{"line":568,"column":24},"end":{"line":572,"column":25}},"339":{"start":{"line":569,"column":28},"end":{"line":569,"column":141}},"340":{"start":{"line":571,"column":28},"end":{"line":571,"column":133}},"341":{"start":{"line":574,"column":24},"end":{"line":578,"column":25}},"342":{"start":{"line":575,"column":28},"end":{"line":575,"column":135}},"343":{"start":{"line":577,"column":28},"end":{"line":577,"column":127}},"344":{"start":{"line":583,"column":39},"end":{"line":583,"column":95}},"345":{"start":{"line":585,"column":12},"end":{"line":585,"column":58}},"346":{"start":{"line":587,"column":12},"end":{"line":587,"column":32}},"347":{"start":{"line":588,"column":12},"end":{"line":588,"column":84}},"348":{"start":{"line":593,"column":23},"end":{"line":608,"column":5}},"349":{"start":{"line":594,"column":8},"end":{"line":607,"column":9}},"350":{"start":{"line":595,"column":22},"end":{"line":595,"column":37}},"351":{"start":{"line":597,"column":12},"end":{"line":599,"column":13}},"352":{"start":{"line":598,"column":16},"end":{"line":598,"column":59}},"353":{"start":{"line":601,"column":26},"end":{"line":601,"column":145}},"354":{"start":{"line":603,"column":12},"end":{"line":603,"column":52}},"355":{"start":{"line":605,"column":12},"end":{"line":605,"column":32}},"356":{"start":{"line":606,"column":12},"end":{"line":606,"column":84}},"357":{"start":{"line":610,"column":28},"end":{"line":624,"column":5}},"358":{"start":{"line":611,"column":8},"end":{"line":623,"column":9}},"359":{"start":{"line":612,"column":22},"end":{"line":612,"column":37}},"360":{"start":{"line":614,"column":12},"end":{"line":616,"column":13}},"361":{"start":{"line":615,"column":16},"end":{"line":615,"column":59}},"362":{"start":{"line":617,"column":26},"end":{"line":617,"column":198}},"363":{"start":{"line":619,"column":12},"end":{"line":619,"column":52}},"364":{"start":{"line":621,"column":12},"end":{"line":621,"column":32}},"365":{"start":{"line":622,"column":12},"end":{"line":622,"column":84}},"366":{"start":{"line":626,"column":23},"end":{"line":719,"column":5}},"367":{"start":{"line":627,"column":8},"end":{"line":717,"column":9}},"368":{"start":{"line":628,"column":30},"end":{"line":628,"column":44}},"369":{"start":{"line":631,"column":12},"end":{"line":631,"column":29}},"370":{"start":{"line":632,"column":12},"end":{"line":632,"column":37}},"371":{"start":{"line":633,"column":12},"end":{"line":633,"column":57}},"372":{"start":{"line":634,"column":12},"end":{"line":634,"column":41}},"373":{"start":{"line":635,"column":12},"end":{"line":635,"column":78}},"374":{"start":{"line":636,"column":12},"end":{"line":636,"column":45}},"375":{"start":{"line":637,"column":12},"end":{"line":637,"column":39}},"376":{"start":{"line":638,"column":12},"end":{"line":638,"column":49}},"377":{"start":{"line":639,"column":12},"end":{"line":639,"column":37}},"378":{"start":{"line":640,"column":12},"end":{"line":640,"column":43}},"379":{"start":{"line":641,"column":12},"end":{"line":641,"column":51}},"380":{"start":{"line":644,"column":12},"end":{"line":644,"column":42}},"381":{"start":{"line":646,"column":12},"end":{"line":648,"column":13}},"382":{"start":{"line":647,"column":16},"end":{"line":647,"column":55}},"383":{"start":{"line":650,"column":12},"end":{"line":652,"column":13}},"384":{"start":{"line":651,"column":16},"end":{"line":651,"column":49}},"385":{"start":{"line":655,"column":20},"end":{"line":655,"column":22}},"386":{"start":{"line":657,"column":12},"end":{"line":676,"column":13}},"387":{"start":{"line":659,"column":20},"end":{"line":659,"column":149}},"388":{"start":{"line":660,"column":20},"end":{"line":660,"column":26}},"389":{"start":{"line":662,"column":20},"end":{"line":662,"column":115}},"390":{"start":{"line":663,"column":20},"end":{"line":663,"column":26}},"391":{"start":{"line":665,"column":20},"end":{"line":665,"column":120}},"392":{"start":{"line":666,"column":20},"end":{"line":666,"column":26}},"393":{"start":{"line":668,"column":20},"end":{"line":668,"column":101}},"394":{"start":{"line":669,"column":20},"end":{"line":669,"column":26}},"395":{"start":{"line":671,"column":20},"end":{"line":671,"column":83}},"396":{"start":{"line":672,"column":20},"end":{"line":672,"column":26}},"397":{"start":{"line":674,"column":20},"end":{"line":674,"column":58}},"398":{"start":{"line":675,"column":20},"end":{"line":675,"column":26}},"399":{"start":{"line":678,"column":12},"end":{"line":713,"column":13}},"400":{"start":{"line":679,"column":16},"end":{"line":679,"column":57}},"401":{"start":{"line":682,"column":16},"end":{"line":709,"column":17}},"402":{"start":{"line":683,"column":20},"end":{"line":687,"column":21}},"403":{"start":{"line":684,"column":24},"end":{"line":684,"column":286}},"404":{"start":{"line":686,"column":24},"end":{"line":686,"column":274}},"405":{"start":{"line":689,"column":23},"end":{"line":709,"column":17}},"406":{"start":{"line":690,"column":20},"end":{"line":694,"column":21}},"407":{"start":{"line":691,"column":24},"end":{"line":691,"column":226}},"408":{"start":{"line":693,"column":24},"end":{"line":693,"column":214}},"409":{"start":{"line":696,"column":23},"end":{"line":709,"column":17}},"410":{"start":{"line":697,"column":20},"end":{"line":701,"column":21}},"411":{"start":{"line":698,"column":24},"end":{"line":698,"column":214}},"412":{"start":{"line":700,"column":24},"end":{"line":700,"column":202}},"413":{"start":{"line":703,"column":23},"end":{"line":709,"column":17}},"414":{"start":{"line":704,"column":20},"end":{"line":708,"column":21}},"415":{"start":{"line":705,"column":24},"end":{"line":705,"column":206}},"416":{"start":{"line":707,"column":24},"end":{"line":707,"column":196}},"417":{"start":{"line":710,"column":43},"end":{"line":710,"column":99}},"418":{"start":{"line":712,"column":16},"end":{"line":712,"column":62}},"419":{"start":{"line":715,"column":12},"end":{"line":715,"column":32}},"420":{"start":{"line":716,"column":12},"end":{"line":716,"column":84}},"421":{"start":{"line":722,"column":23},"end":{"line":765,"column":5}},"422":{"start":{"line":723,"column":8},"end":{"line":764,"column":9}},"423":{"start":{"line":724,"column":30},"end":{"line":724,"column":44}},"424":{"start":{"line":726,"column":23},"end":{"line":726,"column":34}},"425":{"start":{"line":730,"column":12},"end":{"line":730,"column":42}},"426":{"start":{"line":732,"column":12},"end":{"line":734,"column":13}},"427":{"start":{"line":733,"column":16},"end":{"line":733,"column":56}},"428":{"start":{"line":736,"column":12},"end":{"line":738,"column":13}},"429":{"start":{"line":737,"column":16},"end":{"line":737,"column":53}},"430":{"start":{"line":739,"column":20},"end":{"line":739,"column":22}},"431":{"start":{"line":740,"column":12},"end":{"line":756,"column":13}},"432":{"start":{"line":742,"column":20},"end":{"line":742,"column":66}},"433":{"start":{"line":743,"column":20},"end":{"line":743,"column":26}},"434":{"start":{"line":745,"column":20},"end":{"line":745,"column":62}},"435":{"start":{"line":746,"column":20},"end":{"line":746,"column":26}},"436":{"start":{"line":748,"column":20},"end":{"line":748,"column":64}},"437":{"start":{"line":749,"column":20},"end":{"line":749,"column":26}},"438":{"start":{"line":751,"column":20},"end":{"line":751,"column":73}},"439":{"start":{"line":752,"column":20},"end":{"line":752,"column":26}},"440":{"start":{"line":754,"column":20},"end":{"line":754,"column":64}},"441":{"start":{"line":755,"column":20},"end":{"line":755,"column":26}},"442":{"start":{"line":758,"column":12},"end":{"line":758,"column":69}},"443":{"start":{"line":760,"column":12},"end":{"line":760,"column":53}},"444":{"start":{"line":762,"column":12},"end":{"line":762,"column":32}},"445":{"start":{"line":763,"column":12},"end":{"line":763,"column":84}},"446":{"start":{"line":767,"column":24},"end":{"line":809,"column":5}},"447":{"start":{"line":768,"column":20},"end":{"line":768,"column":35}},"448":{"start":{"line":771,"column":8},"end":{"line":796,"column":9}},"449":{"start":{"line":773,"column":16},"end":{"line":773,"column":75}},"450":{"start":{"line":774,"column":16},"end":{"line":774,"column":22}},"451":{"start":{"line":776,"column":16},"end":{"line":776,"column":70}},"452":{"start":{"line":777,"column":16},"end":{"line":777,"column":22}},"453":{"start":{"line":779,"column":16},"end":{"line":779,"column":71}},"454":{"start":{"line":780,"column":16},"end":{"line":780,"column":22}},"455":{"start":{"line":782,"column":16},"end":{"line":782,"column":73}},"456":{"start":{"line":783,"column":16},"end":{"line":783,"column":22}},"457":{"start":{"line":785,"column":16},"end":{"line":785,"column":72}},"458":{"start":{"line":786,"column":16},"end":{"line":786,"column":22}},"459":{"start":{"line":788,"column":16},"end":{"line":788,"column":74}},"460":{"start":{"line":789,"column":16},"end":{"line":789,"column":22}},"461":{"start":{"line":791,"column":16},"end":{"line":791,"column":89}},"462":{"start":{"line":792,"column":16},"end":{"line":792,"column":22}},"463":{"start":{"line":794,"column":16},"end":{"line":794,"column":50}},"464":{"start":{"line":795,"column":16},"end":{"line":795,"column":22}},"465":{"start":{"line":798,"column":8},"end":{"line":808,"column":9}},"466":{"start":{"line":799,"column":25},"end":{"line":799,"column":83}},"467":{"start":{"line":800,"column":36},"end":{"line":800,"column":84}},"468":{"start":{"line":801,"column":12},"end":{"line":801,"column":51}},"469":{"start":{"line":802,"column":12},"end":{"line":802,"column":37}},"470":{"start":{"line":803,"column":12},"end":{"line":803,"column":38}},"471":{"start":{"line":806,"column":12},"end":{"line":806,"column":32}},"472":{"start":{"line":807,"column":12},"end":{"line":807,"column":84}},"473":{"start":{"line":811,"column":24},"end":{"line":831,"column":5}},"474":{"start":{"line":812,"column":19},"end":{"line":812,"column":33}},"475":{"start":{"line":814,"column":24},"end":{"line":814,"column":48}},"476":{"start":{"line":815,"column":21},"end":{"line":815,"column":44}},"477":{"start":{"line":817,"column":8},"end":{"line":819,"column":10}},"478":{"start":{"line":821,"column":20},"end":{"line":824,"column":10}},"479":{"start":{"line":826,"column":8},"end":{"line":826,"column":29}},"480":{"start":{"line":828,"column":8},"end":{"line":828,"column":43}},"481":{"start":{"line":830,"column":8},"end":{"line":830,"column":28}},"482":{"start":{"line":833,"column":23},"end":{"line":848,"column":5}},"483":{"start":{"line":834,"column":18},"end":{"line":834,"column":46}},"484":{"start":{"line":836,"column":20},"end":{"line":836,"column":76}},"485":{"start":{"line":837,"column":8},"end":{"line":839,"column":10}},"486":{"start":{"line":838,"column":12},"end":{"line":838,"column":81}},"487":{"start":{"line":840,"column":25},"end":{"line":840,"column":59}},"488":{"start":{"line":841,"column":8},"end":{"line":847,"column":10}},"489":{"start":{"line":842,"column":12},"end":{"line":844,"column":13}},"490":{"start":{"line":843,"column":16},"end":{"line":843,"column":61}},"491":{"start":{"line":846,"column":12},"end":{"line":846,"column":33}},"492":{"start":{"line":849,"column":24},"end":{"line":854,"column":5}},"493":{"start":{"line":850,"column":18},"end":{"line":850,"column":46}},"494":{"start":{"line":852,"column":20},"end":{"line":852,"column":76}},"495":{"start":{"line":853,"column":8},"end":{"line":853,"column":37}},"496":{"start":{"line":856,"column":27},"end":{"line":860,"column":5}},"497":{"start":{"line":857,"column":35},"end":{"line":857,"column":43}},"498":{"start":{"line":858,"column":25},"end":{"line":858,"column":69}},"499":{"start":{"line":859,"column":8},"end":{"line":859,"column":54}},"500":{"start":{"line":862,"column":27},"end":{"line":867,"column":5}},"501":{"start":{"line":863,"column":39},"end":{"line":863,"column":47}},"502":{"start":{"line":864,"column":23},"end":{"line":864,"column":86}},"503":{"start":{"line":865,"column":25},"end":{"line":865,"column":69}},"504":{"start":{"line":866,"column":8},"end":{"line":866,"column":54}},"505":{"start":{"line":869,"column":32},"end":{"line":924,"column":5}},"506":{"start":{"line
[...]
,"C:\\DEV\\game-resume-backend\\src\\composable_resolver\\verify-token-resolver.js": {"path":"C:\\DEV\\game-resume-backend\\src\\composable_resolver\\verify-token-resolver.js","statementMap":{"0":{"start":{"line":3,"column":35},"end":{"line":16,"column":1}},"1":{"start":{"line":4,"column":4},"end":{"line":15,"column":5}},"2":{"start":{"line":5,"column":22},"end":{"line":5,"column":93}},"3":{"start":{"line":7,"column":8},"end":{"line":13,"column":10}},"4":{"start":{"line":8,"column":12},"end":{"line":12,"column":13}},"5":{"start":{"line":9,"column":16},"end":{"line":9,"column":60}},"6":{"start":{"line":11,"column":16},"end":{"line":11,"column":62}}},"fnMap":{"0":{"name":"(anonymous_0)","decl":{"start":{"line":3,"column":35},"end":{"line":3,"column":36}},"loc":{"start":{"line":3,"column":47},"end":{"line":16,"column":1}},"line":3},"1":{"name":"(anonymous_1)","decl":{"start":{"line":4,"column":11},"end":{"line":4,"column":12}},"loc":{"start":{"line":4,"column":44},"end":{"line":15,"column":5}},"line":4},"2":{"name":"(anonymous_2)","decl":{"start":{"line":7,"column":53},"end":{"line":7,"column":54}},"loc":{"start":{"line":7,"column":71},"end":{"line":13,"column":9}},"line":7}},"branchMap":{"0":{"loc":{"start":{"line":5,"column":22},"end":{"line":5,"column":93}},"type":"cond-expr","locations":[{"start":{"line":5,"column":46},"end":{"line":5,"column":81}},{"start":{"line":5,"column":84},"end":{"line":5,"column":93}}],"line":5},"1":{"loc":{"start":{"line":8,"column":12},"end":{"line":12,"column":13}},"type":"if","locations":[{"start":{"line":8,"column":12},"end":{"line":12,"column":13}},{"start":{"line":10,"column":19},"end":{"line":12,"column":13}}],"line":8}},"s":{"0":1,"1":25,"2":0,"3":0,"4":0,"5":0,"6":0},"f":{"0":25,"1":0,"2":0},"b":{"0":[0,0],"1":[0,0]},"_coverageSchema":"1a1c01bbd47fc00a2c39e90264f33305004495a9","hash":"48cf16dbe71312215c8a6127446047ee94092c76"}
,"C:\\DEV\\game-resume-backend\\src\\models\\category.js": {"path":"C:\\DEV\\game-resume-backend\\src\\models\\category.js","statementMap":{"0":{"start":{"line":4,"column":4},"end":{"line":4,"column":24}},"1":{"start":{"line":5,"column":0},"end":{"line":27,"column":2}},"2":{"start":{"line":14,"column":6},"end":{"line":14,"column":139}},"3":{"start":{"line":17,"column":2},"end":{"line":25,"column":5}},"4":{"start":{"line":26,"column":2},"end":{"line":26,"column":18}}},"fnMap":{"0":{"name":"(anonymous_0)","decl":{"start":{"line":5,"column":17},"end":{"line":5,"column":18}},"loc":{"start":{"line":5,"column":43},"end":{"line":27,"column":1}},"line":5},"1":{"name":"(anonymous_1)","decl":{"start":{"line":12,"column":4},"end":{"line":12,"column":5}},"loc":{"start":{"line":12,"column":29},"end":{"line":15,"column":5}},"line":12}},"branchMap":{},"s":{"0":4,"1":4,"2":4,"3":4,"4":4},"f":{"0":4,"1":4},"b":{},"_coverageSchema":"1a1c01bbd47fc00a2c39e90264f33305004495a9","hash":"3f57421e39a64d0d4e38e259b128acb5954ad73a"}
,"C:\\DEV\\game-resume-backend\\src\\models\\codeandtip.js": {"path":"C:\\DEV\\game-resume-backend\\src\\models\\codeandtip.js","statementMap":{"0":{"start":{"line":4,"column":4},"end":{"line":4,"column":24}},"1":{"start":{"line":5,"column":0},"end":{"line":27,"column":2}},"2":{"start":{"line":14,"column":6},"end":{"line":14,"column":57}},"3":{"start":{"line":17,"column":2},"end":{"line":25,"column":5}},"4":{"start":{"line":26,"column":2},"end":{"line":26,"column":20}}},"fnMap":{"0":{"name":"(anonymous_0)","decl":{"start":{"line":5,"column":17},"end":{"line":5,"column":18}},"loc":{"start":{"line":5,"column":43},"end":{"line":27,"column":1}},"line":5},"1":{"name":"(anonymous_1)","decl":{"start":{"line":12,"column":4},"end":{"line":12,"column":5}},"loc":{"start":{"line":12,"column":29},"end":{"line":15,"column":5}},"line":12}},"branchMap":{},"s":{"0":4,"1":4,"2":4,"3":4,"4":4},"f":{"0":4,"1":4},"b":{},"_coverageSchema":"1a1c01bbd47fc00a2c39e90264f33305004495a9","hash":"5c0a4cf4a8692fb31f8538b498b1b59e30fac6c0"}
,"C:\\DEV\\game-resume-backend\\src\\models\\dlc.js": {"path":"C:\\DEV\\game-resume-backend\\src\\models\\dlc.js","statementMap":{"0":{"start":{"line":4,"column":4},"end":{"line":4,"column":24}},"1":{"start":{"line":5,"column":0},"end":{"line":30,"column":2}},"2":{"start":{"line":14,"column":6},"end":{"line":14,"column":76}},"3":{"start":{"line":17,"column":2},"end":{"line":28,"column":5}},"4":{"start":{"line":29,"column":2},"end":{"line":29,"column":13}}},"fnMap":{"0":{"name":"(anonymous_0)","decl":{"start":{"line":5,"column":17},"end":{"line":5,"column":18}},"loc":{"start":{"line":5,"column":43},"end":{"line":30,"column":1}},"line":5},"1":{"name":"(anonymous_1)","decl":{"start":{"line":12,"column":4},"end":{"line":12,"column":5}},"loc":{"start":{"line":12,"column":29},"end":{"line":15,"column":5}},"line":12}},"branchMap":{},"s":{"0":4,"1":4,"2":4,"3":4,"4":4},"f":{"0":4,"1":4},"b":{},"_coverageSchema":"1a1c01bbd47fc00a2c39e90264f33305004495a9","hash":"4cd758848ff514c1ee32b8c32b6da285fcf86d0b"}
,"C:\\DEV\\game-resume-backend\\src\\models\\game.js": {"path":"C:\\DEV\\game-resume-backend\\src\\models\\game.js","statementMap":{"0":{"start":{"line":4,"column":4},"end":{"line":4,"column":24}},"1":{"start":{"line":5,"column":0},"end":{"line":37,"column":2}},"2":{"start":{"line":14,"column":6},"end":{"line":14,"column":81}},"3":{"start":{"line":15,"column":6},"end":{"line":15,"column":79}},"4":{"start":{"line":16,"column":6},"end":{"line":16,"column":35}},"5":{"start":{"line":17,"column":6},"end":{"line":17,"column":89}},"6":{"start":{"line":18,"column":6},"end":{"line":18,"column":134}},"7":{"start":{"line":21,"column":2},"end":{"line":35,"column":5}},"8":{"start":{"line":36,"column":2},"end":{"line":36,"column":14}}},"fnMap":{"0":{"name":"(anonymous_0)","decl":{"start":{"line":5,"column":17},"end":{"line":5,"column":18}},"loc":{"start":{"line":5,"column":43},"end":{"line":37,"column":1}},"line":5},"1":{"name":"(anonymous_1)","decl":{"start":{"line":12,"column":4},"end":{"line":12,"column":5}},"loc":{"start":{"line":12,"column":29},"end":{"line":19,"column":5}},"line":12}},"branchMap":{},"s":{"0":4,"1":4,"2":4,"3":4,"4":4,"5":4,"6":4,"7":4,"8":4},"f":{"0":4,"1":4},"b":{},"_coverageSchema":"1a1c01bbd47fc00a2c39e90264f33305004495a9","hash":"bbc56963e4b3ba8e2cdbc0d4b23b350b98604e99"}
,"C:\\DEV\\game-resume-backend\\src\\models\\index.js": {"path":"C:\\DEV\\game-resume-backend\\src\\models\\index.js","statementMap":{"0":{"start":{"line":3,"column":11},"end":{"line":3,"column":24}},"1":{"start":{"line":4,"column":13},"end":{"line":4,"column":28}},"2":{"start":{"line":5,"column":18},"end":{"line":5,"column":38}},"3":{"start":{"line":6,"column":17},"end":{"line":6,"column":42}},"4":{"start":{"line":7,"column":12},"end":{"line":7,"column":49}},"5":{"start":{"line":8,"column":15},"end":{"line":8,"column":65}},"6":{"start":{"line":9,"column":11},"end":{"line":9,"column":13}},"7":{"start":{"line":12,"column":0},"end":{"line":16,"column":1}},"8":{"start":{"line":13,"column":2},"end":{"line":13,"column":74}},"9":{"start":{"line":15,"column":2},"end":{"line":15,"column":87}},"10":{"start":{"line":18,"column":0},"end":{"line":26,"column":5}},"11":{"start":{"line":21,"column":4},"end":{"line":21,"column":90}},"12":{"start":{"line":24,"column":18},"end":{"line":24,"column":85}},"13":{"start":{"line":25,"column":4},"end":{"line":25,"column":27}},"14":{"start":{"line":28,"column":0},"end":{"line":32,"column":3}},"15":{"start":{"line":29,"column":2},"end":{"line":31,"column":3}},"16":{"start":{"line":30,"column":4},"end":{"line":30,"column":32}},"17":{"start":{"line":34,"column":0},"end":{"line":34,"column":25}},"18":{"start":{"line":35,"column":0},"end":{"line":35,"column":25}},"19":{"start":{"line":37,"column":0},"end":{"line":37,"column":20}}},"fnMap":{"0":{"name":"(anonymous_0)","decl":{"start":{"line":20,"column":10},"end":{"line":20,"column":11}},"loc":{"start":{"line":20,"column":18},"end":{"line":22,"column":3}},"line":20},"1":{"name":"(anonymous_1)","decl":{"start":{"line":23,"column":11},"end":{"line":23,"column":12}},"loc":{"start":{"line":23,"column":19},"end":{"line":26,"column":3}},"line":23},"2":{"name":"(anonymous_2)","decl":{"start":{"line":28,"column":24},"end":{"line":28,"column":25}},"loc":{"start":{"line":28,"column":37},"end":{"line":32,"column":1}},"line":28}},"branchMap":{"0":{"loc":{"start":{"line":7,"column":12},"end":{"line":7,"column":49}},"type":"binary-expr","locations":[{"start":{"line":7,"column":12},"end":{"line":7,"column":32}},{"start":{"line":7,"column":36},"end":{"line":7,"column":49}}],"line":7},"1":{"loc":{"start":{"line":12,"column":0},"end":{"line":16,"column":1}},"type":"if","locations":[{"start":{"line":12,"column":0},"end":{"line":16,"column":1}},{"start":{"line":14,"column":7},"end":{"line":16,"column":1}}],"line":12},"2":{"loc":{"start":{"line":21,"column":11},"end":{"line":21,"column":89}},"type":"binary-expr","locations":[{"start":{"line":21,"column":12},"end":{"line":21,"column":35}},{"start":{"line":21,"column":41},"end":{"line":21,"column":58}},{"start":{"line":21,"column":64},"end":{"line":21,"column":88}}],"line":21},"3":{"loc":{"start":{"line":29,"column":2},"end":{"line":31,"column":3}},"type":"if","locations":[{"start":{"line":29,"column":2},"end":{"line":31,"column":3}},{"start":{},"end":{}}],"line":29}},"s":{"0":4,"1":4,"2":4,"3":4,"4":4,"5":4,"6":4,"7":4,"8":0,"9":4,"10":4,"11":44,"12":40,"13":40,"14":4,"15":40,"16":40,"17":4,"18":4,"19":4},"f":{"0":44,"1":40,"2":40},"b":{"0":[4,0],"1":[0,4],"2":[44,44,40],"3":[40,0]},"_coverageSchema":"1a1c01bbd47fc00a2c39e90264f33305004495a9","hash":"417a4397e40505cf68231d81265d2f93e146fc85"}
,"C:\\DEV\\game-resume-backend\\src\\models\\playing.js": {"path":"C:\\DEV\\game-resume-backend\\src\\models\\playing.js","statementMap":{"0":{"start":{"line":4,"column":4},"end":{"line":4,"column":24}},"1":{"start":{"line":5,"column":0},"end":{"line":30,"column":2}},"2":{"start":{"line":14,"column":6},"end":{"line":14,"column":57}},"3":{"start":{"line":17,"column":2},"end":{"line":28,"column":5}},"4":{"start":{"line":29,"column":2},"end":{"line":29,"column":17}}},"fnMap":{"0":{"name":"(anonymous_0)","decl":{"start":{"line":5,"column":17},"end":{"line":5,"column":18}},"loc":{"start":{"line":5,"column":43},"end":{"line":30,"column":1}},"line":5},"1":{"name":"(anonymous_1)","decl":{"start":{"line":12,"column":4},"end":{"line":12,"column":5}},"loc":{"start":{"line":12,"column":29},"end":{"line":15,"column":5}},"line":12}},"branchMap":{},"s":{"0":4,"1":4,"2":4,"3":4,"4":4},"f":{"0":4,"1":4},"b":{},"_coverageSchema":"1a1c01bbd47fc00a2c39e90264f33305004495a9","hash":"1336122cb9781b5f73d547b991b580d25e0916be"}
,"C:\\DEV\\game-resume-backend\\src\\models\\system.js": {"path":"C:\\DEV\\game-resume-backend\\src\\models\\system.js","statementMap":{"0":{"start":{"line":4,"column":4},"end":{"line":4,"column":24}},"1":{"start":{"line":5,"column":0},"end":{"line":27,"column":2}},"2":{"start":{"line":14,"column":6},"end":{"line":14,"column":30}},"3":{"start":{"line":17,"column":2},"end":{"line":25,"column":5}},"4":{"start":{"line":26,"column":2},"end":{"line":26,"column":16}}},"fnMap":{"0":{"name":"(anonymous_0)","decl":{"start":{"line":5,"column":17},"end":{"line":5,"column":18}},"loc":{"start":{"line":5,"column":43},"end":{"line":27,"column":1}},"line":5},"1":{"name":"(anonymous_1)","decl":{"start":{"line":12,"column":4},"end":{"line":12,"column":5}},"loc":{"start":{"line":12,"column":29},"end":{"line":15,"column":5}},"line":12}},"branchMap":{},"s":{"0":4,"1":4,"2":4,"3":4,"4":4},"f":{"0":4,"1":4},"b":{},"_coverageSchema":"1a1c01bbd47fc00a2c39e90264f33305004495a9","hash":"da3a738bf43238b737bdef37fef375ba11a73649"}
,"C:\\DEV\\game-resume-backend\\src\\models\\tobuy.js": {"path":"C:\\DEV\\game-resume-backend\\src\\models\\tobuy.js","statementMap":{"0":{"start":{"line":4,"column":4},"end":{"line":4,"column":24}},"1":{"start":{"line":5,"column":0},"end":{"line":29,"column":2}},"2":{"start":{"line":16,"column":2},"end":{"line":27,"column":5}},"3":{"start":{"line":28,"column":2},"end":{"line":28,"column":15}}},"fnMap":{"0":{"name":"(anonymous_0)","decl":{"start":{"line":5,"column":17},"end":{"line":5,"column":18}},"loc":{"start":{"line":5,"column":43},"end":{"line":29,"column":1}},"line":5},"1":{"name":"(anonymous_1)","decl":{"start":{"line":12,"column":4},"end":{"line":12,"column":5}},"loc":{"start":{"line":12,"column":29},"end":{"line":14,"column":5}},"line":12}},"branchMap":{},"s":{"0":4,"1":4,"2":4,"3":4},"f":{"0":4,"1":4},"b":{},"_coverageSchema":"1a1c01bbd47fc00a2c39e90264f33305004495a9","hash":"16627e641a52b9fb7d3f16fc4dfe32a20ae4e9d5"}
,"C:\\DEV\\game-resume-backend\\src\\models\\trash.js": {"path":"C:\\DEV\\game-resume-backend\\src\\models\\trash.js","statementMap":{"0":{"start":{"line":4,"column":4},"end":{"line":4,"column":24}},"1":{"start":{"line":5,"column":0},"end":{"line":28,"column":2}},"2":{"start":{"line":16,"column":2},"end":{"line":26,"column":5}},"3":{"start":{"line":27,"column":2},"end":{"line":27,"column":15}}},"fnMap":{"0":{"name":"(anonymous_0)","decl":{"start":{"line":5,"column":17},"end":{"line":5,"column":18}},"loc":{"start":{"line":5,"column":43},"end":{"line":28,"column":1}},"line":5},"1":{"name":"(anonymous_1)","decl":{"start":{"line":12,"column":4},"end":{"line":12,"column":5}},"loc":{"start":{"line":12,"column":29},"end":{"line":14,"column":5}},"line":12}},"branchMap":{},"s":{"0":4,"1":4,"2":4,"3":4},"f":{"0":4,"1":4},"b":{},"_coverageSchema":"1a1c01bbd47fc00a2c39e90264f33305004495a9","hash":"8a093f94e404d46720d18b80d567243c8b5f6676"}
,"C:\\DEV\\game-resume-backend\\src\\models\\user.js": {"path":"C:\\DEV\\game-resume-backend\\src\\models\\user.js","statementMap":{"0":{"start":{"line":2,"column":18},"end":{"line":2,"column":38}},"1":{"start":{"line":4,"column":15},"end":{"line":4,"column":32}},"2":{"start":{"line":5,"column":19},"end":{"line":5,"column":21}},"3":{"start":{"line":7,"column":0},"end":{"line":38,"column":2}},"4":{"start":{"line":18,"column":2},"end":{"line":29,"column":5}},"5":{"start":{"line":31,"column":2},"end":{"line":35,"column":5}},"6":{"start":{"line":32,"column":17},"end":{"line":32,"column":47}},"7":{"start":{"line":33,"column":27},"end":{"line":33,"column":63}},"8":{"start":{"line":34,"column":4},"end":{"line":34,"column":35}},"9":{"start":{"line":37,"column":2},"end":{"line":37,"column":14}}},"fnMap":{"0":{"name":"(anonymous_0)","decl":{"start":{"line":7,"column":17},"end":{"line":7,"column":18}},"loc":{"start":{"line":7,"column":43},"end":{"line":38,"column":1}},"line":7},"1":{"name":"(anonymous_1)","decl":{"start":{"line":14,"column":4},"end":{"line":14,"column":5}},"loc":{"start":{"line":14,"column":29},"end":{"line":16,"column":5}},"line":14},"2":{"name":"(anonymous_2)","decl":{"start":{"line":31,"column":20},"end":{"line":31,"column":21}},"loc":{"start":{"line":31,"column":45},"end":{"line":35,"column":3}},"line":31}},"branchMap":{},"s":{"0":4,"1":4,"2":4,"3":4,"4":4,"5":4,"6":0,"7":0,"8":0,"9":4},"f":{"0":4,"1":4,"2":0},"b":{},"_coverageSchema":"1a1c01bbd47fc00a2c39e90264f33305004495a9","hash":"2c59798d4ae73baa1e08a371dc1f288b6bf706df"}
,"C:\\DEV\\game-resume-backend\\src\\models\\virtualconsole.js": {"path":"C:\\DEV\\game-resume-backend\\src\\models\\virtualconsole.js","statementMap":{"0":{"start":{"line":4,"column":4},"end":{"line":4,"column":24}},"1":{"start":{"line":5,"column":0},"end":{"line":31,"column":2}},"2":{"start":{"line":14,"column":6},"end":{"line":14,"column":117}},"3":{"start":{"line":17,"column":2},"end":{"line":29,"column":5}},"4":{"start":{"line":30,"column":2},"end":{"line":30,"column":24}}},"fnMap":{"0":{"name":"(anonymous_0)","decl":{"start":{"line":5,"column":17},"end":{"line":5,"column":18}},"loc":{"start":{"line":5,"column":43},"end":{"line":31,"column":1}},"line":5},"1":{"name":"(anonymous_1)","decl":{"start":{"line":12,"column":4},"end":{"line":12,"column":5}},"loc":{"start":{"line":12,"column":29},"end":{"line":15,"column":5}},"line":12}},"branchMap":{},"s":{"0":4,"1":4,"2":4,"3":4,"4":4},"f":{"0":4,"1":4},"b":{},"_coverageSchema":"1a1c01bbd47fc00a2c39e90264f33305004495a9","hash":"9ac606de575189a0a211ddaa6ff525975654e2d3"}
,"C:\\DEV\\game-resume-backend\\src\\schema\\validation_schema.js": {"path":"C:\\DEV\\game-resume-backend\\src\\schema\\validation_schema.js","statementMap":{"0":{"start":{"line":1,"column":12},"end":{"line":1,"column":26}},"1":{"start":{"line":3,"column":31},"end":{"line":16,"column":2}},"2":{"start":{"line":18,"column":27},"end":{"line":41,"column":2}},"3":{"start":{"line":43,"column":28},"end":{"line":59,"column":2}},"4":{"start":{"line":61,"column":37},"end":{"line":76,"column":2}},"5":{"start":{"line":78,"column":26},"end":{"line":93,"column":2}},"6":{"start":{"line":95,"column":30},"end":{"line":111,"column":2}}},"fnMap":{},"branchMap":{},"s":{"0":2,"1":2,"2":2,"3":2,"4":2,"5":2,"6":2},"f":{},"b":{},"_coverageSchema":"1a1c01bbd47fc00a2c39e90264f33305004495a9","hash":"bf37823639ef1be62a2c186578cda34b4b5c4912"}
,"C:\\DEV\\game-resume-backend\\tests\\dbclear.js": {"path":"C:\\DEV\\game-resume-backend\\tests\\dbclear.js","statementMap":{"0":{"start":{"line":2,"column":23},"end":{"line":2,"column":43}},"1":{"start":{"line":3,"column":26},"end":{"line":3,"column":125}},"2":{"start":{"line":5,"column":23},"end":{"line":11,"column":1}},"3":{"start":{"line":7,"column":19},"end":{"line":7,"column":60}},"4":{"start":{"line":9,"column":21},"end":{"line":9,"column":87}},"5":{"start":{"line":9,"column":35},"end":{"line":9,"column":76}},"6":{"start":{"line":10,"column":2},"end":{"line":10,"column":73}},"7":{"start":{"line":13,"column":20},"end":{"line":16,"column":1}},"8":{"start":{"line":14,"column":21},"end":{"line":14,"column":85}},"9":{"start":{"line":14,"column":41},"end":{"line":14,"column":74}},"10":{"start":{"line":15,"column":2},"end":{"line":15,"column":73}},"11":{"start":{"line":18,"column":16},"end":{"line":21,"column":1}},"12":{"start":{"line":23,"column":0},"end":{"line":23,"column":25}}},"fnMap":{"0":{"name":"(anonymous_0)","decl":{"start":{"line":5,"column":23},"end":{"line":5,"column":24}},"loc":{"start":{"line":5,"column":43},"end":{"line":11,"column":1}},"line":5},"1":{"name":"(anonymous_1)","decl":{"start":{"line":9,"column":30},"end":{"line":9,"column":31}},"loc":{"start":{"line":9,"column":35},"end":{"line":9,"column":76}},"line":9},"2":{"name":"(anonymous_2)","decl":{"start":{"line":13,"column":20},"end":{"line":13,"column":21}},"loc":{"start":{"line":13,"column":54},"end":{"line":16,"column":1}},"line":13},"3":{"name":"(anonymous_3)","decl":{"start":{"line":14,"column":36},"end":{"line":14,"column":37}},"loc":{"start":{"line":14,"column":41},"end":{"line":14,"column":74}},"line":14}},"branchMap":{},"s":{"0":2,"1":2,"2":2,"3":0,"4":0,"5":0,"6":0,"7":2,"8":0,"9":0,"10":0,"11":2,"12":2},"f":{"0":0,"1":0,"2":0,"3":0},"b":{},"_coverageSchema":"1a1c01bbd47fc00a2c39e90264f33305004495a9","hash":"978a74770de90477dbb59b8c3de3af2c0c056787"}
}
