{"C:\\DEV\\game-resume-backend\\build\\models\\category.js": {"path":"C:\\DEV\\game-resume-backend\\build\\models\\category.js","statementMap":{"0":{"start":{"line":5,"column":4},"end":{"line":5,"column":24}},"1":{"start":{"line":7,"column":0},"end":{"line":35,"column":2}},"2":{"start":{"line":16,"column":6},"end":{"line":21,"column":9}},"3":{"start":{"line":26,"column":2},"end":{"line":33,"column":5}},"4":{"start":{"line":34,"column":2},"end":{"line":34,"column":18}}},"fnMap":{"0":{"name":"(anonymous_0)","decl":{"start":{"line":7,"column":17},"end":{"line":7,"column":18}},"loc":{"start":{"line":7,"column":43},"end":{"line":35,"column":1}},"line":7},"1":{"name":"(anonymous_1)","decl":{"start":{"line":14,"column":4},"end":{"line":14,"column":5}},"loc":{"start":{"line":14,"column":29},"end":{"line":22,"column":5}},"line":14}},"branchMap":{},"s":{"0":1,"1":1,"2":1,"3":1,"4":1},"f":{"0":1,"1":1},"b":{},"_coverageSchema":"1a1c01bbd47fc00a2c39e90264f33305004495a9","hash":"f0a0cb976bb9a04abd9213be33639a533a58f1be"}
,"C:\\DEV\\game-resume-backend\\build\\models\\codeandtip.js": {"path":"C:\\DEV\\game-resume-backend\\build\\models\\codeandtip.js","statementMap":{"0":{"start":{"line":5,"column":4},"end":{"line":5,"column":24}},"1":{"start":{"line":7,"column":0},"end":{"line":28,"column":2}},"2":{"start":{"line":19,"column":2},"end":{"line":26,"column":5}},"3":{"start":{"line":27,"column":2},"end":{"line":27,"column":20}}},"fnMap":{"0":{"name":"(anonymous_0)","decl":{"start":{"line":7,"column":17},"end":{"line":7,"column":18}},"loc":{"start":{"line":7,"column":43},"end":{"line":28,"column":1}},"line":7},"1":{"name":"(anonymous_1)","decl":{"start":{"line":14,"column":4},"end":{"line":14,"column":5}},"loc":{"start":{"line":14,"column":29},"end":{"line":15,"column":5}},"line":14}},"branchMap":{},"s":{"0":1,"1":1,"2":1,"3":1},"f":{"0":1,"1":1},"b":{},"_coverageSchema":"1a1c01bbd47fc00a2c39e90264f33305004495a9","hash":"b3ce7ad5ed245bed457a1847f9b9a46a910b49cb"}
,"C:\\DEV\\game-resume-backend\\build\\models\\dlc.js": {"path":"C:\\DEV\\game-resume-backend\\build\\models\\dlc.js","statementMap":{"0":{"start":{"line":5,"column":4},"end":{"line":5,"column":24}},"1":{"start":{"line":7,"column":0},"end":{"line":36,"column":2}},"2":{"start":{"line":16,"column":6},"end":{"line":19,"column":9}},"3":{"start":{"line":24,"column":2},"end":{"line":34,"column":5}},"4":{"start":{"line":35,"column":2},"end":{"line":35,"column":13}}},"fnMap":{"0":{"name":"(anonymous_0)","decl":{"start":{"line":7,"column":17},"end":{"line":7,"column":18}},"loc":{"start":{"line":7,"column":43},"end":{"line":36,"column":1}},"line":7},"1":{"name":"(anonymous_1)","decl":{"start":{"line":14,"column":4},"end":{"line":14,"column":5}},"loc":{"start":{"line":14,"column":29},"end":{"line":20,"column":5}},"line":14}},"branchMap":{},"s":{"0":1,"1":1,"2":1,"3":1,"4":1},"f":{"0":1,"1":1},"b":{},"_coverageSchema":"1a1c01bbd47fc00a2c39e90264f33305004495a9","hash":"3ee566f74018afd0fd6142b3cd0cd505511b713e"}
,"C:\\DEV\\game-resume-backend\\build\\models\\game.js": {"path":"C:\\DEV\\game-resume-backend\\build\\models\\game.js","statementMap":{"0":{"start":{"line":5,"column":4},"end":{"line":5,"column":24}},"1":{"start":{"line":7,"column":0},"end":{"line":48,"column":2}},"2":{"start":{"line":16,"column":6},"end":{"line":16,"column":36}},"3":{"start":{"line":17,"column":6},"end":{"line":21,"column":9}},"4":{"start":{"line":22,"column":6},"end":{"line":27,"column":9}},"5":{"start":{"line":32,"column":2},"end":{"line":46,"column":5}},"6":{"start":{"line":47,"column":2},"end":{"line":47,"column":14}}},"fnMap":{"0":{"name":"(anonymous_0)","decl":{"start":{"line":7,"column":17},"end":{"line":7,"column":18}},"loc":{"start":{"line":7,"column":43},"end":{"line":48,"column":1}},"line":7},"1":{"name":"(anonymous_1)","decl":{"start":{"line":14,"column":4},"end":{"line":14,"column":5}},"loc":{"start":{"line":14,"column":29},"end":{"line":28,"column":5}},"line":14}},"branchMap":{},"s":{"0":1,"1":1,"2":1,"3":1,"4":1,"5":1,"6":1},"f":{"0":1,"1":1},"b":{},"_coverageSchema":"1a1c01bbd47fc00a2c39e90264f33305004495a9","hash":"65a462e1be15c59272898d7fdab4966075f43728"}
,"C:\\DEV\\game-resume-backend\\build\\models\\gamecube.js": {"path":"C:\\DEV\\game-resume-backend\\build\\models\\gamecube.js","statementMap":{"0":{"start":{"line":5,"column":4},"end":{"line":5,"column":24}},"1":{"start":{"line":7,"column":0},"end":{"line":39,"column":2}},"2":{"start":{"line":16,"column":6},"end":{"line":20,"column":9}},"3":{"start":{"line":25,"column":2},"end":{"line":37,"column":5}},"4":{"start":{"line":38,"column":2},"end":{"line":38,"column":18}}},"fnMap":{"0":{"name":"(anonymous_0)","decl":{"start":{"line":7,"column":17},"end":{"line":7,"column":18}},"loc":{"start":{"line":7,"column":43},"end":{"line":39,"column":1}},"line":7},"1":{"name":"(anonymous_1)","decl":{"start":{"line":14,"column":4},"end":{"line":14,"column":5}},"loc":{"start":{"line":14,"column":29},"end":{"line":21,"column":5}},"line":14}},"branchMap":{},"s":{"0":1,"1":1,"2":1,"3":1,"4":1},"f":{"0":1,"1":1},"b":{},"_coverageSchema":"1a1c01bbd47fc00a2c39e90264f33305004495a9","hash":"cc0dc6ebcb3794b19e91fe28690e8a57d8028775"}
,"C:\\DEV\\game-resume-backend\\build\\models\\index.js": {"path":"C:\\DEV\\game-resume-backend\\build\\models\\index.js","statementMap":{"0":{"start":{"line":3,"column":11},"end":{"line":3,"column":24}},"1":{"start":{"line":5,"column":13},"end":{"line":5,"column":28}},"2":{"start":{"line":7,"column":18},"end":{"line":7,"column":38}},"3":{"start":{"line":9,"column":17},"end":{"line":9,"column":42}},"4":{"start":{"line":10,"column":12},"end":{"line":10,"column":49}},"5":{"start":{"line":12,"column":15},"end":{"line":12,"column":65}},"6":{"start":{"line":14,"column":11},"end":{"line":14,"column":13}},"7":{"start":{"line":17,"column":0},"end":{"line":21,"column":1}},"8":{"start":{"line":18,"column":2},"end":{"line":18,"column":74}},"9":{"start":{"line":20,"column":2},"end":{"line":20,"column":87}},"10":{"start":{"line":23,"column":0},"end":{"line":29,"column":3}},"11":{"start":{"line":24,"column":2},"end":{"line":24,"column":82}},"12":{"start":{"line":26,"column":16},"end":{"line":26,"column":83}},"13":{"start":{"line":28,"column":2},"end":{"line":28,"column":25}},"14":{"start":{"line":30,"column":0},"end":{"line":34,"column":3}},"15":{"start":{"line":31,"column":2},"end":{"line":33,"column":3}},"16":{"start":{"line":32,"column":4},"end":{"line":32,"column":32}},"17":{"start":{"line":35,"column":0},"end":{"line":35,"column":25}},"18":{"start":{"line":36,"column":0},"end":{"line":36,"column":25}},"19":{"start":{"line":37,"column":0},"end":{"line":37,"column":20}}},"fnMap":{"0":{"name":"(anonymous_0)","decl":{"start":{"line":23,"column":33},"end":{"line":23,"column":34}},"loc":{"start":{"line":23,"column":41},"end":{"line":25,"column":1}},"line":23},"1":{"name":"(anonymous_1)","decl":{"start":{"line":25,"column":11},"end":{"line":25,"column":12}},"loc":{"start":{"line":25,"column":19},"end":{"line":29,"column":1}},"line":25},"2":{"name":"(anonymous_2)","decl":{"start":{"line":30,"column":24},"end":{"line":30,"column":25}},"loc":{"start":{"line":30,"column":37},"end":{"line":34,"column":1}},"line":30}},"branchMap":{"0":{"loc":{"start":{"line":10,"column":12},"end":{"line":10,"column":49}},"type":"binary-expr","locations":[{"start":{"line":10,"column":12},"end":{"line":10,"column":32}},{"start":{"line":10,"column":36},"end":{"line":10,"column":49}}],"line":10},"1":{"loc":{"start":{"line":17,"column":0},"end":{"line":21,"column":1}},"type":"if","locations":[{"start":{"line":17,"column":0},"end":{"line":21,"column":1}},{"start":{"line":19,"column":7},"end":{"line":21,"column":1}}],"line":17},"2":{"loc":{"start":{"line":24,"column":9},"end":{"line":24,"column":81}},"type":"binary-expr","locations":[{"start":{"line":24,"column":9},"end":{"line":24,"column":32}},{"start":{"line":24,"column":36},"end":{"line":24,"column":53}},{"start":{"line":24,"column":57},"end":{"line":24,"column":81}}],"line":24},"3":{"loc":{"start":{"line":31,"column":2},"end":{"line":33,"column":3}},"type":"if","locations":[{"start":{"line":31,"column":2},"end":{"line":33,"column":3}},{"start":{},"end":{}}],"line":31}},"s":{"0":1,"1":1,"2":1,"3":1,"4":1,"5":1,"6":1,"7":1,"8":0,"9":1,"10":1,"11":16,"12":15,"13":15,"14":1,"15":15,"16":15,"17":1,"18":1,"19":1},"f":{"0":16,"1":15,"2":15},"b":{"0":[1,0],"1":[0,1],"2":[16,16,15],"3":[15,0]},"_coverageSchema":"1a1c01bbd47fc00a2c39e90264f33305004495a9","hash":"1976c8a52d39ecd24a99ae29344ae6ecece64a56"}
,"C:\\DEV\\game-resume-backend\\build\\models\\origin.js": {"path":"C:\\DEV\\game-resume-backend\\build\\models\\origin.js","statementMap":{"0":{"start":{"line":5,"column":4},"end":{"line":5,"column":24}},"1":{"start":{"line":7,"column":0},"end":{"line":36,"column":2}},"2":{"start":{"line":16,"column":6},"end":{"line":20,"column":9}},"3":{"start":{"line":25,"column":2},"end":{"line":34,"column":5}},"4":{"start":{"line":35,"column":2},"end":{"line":35,"column":16}}},"fnMap":{"0":{"name":"(anonymous_0)","decl":{"start":{"line":7,"column":17},"end":{"line":7,"column":18}},"loc":{"start":{"line":7,"column":43},"end":{"line":36,"column":1}},"line":7},"1":{"name":"(anonymous_1)","decl":{"start":{"line":14,"column":4},"end":{"line":14,"column":5}},"loc":{"start":{"line":14,"column":29},"end":{"line":21,"column":5}},"line":14}},"branchMap":{},"s":{"0":1,"1":1,"2":1,"3":1,"4":1},"f":{"0":1,"1":1},"b":{},"_coverageSchema":"1a1c01bbd47fc00a2c39e90264f33305004495a9","hash":"b20313e5bf84069a75c80f52936d99397ebada68"}
,"C:\\DEV\\game-resume-backend\\build\\models\\playing.js": {"path":"C:\\DEV\\game-resume-backend\\build\\models\\playing.js","statementMap":{"0":{"start":{"line":5,"column":4},"end":{"line":5,"column":24}},"1":{"start":{"line":7,"column":0},"end":{"line":31,"column":2}},"2":{"start":{"line":19,"column":2},"end":{"line":29,"column":5}},"3":{"start":{"line":30,"column":2},"end":{"line":30,"column":17}}},"fnMap":{"0":{"name":"(anonymous_0)","decl":{"start":{"line":7,"column":17},"end":{"line":7,"column":18}},"loc":{"start":{"line":7,"column":43},"end":{"line":31,"column":1}},"line":7},"1":{"name":"(anonymous_1)","decl":{"start":{"line":14,"column":4},"end":{"line":14,"column":5}},"loc":{"start":{"line":14,"column":29},"end":{"line":15,"column":5}},"line":14}},"branchMap":{},"s":{"0":1,"1":1,"2":1,"3":1},"f":{"0":1,"1":1},"b":{},"_coverageSchema":"1a1c01bbd47fc00a2c39e90264f33305004495a9","hash":"623680f5773032c5a578c09cff191c97352d3de0"}
,"C:\\DEV\\game-resume-backend\\build\\models\\steam.js": {"path":"C:\\DEV\\game-resume-backend\\build\\models\\steam.js","statementMap":{"0":{"start":{"line":5,"column":4},"end":{"line":5,"column":24}},"1":{"start":{"line":7,"column":0},"end":{"line":43,"column":2}},"2":{"start":{"line":16,"column":6},"end":{"line":20,"column":9}},"3":{"start":{"line":21,"column":6},"end":{"line":26,"column":9}},"4":{"start":{"line":31,"column":2},"end":{"line":41,"column":5}},"5":{"start":{"line":42,"column":2},"end":{"line":42,"column":15}}},"fnMap":{"0":{"name":"(anonymous_0)","decl":{"start":{"line":7,"column":17},"end":{"line":7,"column":18}},"loc":{"start":{"line":7,"column":43},"end":{"line":43,"column":1}},"line":7},"1":{"name":"(anonymous_1)","decl":{"start":{"line":14,"column":4},"end":{"line":14,"column":5}},"loc":{"start":{"line":14,"column":29},"end":{"line":27,"column":5}},"line":14}},"branchMap":{},"s":{"0":1,"1":1,"2":1,"3":1,"4":1,"5":1},"f":{"0":1,"1":1},"b":{},"_coverageSchema":"1a1c01bbd47fc00a2c39e90264f33305004495a9","hash":"7dba122de74bb619cda17fa2d90e3dc3db072d70"}
,"C:\\DEV\\game-resume-backend\\build\\models\\system.js": {"path":"C:\\DEV\\game-resume-backend\\build\\models\\system.js","statementMap":{"0":{"start":{"line":5,"column":4},"end":{"line":5,"column":24}},"1":{"start":{"line":7,"column":0},"end":{"line":30,"column":2}},"2":{"start":{"line":16,"column":6},"end":{"line":16,"column":31}},"3":{"start":{"line":21,"column":2},"end":{"line":28,"column":5}},"4":{"start":{"line":29,"column":2},"end":{"line":29,"column":16}}},"fnMap":{"0":{"name":"(anonymous_0)","decl":{"start":{"line":7,"column":17},"end":{"line":7,"column":18}},"loc":{"start":{"line":7,"column":43},"end":{"line":30,"column":1}},"line":7},"1":{"name":"(anonymous_1)","decl":{"start":{"line":14,"column":4},"end":{"line":14,"column":5}},"loc":{"start":{"line":14,"column":29},"end":{"line":17,"column":5}},"line":14}},"branchMap":{},"s":{"0":1,"1":1,"2":1,"3":1,"4":1},"f":{"0":1,"1":1},"b":{},"_coverageSchema":"1a1c01bbd47fc00a2c39e90264f33305004495a9","hash":"3496421a3215abff6db8d1719ecf28f2adde81b2"}
,"C:\\DEV\\game-resume-backend\\build\\models\\tobuy.js": {"path":"C:\\DEV\\game-resume-backend\\build\\models\\tobuy.js","statementMap":{"0":{"start":{"line":5,"column":4},"end":{"line":5,"column":24}},"1":{"start":{"line":7,"column":0},"end":{"line":31,"column":2}},"2":{"start":{"line":19,"column":2},"end":{"line":29,"column":5}},"3":{"start":{"line":30,"column":2},"end":{"line":30,"column":15}}},"fnMap":{"0":{"name":"(anonymous_0)","decl":{"start":{"line":7,"column":17},"end":{"line":7,"column":18}},"loc":{"start":{"line":7,"column":43},"end":{"line":31,"column":1}},"line":7},"1":{"name":"(anonymous_1)","decl":{"start":{"line":14,"column":4},"end":{"line":14,"column":5}},"loc":{"start":{"line":14,"column":29},"end":{"line":15,"column":5}},"line":14}},"branchMap":{},"s":{"0":1,"1":1,"2":1,"3":1},"f":{"0":1,"1":1},"b":{},"_coverageSchema":"1a1c01bbd47fc00a2c39e90264f33305004495a9","hash":"f37d1402758f3d5a4b9b0845de85c0caaebf09f9"}
,"C:\\DEV\\game-resume-backend\\build\\models\\trash.js": {"path":"C:\\DEV\\game-resume-backend\\build\\models\\trash.js","statementMap":{"0":{"start":{"line":5,"column":4},"end":{"line":5,"column":24}},"1":{"start":{"line":7,"column":0},"end":{"line":30,"column":2}},"2":{"start":{"line":19,"column":2},"end":{"line":28,"column":5}},"3":{"start":{"line":29,"column":2},"end":{"line":29,"column":15}}},"fnMap":{"0":{"name":"(anonymous_0)","decl":{"start":{"line":7,"column":17},"end":{"line":7,"column":18}},"loc":{"start":{"line":7,"column":43},"end":{"line":30,"column":1}},"line":7},"1":{"name":"(anonymous_1)","decl":{"start":{"line":14,"column":4},"end":{"line":14,"column":5}},"loc":{"start":{"line":14,"column":29},"end":{"line":15,"column":5}},"line":14}},"branchMap":{},"s":{"0":1,"1":1,"2":1,"3":1},"f":{"0":1,"1":1},"b":{},"_coverageSchema":"1a1c01bbd47fc00a2c39e90264f33305004495a9","hash":"7481c5727976bbe03c6d0f1314c5499178f1d45c"}
,"C:\\DEV\\game-resume-backend\\build\\models\\ubisoft.js": {"path":"C:\\DEV\\game-resume-backend\\build\\models\\ubisoft.js","statementMap":{"0":{"start":{"line":5,"column":4},"end":{"line":5,"column":24}},"1":{"start":{"line":7,"column":0},"end":{"line":36,"column":2}},"2":{"start":{"line":16,"column":6},"end":{"line":20,"column":9}},"3":{"start":{"line":25,"column":2},"end":{"line":34,"column":5}},"4":{"start":{"line":35,"column":2},"end":{"line":35,"column":17}}},"fnMap":{"0":{"name":"(anonymous_0)","decl":{"start":{"line":7,"column":17},"end":{"line":7,"column":18}},"loc":{"start":{"line":7,"column":43},"end":{"line":36,"column":1}},"line":7},"1":{"name":"(anonymous_1)","decl":{"start":{"line":14,"column":4},"end":{"line":14,"column":5}},"loc":{"start":{"line":14,"column":29},"end":{"line":21,"column":5}},"line":14}},"branchMap":{},"s":{"0":1,"1":1,"2":1,"3":1,"4":1},"f":{"0":1,"1":1},"b":{},"_coverageSchema":"1a1c01bbd47fc00a2c39e90264f33305004495a9","hash":"00092940fc930abdf3a54a67f96dd134bfdb53f7"}
,"C:\\DEV\\game-resume-backend\\build\\models\\virtualconsole.js": {"path":"C:\\DEV\\game-resume-backend\\build\\models\\virtualconsole.js","statementMap":{"0":{"start":{"line":5,"column":4},"end":{"line":5,"column":24}},"1":{"start":{"line":7,"column":0},"end":{"line":38,"column":2}},"2":{"start":{"line":16,"column":6},"end":{"line":20,"column":9}},"3":{"start":{"line":25,"column":2},"end":{"line":36,"column":5}},"4":{"start":{"line":37,"column":2},"end":{"line":37,"column":24}}},"fnMap":{"0":{"name":"(anonymous_0)","decl":{"start":{"line":7,"column":17},"end":{"line":7,"column":18}},"loc":{"start":{"line":7,"column":43},"end":{"line":38,"column":1}},"line":7},"1":{"name":"(anonymous_1)","decl":{"start":{"line":14,"column":4},"end":{"line":14,"column":5}},"loc":{"start":{"line":14,"column":29},"end":{"line":21,"column":5}},"line":14}},"branchMap":{},"s":{"0":1,"1":1,"2":1,"3":1,"4":1},"f":{"0":1,"1":1},"b":{},"_coverageSchema":"1a1c01bbd47fc00a2c39e90264f33305004495a9","hash":"58521b26aa6f24274569ccc863ca1066f17a0e5b"}
,"C:\\DEV\\game-resume-backend\\build\\models\\wii.js": {"path":"C:\\DEV\\game-resume-backend\\build\\models\\wii.js","statementMap":{"0":{"start":{"line":5,"column":4},"end":{"line":5,"column":24}},"1":{"start":{"line":7,"column":0},"end":{"line":43,"column":2}},"2":{"start":{"line":16,"column":6},"end":{"line":19,"column":9}},"3":{"start":{"line":20,"column":6},"end":{"line":24,"column":9}},"4":{"start":{"line":29,"column":2},"end":{"line":41,"column":5}},"5":{"start":{"line":42,"column":2},"end":{"line":42,"column":13}}},"fnMap":{"0":{"name":"(anonymous_0)","decl":{"start":{"line":7,"column":17},"end":{"line":7,"column":18}},"loc":{"start":{"line":7,"column":43},"end":{"line":43,"column":1}},"line":7},"1":{"name":"(anonymous_1)","decl":{"start":{"line":14,"column":4},"end":{"line":14,"column":5}},"loc":{"start":{"line":14,"column":29},"end":{"line":25,"column":5}},"line":14}},"branchMap":{},"s":{"0":1,"1":1,"2":1,"3":1,"4":1,"5":1},"f":{"0":1,"1":1},"b":{},"_coverageSchema":"1a1c01bbd47fc00a2c39e90264f33305004495a9","hash":"04377ad3623ca18b4183d35ffab5770ef06c533c"}
,"C:\\DEV\\game-resume-backend\\build\\models\\wiiu.js": {"path":"C:\\DEV\\game-resume-backend\\build\\models\\wiiu.js","statementMap":{"0":{"start":{"line":5,"column":4},"end":{"line":5,"column":24}},"1":{"start":{"line":7,"column":0},"end":{"line":39,"column":2}},"2":{"start":{"line":16,"column":6},"end":{"line":20,"column":9}},"3":{"start":{"line":25,"column":2},"end":{"line":37,"column":5}},"4":{"start":{"line":38,"column":2},"end":{"line":38,"column":14}}},"fnMap":{"0":{"name":"(anonymous_0)","decl":{"start":{"line":7,"column":17},"end":{"line":7,"column":18}},"loc":{"start":{"line":7,"column":43},"end":{"line":39,"column":1}},"line":7},"1":{"name":"(anonymous_1)","decl":{"start":{"line":14,"column":4},"end":{"line":14,"column":5}},"loc":{"start":{"line":14,"column":29},"end":{"line":21,"column":5}},"line":14}},"branchMap":{},"s":{"0":1,"1":1,"2":1,"3":1,"4":1},"f":{"0":1,"1":1},"b":{},"_coverageSchema":"1a1c01bbd47fc00a2c39e90264f33305004495a9","hash":"8db52df813ccf81cb438ba3d1e226b7c00decb4f"}
,"C:\\DEV\\game-resume-backend\\build\\schema\\validation_schema.js": {"path":"C:\\DEV\\game-resume-backend\\build\\schema\\validation_schema.js","statementMap":{"0":{"start":{"line":3,"column":0},"end":{"line":5,"column":3}},"1":{"start":{"line":6,"column":0},"end":{"line":6,"column":156}},"2":{"start":{"line":8,"column":12},"end":{"line":8,"column":26}},"3":{"start":{"line":10,"column":24},"end":{"line":14,"column":2}},"4":{"start":{"line":15,"column":0},"end":{"line":15,"column":42}},"5":{"start":{"line":16,"column":20},"end":{"line":25,"column":2}},"6":{"start":{"line":26,"column":0},"end":{"line":26,"column":34}},"7":{"start":{"line":27,"column":21},"end":{"line":33,"column":2}},"8":{"start":{"line":34,"column":0},"end":{"line":34,"column":36}},"9":{"start":{"line":35,"column":30},"end":{"line":41,"column":2}},"10":{"start":{"line":42,"column":0},"end":{"line":42,"column":54}},"11":{"start":{"line":43,"column":19},"end":{"line":48,"column":2}},"12":{"start":{"line":49,"column":0},"end":{"line":49,"column":32}},"13":{"start":{"line":50,"column":23},"end":{"line":54,"column":2}},"14":{"start":{"line":55,"column":0},"end":{"line":55,"column":40}}},"fnMap":{},"branchMap":{},"s":{"0":1,"1":1,"2":1,"3":1,"4":1,"5":1,"6":1,"7":1,"8":1,"9":1,"10":1,"11":1,"12":1,"13":1,"14":1},"f":{},"b":{},"_coverageSchema":"1a1c01bbd47fc00a2c39e90264f33305004495a9","hash":"17a44c41b9fee7f4eeb9d44f658ff5d41a9b2da8"}
,"C:\\DEV\\game-resume-backend\\src\\_query.js": {"path":"C:\\DEV\\game-resume-backend\\src\\_query.js","statementMap":{"0":{"start":{"line":2,"column":23},"end":{"line":2,"column":43}},"1":{"start":{"line":3,"column":10},"end":{"line":3,"column":27}},"2":{"start":{"line":12,"column":20},"end":{"line":53,"column":1}},"3":{"start":{"line":13,"column":20},"end":{"line":13,"column":81}},"4":{"start":{"line":14,"column":13},"end":{"line":14,"column":15}},"5":{"start":{"line":15,"column":15},"end":{"line":15,"column":17}},"6":{"start":{"line":16,"column":19},"end":{"line":16,"column":21}},"7":{"start":{"line":18,"column":2},"end":{"line":21,"column":5}},"8":{"start":{"line":19,"column":4},"end":{"line":19,"column":33}},"9":{"start":{"line":20,"column":4},"end":{"line":20,"column":37}},"10":{"start":{"line":23,"column":2},"end":{"line":23,"column":28}},"11":{"start":{"line":24,"column":2},"end":{"line":24,"column":22}},"12":{"start":{"line":26,"column":19},"end":{"line":28,"column":3}},"13":{"start":{"line":27,"column":4},"end":{"line":27,"column":60}},"14":{"start":{"line":30,"column":2},"end":{"line":46,"column":5}},"15":{"start":{"line":31,"column":4},"end":{"line":39,"column":7}},"16":{"start":{"line":32,"column":6},"end":{"line":38,"column":7}},"17":{"start":{"line":33,"column":8},"end":{"line":33,"column":34}},"18":{"start":{"line":34,"column":13},"end":{"line":38,"column":7}},"19":{"start":{"line":35,"column":8},"end":{"line":35,"column":48}},"20":{"start":{"line":36,"column":13},"end":{"line":38,"column":7}},"21":{"start":{"line":37,"column":8},"end":{"line":37,"column":27}},"22":{"start":{"line":41,"column":15},"end":{"line":41,"column":42}},"23":{"start":{"line":42,"column":4},"end":{"line":44,"column":5}},"24":{"start":{"line":43,"column":6},"end":{"line":43,"column":46}},"25":{"start":{"line":45,"column":4},"end":{"line":45,"column":23}},"26":{"start":{"line":48,"column":2},"end":{"line":48,"column":58}},"27":{"start":{"line":49,"column":2},"end":{"line":49,"column":60}},"28":{"start":{"line":50,"column":2},"end":{"line":50,"column":63}},"29":{"start":{"line":52,"column":2},"end":{"line":52,"column":68}},"30":{"start":{"line":55,"column":15},"end":{"line":93,"column":1}},"31":{"start":{"line":56,"column":20},"end":{"line":56,"column":81}},"32":{"start":{"line":57,"column":13},"end":{"line":57,"column":15}},"33":{"start":{"line":58,"column":15},"end":{"line":58,"column":17}},"34":{"start":{"line":59,"column":19},"end":{"line":59,"column":21}},"35":{"start":{"line":61,"column":2},"end":{"line":61,"column":31}},"36":{"start":{"line":62,"column":2},"end":{"line":62,"column":35}},"37":{"start":{"line":64,"column":2},"end":{"line":64,"column":28}},"38":{"start":{"line":65,"column":2},"end":{"line":65,"column":22}},"39":{"start":{"line":67,"column":19},"end":{"line":69,"column":3}},"40":{"start":{"line":68,"column":4},"end":{"line":68,"column":60}},"41":{"start":{"line":71,"column":2},"end":{"line":86,"column":5}},"42":{"start":{"line":72,"column":4},"end":{"line":78,"column":7}},"43":{"start":{"line":73,"column":6},"end":{"line":77,"column":7}},"44":{"start":{"line":74,"column":8},"end":{"line":74,"column":34}},"45":{"start":{"line":75,"column":13},"end":{"line":77,"column":7}},"46":{"start":{"line":76,"column":8},"end":{"line":76,"column":48}},"47":{"start":{"line":80,"column":15},"end":{"line":80,"column":42}},"48":{"start":{"line":82,"column":4},"end":{"line":84,"column":5}},"49":{"start":{"line":83,"column":6},"end":{"line":83,"column":46}},"50":{"start":{"line":85,"column":4},"end":{"line":85,"column":23}},"51":{"start":{"line":88,"column":2},"end":{"line":88,"column":58}},"52":{"start":{"line":89,"column":2},"end":{"line":89,"column":60}},"53":{"start":{"line":90,"column":2},"end":{"line":90,"column":63}},"54":{"start":{"line":92,"column":2},"end":{"line":92,"column":68}},"55":{"start":{"line":95,"column":15},"end":{"line":119,"column":1}},"56":{"start":{"line":96,"column":17},"end":{"line":96,"column":21}},"57":{"start":{"line":97,"column":20},"end":{"line":97,"column":79}},"58":{"start":{"line":98,"column":14},"end":{"line":98,"column":16}},"59":{"start":{"line":101,"column":2},"end":{"line":110,"column":5}},"60":{"start":{"line":102,"column":4},"end":{"line":109,"column":5}},"61":{"start":{"line":103,"column":6},"end":{"line":107,"column":7}},"62":{"start":{"line":104,"column":8},"end":{"line":104,"column":26}},"63":{"start":{"line":105,"column":13},"end":{"line":107,"column":7}},"64":{"start":{"line":106,"column":8},"end":{"line":106,"column":40}},"65":{"start":{"line":108,"column":6},"end":{"line":108,"column":30}},"66":{"start":{"line":112,"column":2},"end":{"line":112,"column":31}},"67":{"start":{"line":114,"column":2},"end":{"line":114,"column":58}},"68":{"start":{"line":115,"column":2},"end":{"line":115,"column":59}},"69":{"start":{"line":116,"column":2},"end":{"line":116,"column":48}},"70":{"start":{"line":118,"column":2},"end":{"line":118,"column":68}},"71":{"start":{"line":121,"column":23},"end":{"line":129,"column":1}},"72":{"start":{"line":122,"column":17},"end":{"line":122,"column":21}},"73":{"start":{"line":124,"column":2},"end":{"line":128,"column":3}},"74":{"start":{"line":125,"column":4},"end":{"line":125,"column":47}},"75":{"start":{"line":127,"column":4},"end":{"line":127,"column":47}},"76":{"start":{"line":131,"column":15},"end":{"line":168,"column":1}},"77":{"start":{"line":132,"column":49},"end":{"line":132,"column":56}},"78":{"start":{"line":133,"column":20},"end":{"line":133,"column":52}},"79":{"start":{"line":135,"column":2},"end":{"line":135,"column":58}},"80":{"start":{"line":137,"column":2},"end":{"line":146,"column":3}},"81":{"start":{"line":138,"column":20},"end":{"line":138,"column":22}},"82":{"start":{"line":139,"column":4},"end":{"line":142,"column":7}},"83":{"start":{"line":140,"column":36},"end":{"line":140,"column":37}},"84":{"start":{"line":141,"column":6},"end":{"line":141,"column":62}},"85":{"start":{"line":143,"column":4},"end":{"line":143,"column":70}},"86":{"start":{"line":145,"column":4},"end":{"line":145,"column":55}},"87":{"start":{"line":148,"column":2},"end":{"line":155,"column":3}},"88":{"start":{"line":149,"column":4},"end":{"line":154,"column":7}},"89":{"start":{"line":150,"column":35},"end":{"line":150,"column":36}},"90":{"start":{"line":151,"column":21},"end":{"line":151,"column":34}},"91":{"start":{"line":152,"column":23},"end":{"line":152,"column":43}},"92":{"start":{"line":153,"column":6},"end":{"line":153,"column":90}},"93":{"start":{"line":157,"column":2},"end":{"line":159,"column":3}},"94":{"start":{"line":158,"column":4},"end":{"line":158,"column":50}},"95":{"start":{"line":161,"column":2},"end":{"line":165,"column":3}},"96":{"start":{"line":162,"column":4},"end":{"line":162,"column":67}},"97":{"start":{"line":163,"column":9},"end":{"line":165,"column":3}},"98":{"start":{"line":164,"column":4},"end":{"line":164,"column":50}},"99":{"start":{"line":167,"column":2},"end":{"line":167,"column":68}},"100":{"start":{"line":170,"column":16},"end":{"line":185,"column":1}},"101":{"start":{"line":171,"column":20},"end":{"line":171,"column":74}},"102":{"start":{"line":172,"column":26},"end":{"line":172,"column":33}},"103":{"start":{"line":174,"column":2},"end":{"line":174,"column":58}},"104":{"start":{"line":176,"column":2},"end":{"line":182,"column":3}},"105":{"start":{"line":177,"column":4},"end":{"line":177,"column":68}},"106":{"start":{"line":178,"column":9},"end":{"line":182,"column":3}},"107":{"start":{"line":179,"column":4},"end":{"line":179,"column":63}},"108":{"start":{"line":181,"column":4},"end":{"line":181,"column":64}},"109":{"start":{"line":184,"column":2},"end":{"line":184,"column":68}},"110":{"start":{"line":187,"column":0},"end":{"line":187,"column":82}}},"fnMap":{"0":{"name":"(anonymous_0)","decl":{"start":{"line":12,"column":20},"end":{"line":12,"column":21}},"loc":{"start":{"line":12,"column":62},"end":{"line":53,"column":1}},"line":12},"1":{"name":"(anonymous_1)","decl":{"start":{"line":18,"column":18},"end":{"line":18,"column":19}},"loc":{"start":{"line":18,"column":26},"end":{"line":21,"column":3}},"line":18},"2":{"name":"(anonymous_2)","decl":{"start":{"line":26,"column":19},"end":{"line":26,"column":20}},"loc":{"start":{"line":26,"column":42},"end":{"line":28,"column":3}},"line":26},"3":{"name":"(anonymous_3)","decl":{"start":{"line":30,"column":17},"end":{"line":30,"column":18}},"loc":{"start":{"line":30,"column":30},"end":{"line":46,"column":3}},"line":30},"4":{"name":"(anonymous_4)","decl":{"start":{"line":31,"column":17},"end":{"line":31,"column":18}},"loc":{"start":{"line":31,"column":29},"end":{"line":39,"column":5}},"line":31},"5":{"name":"(anonymous_5)","decl":{"start":{"line":55,"column":15},"end":{"line":55,"column":16}},"loc":{"start":{"line":55,"column":54},"end":{"line":93,"column":1}},"line":55},"6":{"name":"(anonymous_6)","decl":{"start":{"line":67,"column":19},"end":{"line":67,"column":20}},"loc":{"start":{"line":67,"column":42},"end":{"line":69,"column":3}},"line":67},"7":{"name":"(anonymous_7)","decl":{"start":{"line":71,"column":17},"end":{"line":71,"column":18}},"loc":{"start":{"line":71,"column":30},"end":{"line":86,"column":3}},"line":71},"8":{"name":"(anonymous_8)","decl":{"start":{"line":72,"column":17},"end":{"line":72,"column":18}},"loc":{"start":{"line":72,"column":29},"end":{"line":78,"column":5}},"line":72},"9":{"name":"(anonymous_9)","decl":{"start":{"line":95,"column":15},"end":{"line":95,"column":16}},"loc":{"start":{"line":95,"column":54},"end":{"line":119,"column":1}},"line":95},"10":{"name":"(anonymous_10)","decl":{"start":{"line":101,"column":31},"end":{"line":101,"column":32}},"loc":{"start":{"line":101,"column":43},"end":{"line":110,"column":3}},"line":101},"11":{"name":"(anonymous_11)","decl":{"start":{"line":121,"column":23},"end":{"line":121,"column":24}},"loc":{"start":{"line":121,"column":62},"end":{"line":129,"column":1}},"line":121},"12":{"name":"(anonymous_12)","decl":{"start":{"line":131,"column":15},"end":{"line":131,"column":16}},"loc":{"start":{"line":131,"column":57},"end":{"line":168,"column":1}},"line":131},"13":{"name":"(anonymous_13)","decl":{"start":{"line":139,"column":19},"end":{"line":139,"column":20}},"loc":{"start":{"line":139,"column":24},"end":{"line":142,"column":5}},"line":139},"14":{"name":"(anonymous_14)","decl":{"start":{"line":149,"column":17},"end":{"line":149,"column":18}},"loc":{"start":{"line":149,"column":22},"end":{"line":154,"column":5}},"line":149},"15":{"name":"(anonymous_15)","decl":{"start":{"line":170,"column":16},"end":{"line":170,"column":17}},"loc":{"start":{"line":170,"column":58},"end":{"line":185,"column":1}},"line":170}},"branchMap":{"0":{"loc":{"start":{"line":32,"column":6},"end":{"line":38,"column":7}},"type":"if","locations":[{"start":{"line":32,"column":6},"end":{"line":38,"column":7}},{"start":{"line":34,"column":13},"end":{"line":38,"column":7}}],"line":32},"1":{"loc":{"start":{"line":32,"column":10},"end":{"line":32,"column":75}},"type":"binary-expr","locations":[{"start":{"line":32,"column":10},"end":{"line":32,"column":31}},{"start":{"line":32,"column":36},"end":{"line":32,"column":54}},{"start":{"line":32,"column":58},"end":{"line":32,"column":74}}],"line":32},"2":{"loc":{"start":{"line":34,"column":13},"end":{"line":38,"column":7}},"type":"if","locations":[{"start":{"line":34,"column":13},"end":{"line":38,"column":7}},{"start":{"line":36,"column":13},"end":{"line":38,"column":7}}],"line":34},"3":{"loc":{"start":{"line":36,"column":13},"end":{"line":38,"column":7}},"type":"if","locations":[{"start":{"line":36,"column":13},"end":{"line":38,"column":7}},{"start":{},"end":{}}],"line":36},"4":{"loc":{"start":{"line":36,"column":17},"end":{"line":36,"column":44}},"type":"binary-expr","locations":[{"start":{"line":36,"column":17},"end":{"line":36,"column":26}},{"start":{"line":36,"column":30},"end":{"line":36,"column":44}}],"line":36},"5":{"loc":{"start":{"line":42,"column":4},"end":{"line":44,"column":5}},"type":"if","locations":[{"start":{"line":42,"column":4},"end":{"line":44,"column":5}},{"start":{},"end":{}}],"line":42},"6":{"loc":{"start":{"line":42,"column":8},"end":{"line":42,"column":50}},"type":"binary-expr","locations":[{"start":{"line":42,"column":8},"end":{"line":42,"column":25}},{"start":{"line":42,"column":29},"end":{"line":42,"column":50}}],"line":42},"7":{"loc":{"start":{"line":73,"column":6},"end":{"line":77,"column":7}},"type":"if","locations":[{"start":{"line":73,"column":6},"end":{"line":77,"column":7}},{"start":{"line":75,"column":13},"end":{"line":77,"column":7}}],"line":73},"8":{"loc":{"start":{"line":73,"column":10},"end":{"line":73,"column":75}},"type":"binary-expr","locations":[{"start":{"line":73,"column":10},"end":{"line":73,"column":31}},{"start":{"line":73,"column":36},"end":{"line":73,"column":54}},{"start":{"line":73,"column":58},"end":{"line":73,"column":74}}],"line":73},"9":{"loc":{"start":{"line":75,"column":13},"end":{"line":77,"column":7}},"type":"if","locations":[{"start":{"line":75,"column":13},"end":{"line":77,"column":7}},{"start":{},"end":{}}],"line":75},"10":{"loc":{"start":{"line":82,"column":4},"end":{"line":84,"column":5}},"type":"if","locations":[{"start":{"line":82,"column":4},"end":{"line":84,"column":5}},{"start":{},"end":{}}],"line":82},"11":{"loc":{"start":{"line":82,"column":8},"end":{"line":82,"column":50}},"type":"binary-expr","locations":[{"start":{"line":82,"column":8},"end":{"line":82,"column":25}},{"start":{"line":82,"column":29},"end":{"line":82,"column":50}}],"line":82},"12":{"loc":{"start":{"line":102,"column":4},"end":{"line":109,"column":5}},"type":"if","locations":[{"start":{"line":102,"column":4},"end":{"line":109,"column":5}},{"start":{},"end":{}}],"line":102},"13":{"loc":{"start":{"line":103,"column":6},"end":{"line":107,"column":7}},"type":"if","locations":[{"start":{"line":103,"column":6},"end":{"line":107,"column":7}},{"start":{"line":105,"column":13},"end":{"line":107,"column":7}}],"line":103},"14":{"loc":{"start":{"line":103,"column":10},"end":{"line":103,"column":75}},"type":"binary-expr","locations":[{"start":{"line":103,"column":10},"end":{"line":103,"column":31}},{"start":{"line":103,"column":36},"end":{"line":103,"column":54}},{"start":{"line":103,"column":58},"end":{"line":103,"column":74}}],"line":103},"15":{"loc":{"start":{"line":105,"column":13},"end":{"line":107,"column":7}},"type":"if","locations":[{"start":{"line":105,"column":13},"end":{"line":107,"column":7}},{"start":{},"end":{}}],"line":105},"16":{"loc":{"start":{"line":124,"column":2},"end":{"line":128,"column":3}},"type":"if","locations":[{"start":{"line":124,"column":2},"end":{"line":128,"column":3}},{"start":{"line":126,"column":9},"end":{"line":128,"column":3}}],"line":124},"17":{"loc":{"start":{"line":137,"column":2},"end":{"line":146,"column":3}},"type":"if","locations":[{"start":{"line":137,"column":2},"end":{"line":146,"column":3}},{"start":{"line":144,"column":9},"end":{"line":146,"column":3}}],"line":137},"18":{"loc":{"start":{"line":141,"column":46},"end":{"line":141,"column":58}},"type":"binary-expr","locations":[{"start":{"line":141,"column":46},"end":{"line":141,"column":48}},{"start":{"line":141,"column":52},"end":{"line":141,"column":58}}],"line":141},"19":{"loc":{"start":{"line":148,"column":2},"end":{"line":155,"column":3}},"type":"if","locations":[{"start":{"line":148,"column":2},"end":{"line":155,"column":3}},{"start":{},"end":{}}],"line":148},"20":{"loc":{"start":{"line":152,"column":23},"end":{"line":152,"column":43}},"type":"binary-expr","locations":[{"start":{"line":152,"column":23},"end":{"line":152,"column":27}},{"start":{"line":152,"column":31},"end":{"line":152,"column":43}}],"line":152},"21":{"loc":{"start":{"line":157,"column":2},"end":{"line":159,"column":3}},"type":"if","locations":[{"start":{"line":157,"column":2},"end":{"line":159,"column":3}},{"start":{},"end":{}}],"line":157},"22":{"loc":{"start":{"line":161,"column":2},"end":{"line":165,"column":3}},"type":"if","locations":[{"start":{"line":161,"column":2},"end":{"line":165,"column":3}},{"start":{"line":163,"column":9},"end":{"line":165,"column":3}}],"line":161},"23":{"loc":{"start":{"line":161,"column":6},"end":{"line":161,"column":21}},"type":"binary-expr","locations":[{"start":{"line":161,"column":6},"end":{"line":161,"column":11}},{"start":{"line":161,"column":15},"end":{"line":161,"column":21}}],"line":161},"24":{"loc":{"start":{"line":163,"column":9},"end":{"line":165,"column":3}},"type":"if","locations":[{"start":{"line":163,"column":9},"end":{"line":165,"column":3}},{"start":{},"end":{}}],"line":163},"25":{"loc":{"start":{"line":176,"column":2},"end":{"line":182,"column":3}},"type":"if","locations":[{"start":{"line":176,"column":2},"end":{"line":182,"column":3}},{"start":{"line":178,"column":9},"end":{"line":182,"column":3}}],"line":176},"26":{"loc":{"start":{"line":178,"column":9},"end":{"line":182,"column":3}},"type":"if","locations":[{"start":{"line":178,"column":9},"end":{"line":182,"column":3}},{"start":{"line":180,"column":9},"end":{"line":182,"column":3}}],"line":178}},"s":{"0":2,"1":2,"2":2,"3":18,"4":18,"5":18,"6":18,"7":18,"8":22,"9":22,"10":18,"11":18,"12":18,"13":4,"14":18,"15":22,"16":166,"17":44,"18":122,"19":79,"20":43,"21":5,"22":22,"23":22,"24":4,"25":22,"26":18,"27":18,"28":18,"29":18,"30":2,"31":35,"32":35,"33":35,"34":35,"35":35,"36":35,"37":35,"38":35,"39":35,"40":0,"41":35,"42":35,"43":245,"44":70,"45":175,"46":140,"47":35,"48":35,"49":0,"50":35,"51":35,"52":35,"53":35,"54":35,"55":2,"56":2,"57":2,"58":2,"59":2,"60":16,"61":14,"62":4,"63":10,"64":8,"65":14,"66":2,"67":2,"68":2,"69":2,"70":2,"71":2,"72":3,"73":3,"74":1,"75":2,"76":2,"77":36,"78":36,"79":36,"80":36,"81":3,"82":3,"83":12,"84":12,"85":3,"86":33,"87":36,"88":5,"89":13,"90":13,"91":13,"92":13,"93":36,"94":18,"95":36,"96":1,"97":35,"98":0,"99":36,"100":2,"101":3,"102":3,"103":3,"104":3,"105":1,"106":2,"107":1,"108":1,"109":3,"110":2},"f":{"0":18,"1":22,"2":4,"3":22,"4":166,"5":35,"6":0,"7":35,"8":245,"9":2,"10":16,"11":3,"12":36,"13":12,"14":13,"15":3},"b":{"0":[44,122],"1":[166,48,44],"2":[79,43],"3":[5,38],"4":[43,38],"5":[4,18],"6":[22,6],"7":[70,175],"8":[245,70,70],"9":[140,35],"10":[0,35],"11":[35,0],"12":[14,2],"13":[4,10],"14":[14,4,4],"15":[8,2],"16":[1,2],"17":[3,33],"18":[12,0],"19":[5,31],"20":[13,0],"21":[18,18],"22":[1,35],"23":[36,1],"24":[0,35],"25":[1,2],"26":[1,1]},"_coverageSchema":"1a1c01bbd47fc00a2c39e90264f33305004495a9","hash":"6e4c27809fa6c505dfa3142b9e717f93ee1b8f7b"}
,"C:\\DEV\\game-resume-backend\\src\\exportTocsv.js": {"path":"C:\\DEV\\game-resume-backend\\src\\exportTocsv.js","statementMap":{"0":{"start":{"line":1,"column":17},"end":{"line":1,"column":42}},"1":{"start":{"line":2,"column":11},"end":{"line":2,"column":24}},"2":{"start":{"line":3,"column":13},"end":{"line":3,"column":28}},"3":{"start":{"line":5,"column":0},"end":{"line":20,"column":1}},"4":{"start":{"line":6,"column":4},"end":{"line":19,"column":5}},"5":{"start":{"line":7,"column":21},"end":{"line":7,"column":31}},"6":{"start":{"line":8,"column":20},"end":{"line":8,"column":46}},"7":{"start":{"line":9,"column":25},"end":{"line":9,"column":43}},"8":{"start":{"line":10,"column":8},"end":{"line":13,"column":11}},"9":{"start":{"line":11,"column":12},"end":{"line":11,"column":31}},"10":{"start":{"line":11,"column":21},"end":{"line":11,"column":31}},"11":{"start":{"line":12,"column":12},"end":{"line":12,"column":53}},"12":{"start":{"line":15,"column":8},"end":{"line":15,"column":31}},"13":{"start":{"line":18,"column":8},"end":{"line":18,"column":27}}},"fnMap":{"0":{"name":"(anonymous_0)","decl":{"start":{"line":5,"column":23},"end":{"line":5,"column":24}},"loc":{"start":{"line":5,"column":53},"end":{"line":20,"column":1}},"line":5},"1":{"name":"(anonymous_1)","decl":{"start":{"line":10,"column":51},"end":{"line":10,"column":52}},"loc":{"start":{"line":10,"column":66},"end":{"line":13,"column":9}},"line":10}},"branchMap":{"0":{"loc":{"start":{"line":11,"column":12},"end":{"line":11,"column":31}},"type":"if","locations":[{"start":{"line":11,"column":12},"end":{"line":11,"column":31}},{"start":{},"end":{}}],"line":11}},"s":{"0":1,"1":1,"2":1,"3":1,"4":0,"5":0,"6":0,"7":0,"8":0,"9":0,"10":0,"11":0,"12":0,"13":0},"f":{"0":0,"1":0},"b":{"0":[0,0]},"_coverageSchema":"1a1c01bbd47fc00a2c39e90264f33305004495a9","hash":"30d79b2eeb955ea4b5927a1c346a82c800a9567e"}
,"C:\\DEV\\game-resume-backend\\src\\getMessage.js": {"path":"C:\\DEV\\game-resume-backend\\src\\getMessage.js","statementMap":{"0":{"start":{"line":2,"column":2},"end":{"line":2,"column":32}}},"fnMap":{"0":{"name":"getMessage","decl":{"start":{"line":1,"column":24},"end":{"line":1,"column":34}},"loc":{"start":{"line":1,"column":37},"end":{"line":3,"column":1}},"line":1}},"branchMap":{},"s":{"0":1},"f":{"0":1},"b":{},"_coverageSchema":"1a1c01bbd47fc00a2c39e90264f33305004495a9","hash":"4ac56d3cd39b0c49bd8344fd74897b44bfc4e097"}
,"C:\\DEV\\game-resume-backend\\src\\requests.js": {"path":"C:\\DEV\\game-resume-backend\\src\\requests.js","statementMap":{"0":{"start":{"line":7,"column":23},"end":{"line":7,"column":43}},"1":{"start":{"line":10,"column":19},"end":{"line":10,"column":43}},"2":{"start":{"line":11,"column":12},"end":{"line":11,"column":26}},"3":{"start":{"line":12,"column":13},"end":{"line":12,"column":28}},"4":{"start":{"line":13,"column":18},"end":{"line":13,"column":38}},"5":{"start":{"line":17,"column":14},"end":{"line":17,"column":32}},"6":{"start":{"line":18,"column":11},"end":{"line":18,"column":24}},"7":{"start":{"line":20,"column":24},"end":{"line":1081,"column":1}},"8":{"start":{"line":22,"column":16},"end":{"line":24,"column":5}},"9":{"start":{"line":23,"column":8},"end":{"line":23,"column":71}},"10":{"start":{"line":26,"column":25},"end":{"line":64,"column":5}},"11":{"start":{"line":27,"column":16},"end":{"line":27,"column":18}},"12":{"start":{"line":28,"column":8},"end":{"line":62,"column":9}},"13":{"start":{"line":30,"column":16},"end":{"line":30,"column":106}},"14":{"start":{"line":31,"column":16},"end":{"line":31,"column":22}},"15":{"start":{"line":33,"column":16},"end":{"line":33,"column":107}},"16":{"start":{"line":34,"column":16},"end":{"line":34,"column":22}},"17":{"start":{"line":36,"column":16},"end":{"line":36,"column":108}},"18":{"start":{"line":37,"column":16},"end":{"line":37,"column":22}},"19":{"start":{"line":39,"column":16},"end":{"line":39,"column":109}},"20":{"start":{"line":40,"column":16},"end":{"line":40,"column":22}},"21":{"start":{"line":42,"column":16},"end":{"line":42,"column":104}},"22":{"start":{"line":43,"column":16},"end":{"line":43,"column":22}},"23":{"start":{"line":45,"column":16},"end":{"line":45,"column":105}},"24":{"start":{"line":46,"column":16},"end":{"line":46,"column":22}},"25":{"start":{"line":48,"column":16},"end":{"line":48,"column":71}},"26":{"start":{"line":49,"column":16},"end":{"line":49,"column":22}},"27":{"start":{"line":51,"column":16},"end":{"line":51,"column":66}},"28":{"start":{"line":52,"column":16},"end":{"line":52,"column":22}},"29":{"start":{"line":54,"column":16},"end":{"line":54,"column":86}},"30":{"start":{"line":55,"column":16},"end":{"line":55,"column":22}},"31":{"start":{"line":57,"column":16},"end":{"line":57,"column":87}},"32":{"start":{"line":58,"column":16},"end":{"line":58,"column":22}},"33":{"start":{"line":60,"column":16},"end":{"line":60,"column":30}},"34":{"start":{"line":61,"column":16},"end":{"line":61,"column":22}},"35":{"start":{"line":63,"column":8},"end":{"line":63,"column":17}},"36":{"start":{"line":66,"column":24},"end":{"line":91,"column":5}},"37":{"start":{"line":67,"column":8},"end":{"line":90,"column":9}},"38":{"start":{"line":69,"column":16},"end":{"line":69,"column":30}},"39":{"start":{"line":71,"column":16},"end":{"line":71,"column":30}},"40":{"start":{"line":73,"column":16},"end":{"line":73,"column":30}},"41":{"start":{"line":75,"column":16},"end":{"line":75,"column":30}},"42":{"start":{"line":77,"column":16},"end":{"line":77,"column":31}},"43":{"start":{"line":79,"column":16},"end":{"line":79,"column":30}},"44":{"start":{"line":81,"column":16},"end":{"line":81,"column":30}},"45":{"start":{"line":83,"column":16},"end":{"line":83,"column":39}},"46":{"start":{"line":85,"column":16},"end":{"line":85,"column":29}},"47":{"start":{"line":87,"column":16},"end":{"line":87,"column":32}},"48":{"start":{"line":89,"column":16},"end":{"line":89,"column":28}},"49":{"start":{"line":94,"column":24},"end":{"line":96,"column":5}},"50":{"start":{"line":95,"column":8},"end":{"line":95,"column":57}},"51":{"start":{"line":98,"column":21},"end":{"line":106,"column":5}},"52":{"start":{"line":99,"column":8},"end":{"line":105,"column":9}},"53":{"start":{"line":100,"column":26},"end":{"line":100,"column":49}},"54":{"start":{"line":101,"column":12},"end":{"line":101,"column":52}},"55":{"start":{"line":103,"column":12},"end":{"line":103,"column":32}},"56":{"start":{"line":104,"column":12},"end":{"line":104,"column":84}},"57":{"start":{"line":108,"column":27},"end":{"line":133,"column":5}},"58":{"start":{"line":109,"column":8},"end":{"line":132,"column":9}},"59":{"start":{"line":110,"column":20},"end":{"line":110,"column":22}},"60":{"start":{"line":112,"column":12},"end":{"line":125,"column":13}},"61":{"start":{"line":114,"column":20},"end":{"line":114,"column":76}},"62":{"start":{"line":115,"column":20},"end":{"line":115,"column":26}},"63":{"start":{"line":117,"column":20},"end":{"line":117,"column":67}},"64":{"start":{"line":118,"column":20},"end":{"line":118,"column":26}},"65":{"start":{"line":120,"column":20},"end":{"line":120,"column":92}},"66":{"start":{"line":121,"column":20},"end":{"line":121,"column":26}},"67":{"start":{"line":123,"column":20},"end":{"line":123,"column":34}},"68":{"start":{"line":124,"column":20},"end":{"line":124,"column":26}},"69":{"start":{"line":127,"column":27},"end":{"line":127,"column":83}},"70":{"start":{"line":128,"column":12},"end":{"line":128,"column":54}},"71":{"start":{"line":130,"column":12},"end":{"line":130,"column":32}},"72":{"start":{"line":131,"column":12},"end":{"line":131,"column":84}},"73":{"start":{"line":135,"column":27},"end":{"line":143,"column":5}},"74":{"start":{"line":136,"column":8},"end":{"line":142,"column":9}},"75":{"start":{"line":137,"column":31},"end":{"line":137,"column":86}},"76":{"start":{"line":138,"column":12},"end":{"line":138,"column":62}},"77":{"start":{"line":140,"column":12},"end":{"line":140,"column":32}},"78":{"start":{"line":141,"column":12},"end":{"line":141,"column":84}},"79":{"start":{"line":145,"column":28},"end":{"line":153,"column":5}},"80":{"start":{"line":146,"column":8},"end":{"line":152,"column":9}},"81":{"start":{"line":147,"column":26},"end":{"line":147,"column":103}},"82":{"start":{"line":148,"column":12},"end":{"line":148,"column":52}},"83":{"start":{"line":150,"column":12},"end":{"line":150,"column":32}},"84":{"start":{"line":151,"column":12},"end":{"line":151,"column":84}},"85":{"start":{"line":155,"column":29},"end":{"line":163,"column":5}},"86":{"start":{"line":156,"column":8},"end":{"line":162,"column":9}},"87":{"start":{"line":157,"column":26},"end":{"line":157,"column":103}},"88":{"start":{"line":158,"column":12},"end":{"line":158,"column":52}},"89":{"start":{"line":160,"column":12},"end":{"line":160,"column":32}},"90":{"start":{"line":161,"column":12},"end":{"line":161,"column":84}},"91":{"start":{"line":165,"column":27},"end":{"line":177,"column":5}},"92":{"start":{"line":166,"column":8},"end":{"line":176,"column":9}},"93":{"start":{"line":167,"column":26},"end":{"line":171,"column":14}},"94":{"start":{"line":172,"column":12},"end":{"line":172,"column":52}},"95":{"start":{"line":174,"column":12},"end":{"line":174,"column":32}},"96":{"start":{"line":175,"column":12},"end":{"line":175,"column":84}},"97":{"start":{"line":179,"column":26},"end":{"line":189,"column":5}},"98":{"start":{"line":180,"column":8},"end":{"line":188,"column":9}},"99":{"start":{"line":181,"column":29},"end":{"line":181,"column":205}},"100":{"start":{"line":182,"column":26},"end":{"line":182,"column":54}},"101":{"start":{"line":184,"column":12},"end":{"line":184,"column":52}},"102":{"start":{"line":186,"column":12},"end":{"line":186,"column":32}},"103":{"start":{"line":187,"column":12},"end":{"line":187,"column":84}},"104":{"start":{"line":191,"column":25},"end":{"line":199,"column":5}},"105":{"start":{"line":192,"column":8},"end":{"line":198,"column":9}},"106":{"start":{"line":193,"column":26},"end":{"line":193,"column":127}},"107":{"start":{"line":194,"column":12},"end":{"line":194,"column":52}},"108":{"start":{"line":196,"column":12},"end":{"line":196,"column":32}},"109":{"start":{"line":197,"column":12},"end":{"line":197,"column":84}},"110":{"start":{"line":201,"column":25},"end":{"line":213,"column":5}},"111":{"start":{"line":202,"column":8},"end":{"line":212,"column":9}},"112":{"start":{"line":203,"column":26},"end":{"line":207,"column":14}},"113":{"start":{"line":208,"column":12},"end":{"line":208,"column":52}},"114":{"start":{"line":210,"column":12},"end":{"line":210,"column":32}},"115":{"start":{"line":211,"column":12},"end":{"line":211,"column":84}},"116":{"start":{"line":215,"column":26},"end":{"line":227,"column":5}},"117":{"start":{"line":216,"column":8},"end":{"line":226,"column":9}},"118":{"start":{"line":217,"column":26},"end":{"line":221,"column":14}},"119":{"start":{"line":222,"column":12},"end":{"line":222,"column":52}},"120":{"start":{"line":224,"column":12},"end":{"line":224,"column":32}},"121":{"start":{"line":225,"column":12},"end":{"line":225,"column":84}},"122":{"start":{"line":229,"column":30},"end":{"line":241,"column":5}},"123":{"start":{"line":230,"column":8},"end":{"line":240,"column":9}},"124":{"start":{"line":231,"column":26},"end":{"line":235,"column":14}},"125":{"start":{"line":236,"column":12},"end":{"line":236,"column":52}},"126":{"start":{"line":238,"column":12},"end":{"line":238,"column":32}},"127":{"start":{"line":239,"column":12},"end":{"line":239,"column":84}},"128":{"start":{"line":243,"column":36},"end":{"line":258,"column":5}},"129":{"start":{"line":244,"column":8},"end":{"line":257,"column":9}},"130":{"start":{"line":245,"column":26},"end":{"line":252,"column":14}},"131":{"start":{"line":253,"column":12},"end":{"line":253,"column":52}},"132":{"start":{"line":255,"column":12},"end":{"line":255,"column":32}},"133":{"start":{"line":256,"column":12},"end":{"line":256,"column":84}},"134":{"start":{"line":261,"column":27},"end":{"line":269,"column":5}},"135":{"start":{"line":262,"column":8},"end":{"line":268,"column":9}},"136":{"start":{"line":263,"column":26},"end":{"line":263,"column":79}},"137":{"start":{"line":264,"column":12},"end":{"line":264,"column":52}},"138":{"start":{"line":266,"column":12},"end":{"line":266,"column":32}},"139":{"start":{"line":267,"column":12},"end":{"line":267,"column":84}},"140":{"start":{"line":272,"column":24},"end":{"line":280,"column":5}},"141":{"start":{"line":273,"column":8},"end":{"line":279,"column":9}},"142":{"start":{"line":274,"column":26},"end":{"line":274,"column":130}},"143":{"start":{"line":275,"column":12},"end":{"line":275,"column":52}},"144":{"start":{"line":277,"column":12},"end":{"line":277,"column":32}},"145":{"start":{"line":278,"column":12},"end":{"line":278,"column":84}},"146":{"start":{"line":282,"column":29},"end":{"line":290,"column":5}},"147":{"start":{"line":283,"column":8},"end":{"line":289,"column":9}},"148":{"start":{"line":284,"column":26},"end":{"line":284,"column":135}},"149":{"start":{"line":285,"column":12},"end":{"line":285,"column":52}},"150":{"start":{"line":287,"column":12},"end":{"line":287,"column":32}},"151":{"start":{"line":288,"column":12},"end":{"line":288,"column":84}},"152":{"start":{"line":292,"column":21},"end":{"line":304,"column":5}},"153":{"start":{"line":293,"column":8},"end":{"line":303,"column":9}},"154":{"start":{"line":294,"column":25},"end":{"line":298,"column":14}},"155":{"start":{"line":299,"column":12},"end":{"line":299,"column":51}},"156":{"start":{"line":301,"column":12},"end":{"line":301,"column":32}},"157":{"start":{"line":302,"column":12},"end":{"line":302,"column":84}},"158":{"start":{"line":306,"column":25},"end":{"line":315,"column":5}},"159":{"start":{"line":307,"column":8},"end":{"line":314,"column":9}},"160":{"start":{"line":308,"column":23},"end":{"line":308,"column":35}},"161":{"start":{"line":309,"column":25},"end":{"line":309,"column":64}},"162":{"start":{"line":310,"column":12},"end":{"line":310,"column":51}},"163":{"start":{"line":312,"column":12},"end":{"line":312,"column":32}},"164":{"start":{"line":313,"column":12},"end":{"line":313,"column":84}},"165":{"start":{"line":317,"column":23},"end":{"line":355,"column":5}},"166":{"start":{"line":318,"column":8},"end":{"line":354,"column":9}},"167":{"start":{"line":319,"column":25},"end":{"line":319,"column":39}},"168":{"start":{"line":321,"column":12},"end":{"line":349,"column":13}},"169":{"start":{"line":323,"column":20},"end":{"line":323,"column":125}},"170":{"start":{"line":324,"column":20},"end":{"line":324,"column":53}},"171":{"start":{"line":324,"column":44},"end":{"line":324,"column":52}},"172":{"start":{"line":325,"column":20},"end":{"line":325,"column":52}},"173":{"start":{"line":325,"column":44},"end":{"line":325,"column":51}},"174":{"start":{"line":326,"column":20},"end":{"line":326,"column":46}},"175":{"start":{"line":327,"column":20},"end":{"line":327,"column":26}},"176":{"start":{"line":329,"column":20},"end":{"line":329,"column":134}},"177":{"start":{"line":330,"column":20},"end":{"line":330,"column":53}},"178":{"start":{"line":330,"column":44},"end":{"line":330,"column":52}},"179":{"start":{"line":331,"column":20},"end":{"line":331,"column":52}},"180":{"start":{"line":331,"column":44},"end":{"line":331,"column":51}},"181":{"start":{"line":332,"column":20},"end":{"line":332,"column":55}},"182":{"start":{"line":333,"column":20},"end":{"line":333,"column":26}},"183":{"start":{"line":335,"column":20},"end":{"line":335,"column":136}},"184":{"start":{"line":336,"column":20},"end":{"line":336,"column":53}},"185":{"start":{"line":336,"column":44},"end":{"line":336,"column":52}},"186":{"start":{"line":337,"column":20},"end":{"line":337,"column":57}},"187":{"start":{"line":337,"column":44},"end":{"line":337,"column":56}},"188":{"start":{"line":338,"column":20},"end":{"line":338,"column":54}},"189":{"start":{"line":339,"column":20},"end":{"line":339,"column":26}},"190":{"start":{"line":341,"column":20},"end":{"line":341,"column":145}},"191":{"start":{"line":342,"column":20},"end":{"line":342,"column":53}},"192":{"start":{"line":342,"column":44},"end":{"line":342,"column":52}},"193":{"start":{"line":343,"column":20},"end":{"line":343,"column":57}},"194":{"start":{"line":343,"column":44},"end":{"line":343,"column":56}},"195":{"start":{"line":344,"column":20},"end":{"line":344,"column":57}},"196":{"start":{"line":345,"column":20},"end":{"line":345,"column":26}},"197":{"start":{"line":347,"column":20},"end":{"line":347,"column":50}},"198":{"start":{"line":348,"column":20},"end":{"line":348,"column":26}},"199":{"start":{"line":350,"column":12},"end":{"line":350,"column":68}},"200":{"start":{"line":352,"column":12},"end":{"line":352,"column":32}},"201":{"start":{"line":353,"column":12},"end":{"line":353,"column":84}},"202":{"start":{"line":357,"column":29},"end":{"line":365,"column":5}},"203":{"start":{"line":358,"column":8},"end":{"line":364,"column":9}},"204":{"start":{"line":359,"column":26},"end":{"line":359,"column":81}},"205":{"start":{"line":360,"column":12},"end":{"line":360,"column":52}},"206":{"start":{"line":362,"column":12},"end":{"line":362,"column":32}},"207":{"start":{"line":363,"column":12},"end":{"line":363,"column":84}},"208":{"start":{"line":367,"column":24},"end":{"line":464,"column":5}},"209":{"start":{"line":368,"column":8},"end":{"line":463,"column":9}},"210":{"start":{"line":369,"column":30},"end":{"line":369,"column":44}},"211":{"start":{"line":372,"column":12},"end":{"line":372,"column":81}},"212":{"start":{"line":373,"column":12},"end":{"line":373,"column":69}},"213":{"start":{"line":374,"column":12},"end":{"line":374,"column":78}},"214":{"start":{"line":375,"column":12},"end":{"line":375,"column":77}},"215":{"start":{"line":376,"column":12},"end":{"line":376,"column":81}},"216":{"start":{"line":381,"column":12},"end":{"line":381,"column":29}},"217":{"start":{"line":382,"column":12},"end":{"line":382,"column":37}},"218":{"start":{"line":383,"column":12},"end":{"line":383,"column":43}},"219":{"start":{"line":384,"column":12},"end":{"line":384,"column":39}},"220":{"start":{"line":385,"column":12},"end":{"line":385,"column":45}},"221":{"start":{"line":386,"column":12},"end":{"line":386,"column":51}},"222":{"start":{"line":387,"column":12},"end":{"line":387,"column":36}},"223":{"start":{"line":389,"column":12},"end":{"line":389,"column":43}},"224":{"start":{"line":391,"column":12},"end":{"line":393,"column":13}},"225":{"start":{"line":392,"column":16},"end":{"line":392,"column":55}},"226":{"start":{"line":396,"column":20},"end":{"line":396,"column":22}},"227":{"start":{"line":398,"column":12},"end":{"line":417,"column":13}},"228":{"start":{"line":400,"column":20},"end":{"line":400,"column":149}},"229":{"start":{"line":401,"column":20},"end":{"line":401,"column":26}},"230":{"start":{"line":403,"column":20},"end":{"line":403,"column":128}},"231":{"start":{"line":404,"column":20},"end":{"line":404,"column":26}},"232":{"start":{"line":406,"column":20},"end":{"line":406,"column":120}},"233":{"start":{"line":407,"column":20},"end":{"line":407,"column":26}},"234":{"start":{"line":409,"column":20},"end":{"line":409,"column":114}},"235":{"start":{"line":410,"column":20},"end":{"line":410,"column":26}},"236":{"start":{"line":412,"column":20},"end":{"line":412,"column":118}},"237":{"start":{"line":413,"column":20},"end":{"line":413,"column":26}},"238":{"start":{"line":415,"column":20},"end":{"line":415,"column":58}},"239":{"start":{"line":416,"column":20},"end":{"line":416,"column":26}},"240":{"start":{"line":419,"column":12},"end":{"line":456,"column":13}},"241":{"start":{"line":420,"column":16},"end":{"line":420,"column":58}},"242":{"start":{"line":423,"column":16},"end":{"line":454,"column":17}},"243":{"start":{"line":424,"column":20},"end":{"line":428,"column":21}},"244":{"start":{"line":425,"column":24},"end":{"line":425,"column":206}},"245":{"start":{"line":427,"column":24},"end":{"line":427,"column":177}},"246":{"start":{"line":429,"column":23},"end":{"line":454,"column":17}},"247":{"start":{"line":430,"column":20},"end":{"line":434,"column":21}},"248":{"start":{"line":431,"column":24},"end":{"line":431,"column":195}},"249":{"start":{"line":433,"column":24},"end":{"line":433,"column":166}},"250":{"start":{"line":435,"column":23},"end":{"line":454,"column":17}},"251":{"start":{"line":436,"column":20},"end":{"line":440,"column":21}},"252":{"start":{"line":437,"column":24},"end":{"line":437,"column":194}},"253":{"start":{"line":439,"column":24},"end":{"line":439,"column":163}},"254":{"start":{"line":442,"column":23},"end":{"line":454,"column":17}},"255":{"start":{"line":443,"column":20},"end":{"line":447,"column":21}},"256":{"start":{"line":444,"column":24},"end":{"line":444,"column":193}},"257":{"start":{"line":446,"column":24},"end":{"line":446,"column":163}},"258":{"start":{"line":449,"column":20},"end":{"line":453,"column":21}},"259":{"start":{"line":450,"column":24},"end":{"line":450,"column":258}},"260":{"start":{"line":452,"column":24},"end":{"line":452,"column":229}},"261":{"start":{"line":457,"column":39},"end":{"line":457,"column":95}},"262":{"start":{"line":459,"column":12},"end":{"line":459,"column":93}},"263":{"start":{"line":461,"column":12},"end":{"line":461,"column":32}},"264":{"start":{"line":462,"column":12},"end":{"line":462,"column":84}},"265":{"start":{"line":466,"column":22},"end":{"line":480,"column":5}},"266":{"start":{"line":467,"column":8},"end":{"line":479,"column":9}},"267":{"start":{"line":468,"column":45},"end":{"line":468,"column":53}},"268":{"start":{"line":469,"column":20},"end":{"line":469,"column":141}},"269":{"start":{"line":470,"column":27},"end":{"line":470,"column":83}},"270":{"start":{"line":472,"column":12},"end":{"line":472,"column":83}},"271":{"start":{"line":473,"column":27},"end":{"line":473,"column":83}},"272":{"start":{"line":475,"column":12},"end":{"line":475,"column":53}},"273":{"start":{"line":477,"column":12},"end":{"line":477,"column":32}},"274":{"start":{"line":478,"column":12},"end":{"line":478,"column":84}},"275":{"start":{"line":482,"column":23},"end":{"line":565,"column":5}},"276":{"start":{"line":483,"column":8},"end":{"line":563,"column":9}},"277":{"start":{"line":484,"column":30},"end":{"line":484,"column":44}},"278":{"start":{"line":486,"column":20},"end":{"line":486,"column":22}},"279":{"start":{"line":488,"column":45},"end":{"line":488,"column":53}},"280":{"start":{"line":490,"column":12},"end":{"line":490,"column":42}},"281":{"start":{"line":492,"column":12},"end":{"line":555,"column":13}},"282":{"start":{"line":493,"column":16},"end":{"line":493,"column":55}},"283":{"start":{"line":494,"column":19},"end":{"line":555,"column":13}},"284":{"start":{"line":495,"column":16},"end":{"line":495,"column":58}},"285":{"start":{"line":496,"column":19},"end":{"line":555,"column":13}},"286":{"start":{"line":497,"column":16},"end":{"line":497,"column":52}},"287":{"start":{"line":500,"column":16},"end":{"line":554,"column":17}},"288":{"start":{"line":501,"column":20},"end":{"line":501,"column":66}},"289":{"start":{"line":502,"column":30},"end":{"line":502,"column":86}},"290":{"start":{"line":503,"column":20},"end":{"line":503,"column":90}},"291":{"start":{"line":503,"column":38},"end":{"line":503,"column":90}},"292":{"start":{"line":504,"column":20},"end":{"line":508,"column":21}},"293":{"start":{"line":505,"column":24},"end":{"line":505,"column":129}},"294":{"start":{"line":507,"column":24},"end":{"line":507,"column":123}},"295":{"start":{"line":510,"column":23},"end":{"line":554,"column":17}},"296":{"start":{"line":511,"column":20},"end":{"line":511,"column":62}},"297":{"start":{"line":512,"column":30},"end":{"line":512,"column":86}},"298":{"start":{"line":513,"column":20},"end":{"line":513,"column":86}},"299":{"start":{"line":513,"column":38},"end":{"line":513,"column":86}},"300":{"start":{"line":514,"column":20},"end":{"line":518,"column":21}},"301":{"start":{"line":515,"column":24},"end":{"line":515,"column":125}},"302":{"start":{"line":517,"column":24},"end":{"line":517,"column":119}},"303":{"start":{"line":519,"column":23},"end":{"line":554,"column":17}},"304":{"start":{"line":520,"column":20},"end":{"line":520,"column":64}},"305":{"start":{"line":521,"column":30},"end":{"line":521,"column":86}},"306":{"start":{"line":522,"column":20},"end":{"line":522,"column":88}},"307":{"start":{"line":522,"column":38},"end":{"line":522,"column":88}},"308":{"start":{"line":523,"column":20},"end":{"line":527,"column":21}},"309":{"start":{"line":524,"column":24},"end":{"line":524,"column":127}},"310":{"start":{"line":526,"column":24},"end":{"line":526,"column":121}},"311":{"start":{"line":528,"column":23},"end":{"line":554,"column":17}},"312":{"start":{"line":529,"column":20},"end":{"line":529,"column":73}},"313":{"start":{"line":530,"column":30},"end":{"line":530,"column":86}},"314":{"start":{"line":531,"column":20},"end":{"line":531,"column":97}},"315":{"start":{"line":531,"column":38},"end":{"line":531,"column":97}},"316":{"start":{"line":532,"column":20},"end":{"line":536,"column":21}},"317":{"start":{"line":533,"column":24},"end":{"line":533,"column":136}},"318":{"start":{"line":535,"column":24},"end":{"line":535,"column":130}},"319":{"start":{"line":538,"column":20},"end":{"line":538,"column":88}},"320":{"start":{"line":539,"column":30},"end":{"line":539,"column":86}},"321":{"start":{"line":540,"column":20},"end":{"line":540,"column":108}},"322":{"start":{"line":540,"column":38},"end":{"line":540,"column":108}},"323":{"start":{"line":541,"column":20},"end":{"line":553,"column":21}},"324":{"start":{"line":542,"column":24},"end":{"line":546,"column":25}},"325":{"start":{"line":543,"column":28},"end":{"line":543,"column":141}},"326":{"start":{"line":545,"column":28},"end":{"line":545,"column":133}},"327":{"start":{"line":548,"column":24},"end":{"line":552,"column":25}},"328":{"start":{"line":549,"column":28},"end":{"line":549,"column":135}},"329":{"start":{"line":551,"column":28},"end":{"line":551,"column":127}},"330":{"start":{"line":557,"column":39},"end":{"line":557,"column":95}},"331":{"start":{"line":559,"column":12},"end":{"line":559,"column":58}},"332":{"start":{"line":561,"column":12},"end":{"line":561,"column":32}},"333":{"start":{"line":562,"column":12},"end":{"line":562,"column":84}},"334":{"start":{"line":567,"column":23},"end":{"line":582,"column":5}},"335":{"start":{"line":568,"column":8},"end":{"line":581,"column":9}},"336":{"start":{"line":569,"column":22},"end":{"line":569,"column":37}},"337":{"start":{"line":571,"column":12},"end":{"line":573,"column":13}},"338":{"start":{"line":572,"column":16},"end":{"line":572,"column":59}},"339":{"start":{"line":575,"column":26},"end":{"line":575,"column":145}},"340":{"start":{"line":577,"column":12},"end":{"line":577,"column":52}},"341":{"start":{"line":579,"column":12},"end":{"line":579,"column":32}},"342":{"start":{"line":580,"column":12},"end":{"line":580,"column":84}},"343":{"start":{"line":584,"column":28},"end":{"line":598,"column":5}},"344":{"start":{"line":585,"column":8},"end":{"line":597,"column":9}},"345":{"start":{"line":586,"column":22},"end":{"line":586,"column":37}},"346":{"start":{"line":588,"column":12},"end":{"line":590,"column":13}},"347":{"start":{"line":589,"column":16},"end":{"line":589,"column":59}},"348":{"start":{"line":591,"column":26},"end":{"line":591,"column":198}},"349":{"start":{"line":593,"column":12},"end":{"line":593,"column":52}},"350":{"start":{"line":595,"column":12},"end":{"line":595,"column":32}},"351":{"start":{"line":596,"column":12},"end":{"line":596,"column":84}},"352":{"start":{"line":600,"column":23},"end":{"line":693,"column":5}},"353":{"start":{"line":601,"column":8},"end":{"line":691,"column":9}},"354":{"start":{"line":602,"column":30},"end":{"line":602,"column":44}},"355":{"start":{"line":605,"column":12},"end":{"line":605,"column":29}},"356":{"start":{"line":606,"column":12},"end":{"line":606,"column":37}},"357":{"start":{"line":607,"column":12},"end":{"line":607,"column":57}},"358":{"start":{"line":608,"column":12},"end":{"line":608,"column":41}},"359":{"start":{"line":609,"column":12},"end":{"line":609,"column":78}},"360":{"start":{"line":610,"column":12},"end":{"line":610,"column":45}},"361":{"start":{"line":611,"column":12},"end":{"line":611,"column":39}},"362":{"start":{"line":612,"column":12},"end":{"line":612,"column":49}},"363":{"start":{"line":613,"column":12},"end":{"line":613,"column":37}},"364":{"start":{"line":614,"column":12},"end":{"line":614,"column":43}},"365":{"start":{"line":615,"column":12},"end":{"line":615,"column":51}},"366":{"start":{"line":618,"column":12},"end":{"line":618,"column":42}},"367":{"start":{"line":620,"column":12},"end":{"line":622,"column":13}},"368":{"start":{"line":621,"column":16},"end":{"line":621,"column":55}},"369":{"start":{"line":624,"column":12},"end":{"line":626,"column":13}},"370":{"start":{"line":625,"column":16},"end":{"line":625,"column":49}},"371":{"start":{"line":629,"column":20},"end":{"line":629,"column":22}},"372":{"start":{"line":631,"column":12},"end":{"line":650,"column":13}},"373":{"start":{"line":633,"column":20},"end":{"line":633,"column":149}},"374":{"start":{"line":634,"column":20},"end":{"line":634,"column":26}},"375":{"start":{"line":636,"column":20},"end":{"line":636,"column":115}},"376":{"start":{"line":637,"column":20},"end":{"line":637,"column":26}},"377":{"start":{"line":639,"column":20},"end":{"line":639,"column":120}},"378":{"start":{"line":640,"column":20},"end":{"line":640,"column":26}},"379":{"start":{"line":642,"column":20},"end":{"line":642,"column":101}},"380":{"start":{"line":643,"column":20},"end":{"line":643,"column":26}},"381":{"start":{"line":645,"column":20},"end":{"line":645,"column":83}},"382":{"start":{"line":646,"column":20},"end":{"line":646,"column":26}},"383":{"start":{"line":648,"column":20},"end":{"line":648,"column":58}},"384":{"start":{"line":649,"column":20},"end":{"line":649,"column":26}},"385":{"start":{"line":652,"column":12},"end":{"line":687,"column":13}},"386":{"start":{"line":653,"column":16},"end":{"line":653,"column":57}},"387":{"start":{"line":656,"column":16},"end":{"line":683,"column":17}},"388":{"start":{"line":657,"column":20},"end":{"line":661,"column":21}},"389":{"start":{"line":658,"column":24},"end":{"line":658,"column":286}},"390":{"start":{"line":660,"column":24},"end":{"line":660,"column":274}},"391":{"start":{"line":663,"column":23},"end":{"line":683,"column":17}},"392":{"start":{"line":664,"column":20},"end":{"line":668,"column":21}},"393":{"start":{"line":665,"column":24},"end":{"line":665,"column":226}},"394":{"start":{"line":667,"column":24},"end":{"line":667,"column":214}},"395":{"start":{"line":670,"column":23},"end":{"line":683,"column":17}},"396":{"start":{"line":671,"column":20},"end":{"line":675,"column":21}},"397":{"start":{"line":672,"column":24},"end":{"line":672,"column":214}},"398":{"start":{"line":674,"column":24},"end":{"line":674,"column":202}},"399":{"start":{"line":677,"column":23},"end":{"line":683,"column":17}},"400":{"start":{"line":678,"column":20},"end":{"line":682,"column":21}},"401":{"start":{"line":679,"column":24},"end":{"line":679,"column":206}},"402":{"start":{"line":681,"column":24},"end":{"line":681,"column":196}},"403":{"start":{"line":684,"column":43},"end":{"line":684,"column":99}},"404":{"start":{"line":686,"column":16},"end":{"line":686,"column":62}},"405":{"start":{"line":689,"column":12},"end":{"line":689,"column":32}},"406":{"start":{"line":690,"column":12},"end":{"line":690,"column":84}},"407":{"start":{"line":696,"column":23},"end":{"line":778,"column":5}},"408":{"start":{"line":698,"column":26},"end":{"line":698,"column":40}},"409":{"start":{"line":699,"column":22},"end":{"line":699,"column":36}},"410":{"start":{"line":700,"column":19},"end":{"line":700,"column":30}},"411":{"start":{"line":704,"column":8},"end":{"line":704,"column":38}},"412":{"start":{"line":706,"column":8},"end":{"line":777,"column":9}},"413":{"start":{"line":707,"column":33},"end":{"line":707,"column":55}},"414":{"start":{"line":708,"column":12},"end":{"line":708,"column":45}},"415":{"start":{"line":709,"column":12},"end":{"line":709,"column":56}},"416":{"start":{"line":710,"column":15},"end":{"line":777,"column":9}},"417":{"start":{"line":711,"column":33},"end":{"line":711,"column":54}},"418":{"start":{"line":712,"column":12},"end":{"line":712,"column":45}},"419":{"start":{"line":713,"column":12},"end":{"line":713,"column":56}},"420":{"start":{"line":714,"column":15},"end":{"line":777,"column":9}},"421":{"start":{"line":715,"column":20},"end":{"line":715,"column":22}},"422":{"start":{"line":716,"column":12},"end":{"line":716,"column":58}},"423":{"start":{"line":718,"column":12},"end":{"line":725,"column":13}},"424":{"start":{"line":719,"column":16},"end":{"line":719,"column":73}},"425":{"start":{"line":721,"column":16},"end":{"line":721,"column":38}},"426":{"start":{"line":723,"column":16},"end":{"line":723,"column":36}},"427":{"start":{"line":724,"column":16},"end":{"line":724,"column":88}},"428":{"start":{"line":726,"column":15},"end":{"line":777,"column":9}},"429":{"start":{"line":727,"column":20},"end":{"line":727,"column":22}},"430":{"start":{"line":728,"column":12},"end":{"line":728,"column":54}},"431":{"start":{"line":730,"column":12},"end":{"line":737,"column":13}},"432":{"start":{"line":731,"column":16},"end":{"line":731,"column":73}},"433":{"start":{"line":733,"column":16},"end":{"line":733,"column":38}},"434":{"start":{"line":735,"column":16},"end":{"line":735,"column":36}},"435":{"start":{"line":736,"column":16},"end":{"line":736,"column":88}},"436":{"start":{"line":739,"column":15},"end":{"line":777,"column":9}},"437":{"start":{"line":740,"column":20},"end":{"line":740,"column":22}},"438":{"start":{"line":741,"column":12},"end":{"line":741,"column":56}},"439":{"start":{"line":743,"column":12},"end":{"line":750,"column":13}},"440":{"start":{"line":744,"column":16},"end":{"line":744,"column":73}},"441":{"start":{"line":746,"column":16},"end":{"line":746,"column":38}},"442":{"start":{"line":748,"column":16},"end":{"line":748,"column":36}},"443":{"start":{"line":749,"column":16},"end":{"line":749,"column":88}},"444":{"start":{"line":752,"column":15},"end":{"line":777,"column":9}},"445":{"start":{"line":753,"column":20},"end":{"line":753,"column":22}},"446":{"start":{"line":754,"column":12},"end":{"line":754,"column":65}},"447":{"start":{"line":756,"column":12},"end":{"line":763,"column":13}},"448":{"start":{"line":757,"column":16},"end":{"line":757,"column":73}},"449":{"start":{"line":759,"column":16},"end":{"line":759,"column":38}},"450":{"start":{"line":761,"column":16},"end":{"line":761,"column":36}},"451":{"start":{"line":762,"column":16},"end":{"line":762,"column":88}},"452":{"start":{"line":766,"column":20},"end":{"line":766,"column":22}},"453":{"start":{"line":767,"column":12},"end":{"line":767,"column":56}},"454":{"start":{"line":769,"column":12},"end":{"line":776,"column":13}},"455":{"start":{"line":770,"column":16},"end":{"line":770,"column":73}},"456":{"start":{"line":772,"column":16},"end":{"line":772,"column":38}},"457":{"start":{"line":774,"column":16},"end":{"line":774,"column":36}},"458":{"start":{"line":775,"column":16},"end":{"line":775,"column":88}},"459":{"start":{"line":780,"column":24},"end":{"line":822,"column":5}},"460":{"start":{"line":781,"column":20},"end":{"line":781,"column":35}},"461":{"start":{"line":784,"column":8},"end":{"line":809,"column":9}},"462":{"start":{"line":786,"column":16},"end":{"line":786,"column":75}},"463":{"start":{"line":787,"column":16},"end":{"line":787,"column":22}},"464":{"start":{"line":789,"column":16},"end":{"line":789,"column":70}},"465":{"start":{"line":790,"column":16},"end":{"line":790,"column":22}},"466":{"start":{"line":792,"column":16},"end":{"line":792,"column":71}},"467":{"start":{"line":793,"column":16},"end":{"line":793,"column":22}},"468":{"start":{"line":795,"column":16},"end":{"line":795,"column":73}},"469":{"start":{"line":796,"column":16},"end":{"line":796,"column":22}},"470":{"start":{"line":798,"column":16},"end":{"line":798,"column":72}},"471":{"start":{"line":799,"column":16},"end":{"line":799,"column":22}},"472":{"start":{"line":801,"column":16},"end":{"line":801,"column":74}},"473":{"start":{"line":802,"column":16},"end":{"line":802,"column":22}},"474":{"start":{"line":804,"column":16},"end":{"line":804,"column":89}},"475":{"start":{"line":805,"column":16},"end":{"line":805,"column":22}},"476":{"start":{"line":807,"column":16},"end":{"line":807,"column":50}},"477":{"start":{"line":808,"column":16},"end":{"line":808,"column":22}},"478":{"start":{"line":811,"column":8},"end":{"line":821,"column":9}},"479":{"start":{"line":812,"column":25},"end":{"line":812,"column":83}},"480":{"start":{"line":813,"column":36},"end":{"line":813,"column":84}},"481":{"start":{"line":814,"column":12},"end":{"line":814,"column":51}},"482":{"start":{"line":815,"column":12},"end":{"line":815,"column":37}},"483":{"start":{"line":816,"column":12},"end":{"line":816,"column":38}},"484":{"start":{"line":819,"column":12},"end":{"line":819,"column":32}},"485":{"start":{"line":820,"column":12},"end":{"line":820,"column":84}},"486":{"start":{"line":824,"column":24},"end":{"line":844,"column":5}},"487":{"start":{"line":825,"column":19},"end":{"line":825,"column":33}},"488":{"start":{"line":827,"column":24},"end":{"line":827,"column":48}},"489":{"start":{"line":828,"column":21},"end":{"line":828,"column":44}},"490":{"start":{"line":830,"column":8},"end":{"line":832,"column":10}},"491":{"start":{"line":834,"column":20},"end":{"line":837,"column":10}},"492":{"start":{"line":839,"column":8},"end":{"line":839,"column":29}},"493":{"start":{"line":841,"column":8},"end":{"line":841,"column":43}},"494":{"start":{"line":843,"column":8},"end":{"line":843,"column":28}},"495":{"start":{"line":846,"column":23},"end":{"line":861,"column":5}},"496":{"start":{"line":847,"column":18},"end":{"line":847,"column":46}},"497":{"start":{"line":849,"column":20},"end":{"line":849,"column":76}},"498":{"start":{"line":850,"column":8},"end":{"line":852,"column":10}},"499":{"start":{"line":851,"column":12},"end":{"line":851,"column":81}},"500":{"start":{"line":853,"column":25},"end":{"line":853,"column":59}},"501":{"start":{"line":854,"column":8},"end":{"line":860,"column":10}},"502":{"start":{"line":855,"column":12},"end":{"line":857,"column":13}},"503":{"start":{"line":856,"column":16},"end":{"line":856,"column":61}},"504":{"start":{"line":859,"column":12},"end":{"line":859,"column":33}},"505":{"start":{"line":862,"column":24},"end":{"line":867,"column":5}},"506":{"start":{"line":863,"column":18},"end":{"line":863,"column":46}},"507":{"start":{"line":865,"column":20},"end":{"line":865,"column":76}},"508":{"start":{"line":866,"column":8},"end":{"line":866,"column":37}},"509":{"start":{"line":869,"column":27},"end":{"line":873,"column":5}},"510":{"start":{"line":870,"column":35},"end":{"line":870,"column":43}},"511":{"start":{"line":871,"column":25},"end":{"line":871,"column":69}},"512":{"start":{"line":872,"column":8},"end":{"line":872,"column":30}},"513":{"start":{"line":875,"column":27},"end":{"line":880,"column":5}},"514":{"start":{"line":876,"column":39},"end":{"line":876,"column":47}},"515":{"start":{"line":877,"column":23},"end":{"line":877,"column":86}},"516":{"start":{"line":878,"column":25},"end":{"line":878,"column":69}},"517":{"start":{"line":879,"column":8},"end":{"line":879,"column":30}},"518":{"start":{"line":882,"column":32},"end":{"line":937,"column":5}},"519":{"start":{"line":883,"column":27},"end":{"line":883,"column":37}},"520":{"start":{"line":884,"column":38},"end":{"line":884,"column":46}},"521":{"start":{"line":887,"column":8},"end":{"line":936,"column":9}},"522":{"start":{"line":889,"column":12},"end":{"line":911,"column":13}},"523":{"start":{"line":891,"column":20},"end":{"line":891,"column":71}},"524":{"start":{"line":892,"column":20},"end":{"line":892,"column":26}},"525":{"start":{"line":894,"column":20},"end":{"line":894,"column":71}},"526":{"start":{"line":895,"column":20},"end":{"line":895,"column":26}},"527":{"start":{"line":897,"column":20},"end":{"line":897,"column":71}},"528":{"start":{"line":898,"column":20},"end":{"line":898,"column":26}},"529":{"start":{"line":900,"column":20},"end":{"line":900,"column":71}},"530":{"start":{"line":901,"column":20},"end":{"line":901,"column":26}},"531":{"start":{"line":903,"column":20},"end":{"line":903,"column":71}},"532":{"start":{"line":904,"column":20},"end":{"line":904,"column":26}},"533":{"start":{"line":906,"column":20},"end":{"line":906,"column":71}},"534":{"start":{"line":907,"column":20},"end":{"line":907,"column":26}},"535":{"start":{"line":909,"column":20},"end":{"line":909,"column":60}},"536":{"start":{"line":910,"column":20},"end":{"line":910,"column":26}},"537":{"start":{"line":912,"column":12},"end":{"line":914,"column":13}},"538":{"start":{"line":913,"column":16},"end":{"line":913,"column":50}},"539":{"start":{"line":916,"column":12},"end":{"line":918,"column":13}},"540":{"start":{"line":917,"column":16},"end":{"line":917,"column":70}},"541":{"start":{"line":920,"column":34},"end":{"line":920,"column":59}},"542":{"start":{"line":920,"column":54},"end":{"line":920,"column":58}},"5
[...]
1,"311":6,"312":2,"313":2,"314":2,"315":0,"316":2,"317":1,"318":1,"319":4,"320":4,"321":4,"322":0,"323":4,"324":2,"325":1,"326":1,"327":2,"328":1,"329":1,"330":12,"331":12,"332":4,"333":4,"334":114,"335":2,"336":2,"337":2,"338":1,"339":1,"340":1,"341":1,"342":1,"343":114,"344":2,"345":2,"346":2,"347":1,"348":1,"349":1,"350":1,"351":1,"352":114,"353":32,"354":32,"355":32,"356":32,"357":32,"358":20,"359":20,"360":20,"361":20,"362":20,"363":20,"364":20,"365":20,"366":20,"367":20,"368":0,"369":20,"370":0,"371":20,"372":20,"373":12,"374":12,"375":2,"376":2,"377":2,"378":2,"379":2,"380":2,"381":2,"382":2,"383":0,"384":0,"385":20,"386":0,"387":20,"388":12,"389":6,"390":6,"391":8,"392":2,"393":1,"394":1,"395":6,"396":2,"397":1,"398":1,"399":4,"400":2,"401":1,"402":1,"403":20,"404":20,"405":12,"406":12,"407":114,"408":0,"409":0,"410":0,"411":0,"412":0,"413":0,"414":0,"415":0,"416":0,"417":0,"418":0,"419":0,"420":0,"421":0,"422":0,"423":0,"424":0,"425":0,"426":0,"427":0,"428":0,"429":0,"430":0,"431":0,"432":0,"433":0,"434":0,"435":0,"436":0,"437":0,"438":0,"439":0,"440":0,"441":0,"442":0,"443":0,"444":0,"445":0,"446":0,"447":0,"448":0,"449":0,"450":0,"451":0,"452":0,"453":0,"454":0,"455":0,"456":0,"457":0,"458":0,"459":114,"460":0,"461":0,"462":0,"463":0,"464":0,"465":0,"466":0,"467":0,"468":0,"469":0,"470":0,"471":0,"472":0,"473":0,"474":0,"475":0,"476":0,"477":0,"478":0,"479":0,"480":0,"481":0,"482":0,"483":0,"484":0,"485":0,"486":114,"487":0,"488":0,"489":0,"490":0,"491":0,"492":0,"493":0,"494":0,"495":114,"496":0,"497":0,"498":0,"499":0,"500":0,"501":0,"502":0,"503":0,"504":0,"505":114,"506":0,"507":0,"508":0,"509":114,"510":0,"511":0,"512":0,"513":114,"514":0,"515":0,"516":0,"517":0,"518":114,"519":0,"520":0,"521":0,"522":0,"523":0,"524":0,"525":0,"526":0,"527":0,"528":0,"529":0,"530":0,"531":0,"532":0,"533":0,"534":0,"535":0,"536":0,"537":0,"538":0,"539":0,"540":0,"541":0,"542":0,"543":0,"544":0,"545":0,"546":0,"547":0,"548":0,"549":0,"550":114,"551":0,"552":0,"553":0,"554":114,"555":0,"556":0,"557":0,"558":114,"559":0,"560":0,"561":0,"562":114,"563":0,"564":0,"565":0,"566":114,"567":0,"568":0,"569":0,"570":114,"571":0,"572":0,"573":0,"574":0,"575":114,"576":0,"577":0,"578":0,"579":114,"580":0,"581":0,"582":0,"583":114,"584":0,"585":0,"586":0,"587":0,"588":114,"589":0,"590":0,"591":0,"592":0,"593":114,"594":0,"595":0,"596":0,"597":0,"598":114,"599":0,"600":0,"601":114,"602":0,"603":0,"604":0,"605":0,"606":0,"607":0,"608":0,"609":0,"610":0,"611":0,"612":0,"613":0,"614":0,"615":0,"616":0,"617":0,"618":0,"619":0,"620":0,"621":0,"622":114,"623":0,"624":0,"625":0,"626":114},"f":{"0":114,"1":60,"2":0,"3":67,"4":1,"5":1,"6":4,"7":1,"8":1,"9":1,"10":1,"11":2,"12":1,"13":1,"14":1,"15":1,"16":1,"17":1,"18":1,"19":1,"20":1,"21":2,"22":5,"23":20,"24":20,"25":10,"26":10,"27":10,"28":10,"29":10,"30":10,"31":1,"32":31,"33":2,"34":16,"35":2,"36":2,"37":32,"38":0,"39":0,"40":0,"41":0,"42":0,"43":0,"44":0,"45":0,"46":0,"47":0,"48":0,"49":0,"50":0,"51":0,"52":0,"53":0,"54":0,"55":0,"56":0,"57":0,"58":0,"59":0,"60":0,"61":0,"62":0,"63":0,"64":0,"65":0,"66":0},"b":{"0":[0,0,0,0,0,0,0,0,0,0,0],"1":[5,5,5,5,9,5,7,7,7,9,3],"2":[0,0],"3":[1,1,1,0],"4":[1,0],"5":[0,0],"6":[0,0],"7":[0,0],"8":[0,0],"9":[1,0],"10":[0,0],"11":[0,0],"12":[0,0],"13":[0,0],"14":[0,0],"15":[0,0],"16":[0,0],"17":[0,0],"18":[0,0],"19":[1,0],"20":[1,1,1,1,0],"21":[1,0],"22":[0,0],"23":[20,11],"24":[10,21],"25":[10,21],"26":[10,21],"27":[0,31],"28":[1,30],"29":[31,30],"30":[18,3,3,3,3,0],"31":[10,20],"32":[2,18],"33":[1,1],"34":[2,16],"35":[1,1],"36":[2,14],"37":[1,1],"38":[2,12],"39":[1,1],"40":[6,6],"41":[11,0],"42":[1,0],"43":[2,14],"44":[1,13],"45":[1,12],"46":[2,10],"47":[12,10],"48":[0,2],"49":[1,1],"50":[2,8],"51":[10,8],"52":[0,2],"53":[1,1],"54":[2,6],"55":[8,6],"56":[0,2],"57":[1,1],"58":[2,4],"59":[6,4],"60":[0,2],"61":[1,1],"62":[0,4],"63":[2,2],"64":[1,1],"65":[1,1],"66":[4,0],"67":[1,1],"68":[2,1],"69":[1,0],"70":[1,1],"71":[2,1],"72":[1,0],"73":[10,10],"74":[0,20],"75":[0,20],"76":[12,2,2,2,2,0],"77":[0,20],"78":[12,8],"79":[6,6],"80":[2,6],"81":[1,1],"82":[2,4],"83":[1,1],"84":[2,2],"85":[1,1],"86":[12,0],"87":[0,0],"88":[0,0],"89":[0,0,0],"90":[0,0],"91":[0,0],"92":[0,0],"93":[0,0],"94":[0,0],"95":[0,0],"96":[0,0],"97":[0,0],"98":[0,0],"99":[0,0,0,0,0,0,0,0],"100":[0,0],"101":[0,0],"102":[0,0],"103":[0,0,0,0,0,0,0],"104":[0,0],"105":[0,0],"106":[0,0],"107":[0,0],"108":[0,0]},"_coverageSchema":"1a1c01bbd47fc00a2c39e90264f33305004495a9","hash":"4853437c6b88d5a10744bded2b76efd12604c0da"}
,"C:\\DEV\\game-resume-backend\\src\\models\\category.js": {"path":"C:\\DEV\\game-resume-backend\\src\\models\\category.js","statementMap":{"0":{"start":{"line":4,"column":4},"end":{"line":4,"column":24}},"1":{"start":{"line":5,"column":0},"end":{"line":27,"column":2}},"2":{"start":{"line":14,"column":6},"end":{"line":14,"column":139}},"3":{"start":{"line":17,"column":2},"end":{"line":25,"column":5}},"4":{"start":{"line":26,"column":2},"end":{"line":26,"column":18}}},"fnMap":{"0":{"name":"(anonymous_0)","decl":{"start":{"line":5,"column":17},"end":{"line":5,"column":18}},"loc":{"start":{"line":5,"column":43},"end":{"line":27,"column":1}},"line":5},"1":{"name":"(anonymous_1)","decl":{"start":{"line":12,"column":4},"end":{"line":12,"column":5}},"loc":{"start":{"line":12,"column":29},"end":{"line":15,"column":5}},"line":12}},"branchMap":{},"s":{"0":3,"1":3,"2":3,"3":3,"4":3},"f":{"0":3,"1":3},"b":{},"_coverageSchema":"1a1c01bbd47fc00a2c39e90264f33305004495a9","hash":"3f57421e39a64d0d4e38e259b128acb5954ad73a"}
,"C:\\DEV\\game-resume-backend\\src\\models\\codeandtip.js": {"path":"C:\\DEV\\game-resume-backend\\src\\models\\codeandtip.js","statementMap":{"0":{"start":{"line":4,"column":4},"end":{"line":4,"column":24}},"1":{"start":{"line":5,"column":0},"end":{"line":27,"column":2}},"2":{"start":{"line":14,"column":6},"end":{"line":14,"column":57}},"3":{"start":{"line":17,"column":2},"end":{"line":25,"column":5}},"4":{"start":{"line":26,"column":2},"end":{"line":26,"column":20}}},"fnMap":{"0":{"name":"(anonymous_0)","decl":{"start":{"line":5,"column":17},"end":{"line":5,"column":18}},"loc":{"start":{"line":5,"column":43},"end":{"line":27,"column":1}},"line":5},"1":{"name":"(anonymous_1)","decl":{"start":{"line":12,"column":4},"end":{"line":12,"column":5}},"loc":{"start":{"line":12,"column":29},"end":{"line":15,"column":5}},"line":12}},"branchMap":{},"s":{"0":3,"1":3,"2":3,"3":3,"4":3},"f":{"0":3,"1":3},"b":{},"_coverageSchema":"1a1c01bbd47fc00a2c39e90264f33305004495a9","hash":"5c0a4cf4a8692fb31f8538b498b1b59e30fac6c0"}
,"C:\\DEV\\game-resume-backend\\src\\models\\dlc.js": {"path":"C:\\DEV\\game-resume-backend\\src\\models\\dlc.js","statementMap":{"0":{"start":{"line":4,"column":4},"end":{"line":4,"column":24}},"1":{"start":{"line":5,"column":0},"end":{"line":30,"column":2}},"2":{"start":{"line":14,"column":6},"end":{"line":14,"column":76}},"3":{"start":{"line":17,"column":2},"end":{"line":28,"column":5}},"4":{"start":{"line":29,"column":2},"end":{"line":29,"column":13}}},"fnMap":{"0":{"name":"(anonymous_0)","decl":{"start":{"line":5,"column":17},"end":{"line":5,"column":18}},"loc":{"start":{"line":5,"column":43},"end":{"line":30,"column":1}},"line":5},"1":{"name":"(anonymous_1)","decl":{"start":{"line":12,"column":4},"end":{"line":12,"column":5}},"loc":{"start":{"line":12,"column":29},"end":{"line":15,"column":5}},"line":12}},"branchMap":{},"s":{"0":3,"1":3,"2":3,"3":3,"4":3},"f":{"0":3,"1":3},"b":{},"_coverageSchema":"1a1c01bbd47fc00a2c39e90264f33305004495a9","hash":"4cd758848ff514c1ee32b8c32b6da285fcf86d0b"}
,"C:\\DEV\\game-resume-backend\\src\\models\\game.js": {"path":"C:\\DEV\\game-resume-backend\\src\\models\\game.js","statementMap":{"0":{"start":{"line":4,"column":4},"end":{"line":4,"column":24}},"1":{"start":{"line":5,"column":0},"end":{"line":37,"column":2}},"2":{"start":{"line":14,"column":6},"end":{"line":14,"column":81}},"3":{"start":{"line":15,"column":6},"end":{"line":15,"column":79}},"4":{"start":{"line":16,"column":6},"end":{"line":16,"column":35}},"5":{"start":{"line":17,"column":6},"end":{"line":17,"column":89}},"6":{"start":{"line":18,"column":6},"end":{"line":18,"column":134}},"7":{"start":{"line":21,"column":2},"end":{"line":35,"column":5}},"8":{"start":{"line":36,"column":2},"end":{"line":36,"column":14}}},"fnMap":{"0":{"name":"(anonymous_0)","decl":{"start":{"line":5,"column":17},"end":{"line":5,"column":18}},"loc":{"start":{"line":5,"column":43},"end":{"line":37,"column":1}},"line":5},"1":{"name":"(anonymous_1)","decl":{"start":{"line":12,"column":4},"end":{"line":12,"column":5}},"loc":{"start":{"line":12,"column":29},"end":{"line":19,"column":5}},"line":12}},"branchMap":{},"s":{"0":3,"1":3,"2":3,"3":3,"4":3,"5":3,"6":3,"7":3,"8":3},"f":{"0":3,"1":3},"b":{},"_coverageSchema":"1a1c01bbd47fc00a2c39e90264f33305004495a9","hash":"bbc56963e4b3ba8e2cdbc0d4b23b350b98604e99"}
,"C:\\DEV\\game-resume-backend\\src\\models\\index.js": {"path":"C:\\DEV\\game-resume-backend\\src\\models\\index.js","statementMap":{"0":{"start":{"line":3,"column":11},"end":{"line":3,"column":24}},"1":{"start":{"line":4,"column":13},"end":{"line":4,"column":28}},"2":{"start":{"line":5,"column":18},"end":{"line":5,"column":38}},"3":{"start":{"line":6,"column":17},"end":{"line":6,"column":42}},"4":{"start":{"line":7,"column":12},"end":{"line":7,"column":49}},"5":{"start":{"line":8,"column":15},"end":{"line":8,"column":65}},"6":{"start":{"line":9,"column":11},"end":{"line":9,"column":13}},"7":{"start":{"line":12,"column":0},"end":{"line":16,"column":1}},"8":{"start":{"line":13,"column":2},"end":{"line":13,"column":74}},"9":{"start":{"line":15,"column":2},"end":{"line":15,"column":87}},"10":{"start":{"line":18,"column":0},"end":{"line":26,"column":5}},"11":{"start":{"line":21,"column":4},"end":{"line":21,"column":90}},"12":{"start":{"line":24,"column":18},"end":{"line":24,"column":85}},"13":{"start":{"line":25,"column":4},"end":{"line":25,"column":27}},"14":{"start":{"line":28,"column":0},"end":{"line":32,"column":3}},"15":{"start":{"line":29,"column":2},"end":{"line":31,"column":3}},"16":{"start":{"line":30,"column":4},"end":{"line":30,"column":32}},"17":{"start":{"line":34,"column":0},"end":{"line":34,"column":25}},"18":{"start":{"line":35,"column":0},"end":{"line":35,"column":25}},"19":{"start":{"line":37,"column":0},"end":{"line":37,"column":20}}},"fnMap":{"0":{"name":"(anonymous_0)","decl":{"start":{"line":20,"column":10},"end":{"line":20,"column":11}},"loc":{"start":{"line":20,"column":18},"end":{"line":22,"column":3}},"line":20},"1":{"name":"(anonymous_1)","decl":{"start":{"line":23,"column":11},"end":{"line":23,"column":12}},"loc":{"start":{"line":23,"column":19},"end":{"line":26,"column":3}},"line":23},"2":{"name":"(anonymous_2)","decl":{"start":{"line":28,"column":24},"end":{"line":28,"column":25}},"loc":{"start":{"line":28,"column":37},"end":{"line":32,"column":1}},"line":28}},"branchMap":{"0":{"loc":{"start":{"line":7,"column":12},"end":{"line":7,"column":49}},"type":"binary-expr","locations":[{"start":{"line":7,"column":12},"end":{"line":7,"column":32}},{"start":{"line":7,"column":36},"end":{"line":7,"column":49}}],"line":7},"1":{"loc":{"start":{"line":12,"column":0},"end":{"line":16,"column":1}},"type":"if","locations":[{"start":{"line":12,"column":0},"end":{"line":16,"column":1}},{"start":{"line":14,"column":7},"end":{"line":16,"column":1}}],"line":12},"2":{"loc":{"start":{"line":21,"column":11},"end":{"line":21,"column":89}},"type":"binary-expr","locations":[{"start":{"line":21,"column":12},"end":{"line":21,"column":35}},{"start":{"line":21,"column":41},"end":{"line":21,"column":58}},{"start":{"line":21,"column":64},"end":{"line":21,"column":88}}],"line":21},"3":{"loc":{"start":{"line":29,"column":2},"end":{"line":31,"column":3}},"type":"if","locations":[{"start":{"line":29,"column":2},"end":{"line":31,"column":3}},{"start":{},"end":{}}],"line":29}},"s":{"0":3,"1":3,"2":3,"3":3,"4":3,"5":3,"6":3,"7":3,"8":0,"9":3,"10":3,"11":30,"12":27,"13":27,"14":3,"15":27,"16":27,"17":3,"18":3,"19":3},"f":{"0":30,"1":27,"2":27},"b":{"0":[3,0],"1":[0,3],"2":[30,30,27],"3":[27,0]},"_coverageSchema":"1a1c01bbd47fc00a2c39e90264f33305004495a9","hash":"417a4397e40505cf68231d81265d2f93e146fc85"}
,"C:\\DEV\\game-resume-backend\\src\\models\\playing.js": {"path":"C:\\DEV\\game-resume-backend\\src\\models\\playing.js","statementMap":{"0":{"start":{"line":4,"column":4},"end":{"line":4,"column":24}},"1":{"start":{"line":5,"column":0},"end":{"line":30,"column":2}},"2":{"start":{"line":14,"column":6},"end":{"line":14,"column":57}},"3":{"start":{"line":17,"column":2},"end":{"line":28,"column":5}},"4":{"start":{"line":29,"column":2},"end":{"line":29,"column":17}}},"fnMap":{"0":{"name":"(anonymous_0)","decl":{"start":{"line":5,"column":17},"end":{"line":5,"column":18}},"loc":{"start":{"line":5,"column":43},"end":{"line":30,"column":1}},"line":5},"1":{"name":"(anonymous_1)","decl":{"start":{"line":12,"column":4},"end":{"line":12,"column":5}},"loc":{"start":{"line":12,"column":29},"end":{"line":15,"column":5}},"line":12}},"branchMap":{},"s":{"0":3,"1":3,"2":3,"3":3,"4":3},"f":{"0":3,"1":3},"b":{},"_coverageSchema":"1a1c01bbd47fc00a2c39e90264f33305004495a9","hash":"1336122cb9781b5f73d547b991b580d25e0916be"}
,"C:\\DEV\\game-resume-backend\\src\\models\\system.js": {"path":"C:\\DEV\\game-resume-backend\\src\\models\\system.js","statementMap":{"0":{"start":{"line":4,"column":4},"end":{"line":4,"column":24}},"1":{"start":{"line":5,"column":0},"end":{"line":27,"column":2}},"2":{"start":{"line":14,"column":6},"end":{"line":14,"column":30}},"3":{"start":{"line":17,"column":2},"end":{"line":25,"column":5}},"4":{"start":{"line":26,"column":2},"end":{"line":26,"column":16}}},"fnMap":{"0":{"name":"(anonymous_0)","decl":{"start":{"line":5,"column":17},"end":{"line":5,"column":18}},"loc":{"start":{"line":5,"column":43},"end":{"line":27,"column":1}},"line":5},"1":{"name":"(anonymous_1)","decl":{"start":{"line":12,"column":4},"end":{"line":12,"column":5}},"loc":{"start":{"line":12,"column":29},"end":{"line":15,"column":5}},"line":12}},"branchMap":{},"s":{"0":3,"1":3,"2":3,"3":3,"4":3},"f":{"0":3,"1":3},"b":{},"_coverageSchema":"1a1c01bbd47fc00a2c39e90264f33305004495a9","hash":"da3a738bf43238b737bdef37fef375ba11a73649"}
,"C:\\DEV\\game-resume-backend\\src\\models\\tobuy.js": {"path":"C:\\DEV\\game-resume-backend\\src\\models\\tobuy.js","statementMap":{"0":{"start":{"line":4,"column":4},"end":{"line":4,"column":24}},"1":{"start":{"line":5,"column":0},"end":{"line":29,"column":2}},"2":{"start":{"line":16,"column":2},"end":{"line":27,"column":5}},"3":{"start":{"line":28,"column":2},"end":{"line":28,"column":15}}},"fnMap":{"0":{"name":"(anonymous_0)","decl":{"start":{"line":5,"column":17},"end":{"line":5,"column":18}},"loc":{"start":{"line":5,"column":43},"end":{"line":29,"column":1}},"line":5},"1":{"name":"(anonymous_1)","decl":{"start":{"line":12,"column":4},"end":{"line":12,"column":5}},"loc":{"start":{"line":12,"column":29},"end":{"line":14,"column":5}},"line":12}},"branchMap":{},"s":{"0":3,"1":3,"2":3,"3":3},"f":{"0":3,"1":3},"b":{},"_coverageSchema":"1a1c01bbd47fc00a2c39e90264f33305004495a9","hash":"16627e641a52b9fb7d3f16fc4dfe32a20ae4e9d5"}
,"C:\\DEV\\game-resume-backend\\src\\models\\trash.js": {"path":"C:\\DEV\\game-resume-backend\\src\\models\\trash.js","statementMap":{"0":{"start":{"line":4,"column":4},"end":{"line":4,"column":24}},"1":{"start":{"line":5,"column":0},"end":{"line":28,"column":2}},"2":{"start":{"line":16,"column":2},"end":{"line":26,"column":5}},"3":{"start":{"line":27,"column":2},"end":{"line":27,"column":15}}},"fnMap":{"0":{"name":"(anonymous_0)","decl":{"start":{"line":5,"column":17},"end":{"line":5,"column":18}},"loc":{"start":{"line":5,"column":43},"end":{"line":28,"column":1}},"line":5},"1":{"name":"(anonymous_1)","decl":{"start":{"line":12,"column":4},"end":{"line":12,"column":5}},"loc":{"start":{"line":12,"column":29},"end":{"line":14,"column":5}},"line":12}},"branchMap":{},"s":{"0":3,"1":3,"2":3,"3":3},"f":{"0":3,"1":3},"b":{},"_coverageSchema":"1a1c01bbd47fc00a2c39e90264f33305004495a9","hash":"8a093f94e404d46720d18b80d567243c8b5f6676"}
,"C:\\DEV\\game-resume-backend\\src\\models\\virtualconsole.js": {"path":"C:\\DEV\\game-resume-backend\\src\\models\\virtualconsole.js","statementMap":{"0":{"start":{"line":4,"column":4},"end":{"line":4,"column":24}},"1":{"start":{"line":5,"column":0},"end":{"line":31,"column":2}},"2":{"start":{"line":14,"column":6},"end":{"line":14,"column":117}},"3":{"start":{"line":17,"column":2},"end":{"line":29,"column":5}},"4":{"start":{"line":30,"column":2},"end":{"line":30,"column":24}}},"fnMap":{"0":{"name":"(anonymous_0)","decl":{"start":{"line":5,"column":17},"end":{"line":5,"column":18}},"loc":{"start":{"line":5,"column":43},"end":{"line":31,"column":1}},"line":5},"1":{"name":"(anonymous_1)","decl":{"start":{"line":12,"column":4},"end":{"line":12,"column":5}},"loc":{"start":{"line":12,"column":29},"end":{"line":15,"column":5}},"line":12}},"branchMap":{},"s":{"0":3,"1":3,"2":3,"3":3,"4":3},"f":{"0":3,"1":3},"b":{},"_coverageSchema":"1a1c01bbd47fc00a2c39e90264f33305004495a9","hash":"9ac606de575189a0a211ddaa6ff525975654e2d3"}
,"C:\\DEV\\game-resume-backend\\src\\schema\\validation_schema.js": {"path":"C:\\DEV\\game-resume-backend\\src\\schema\\validation_schema.js","statementMap":{"0":{"start":{"line":1,"column":12},"end":{"line":1,"column":26}},"1":{"start":{"line":3,"column":31},"end":{"line":16,"column":2}},"2":{"start":{"line":18,"column":27},"end":{"line":41,"column":2}},"3":{"start":{"line":43,"column":28},"end":{"line":59,"column":2}},"4":{"start":{"line":61,"column":37},"end":{"line":76,"column":2}},"5":{"start":{"line":78,"column":26},"end":{"line":93,"column":2}},"6":{"start":{"line":95,"column":30},"end":{"line":111,"column":2}}},"fnMap":{},"branchMap":{},"s":{"0":2,"1":2,"2":2,"3":2,"4":2,"5":2,"6":2},"f":{},"b":{},"_coverageSchema":"1a1c01bbd47fc00a2c39e90264f33305004495a9","hash":"bf37823639ef1be62a2c186578cda34b4b5c4912"}
,"C:\\DEV\\game-resume-backend\\tests\\dbclear.js": {"path":"C:\\DEV\\game-resume-backend\\tests\\dbclear.js","statementMap":{"0":{"start":{"line":2,"column":23},"end":{"line":2,"column":43}},"1":{"start":{"line":3,"column":26},"end":{"line":3,"column":125}},"2":{"start":{"line":5,"column":23},"end":{"line":11,"column":1}},"3":{"start":{"line":7,"column":19},"end":{"line":7,"column":60}},"4":{"start":{"line":9,"column":21},"end":{"line":9,"column":87}},"5":{"start":{"line":9,"column":35},"end":{"line":9,"column":76}},"6":{"start":{"line":10,"column":2},"end":{"line":10,"column":73}},"7":{"start":{"line":13,"column":20},"end":{"line":16,"column":1}},"8":{"start":{"line":14,"column":21},"end":{"line":14,"column":85}},"9":{"start":{"line":14,"column":41},"end":{"line":14,"column":74}},"10":{"start":{"line":15,"column":2},"end":{"line":15,"column":73}},"11":{"start":{"line":18,"column":16},"end":{"line":21,"column":1}},"12":{"start":{"line":23,"column":0},"end":{"line":23,"column":25}}},"fnMap":{"0":{"name":"(anonymous_0)","decl":{"start":{"line":5,"column":23},"end":{"line":5,"column":24}},"loc":{"start":{"line":5,"column":43},"end":{"line":11,"column":1}},"line":5},"1":{"name":"(anonymous_1)","decl":{"start":{"line":9,"column":30},"end":{"line":9,"column":31}},"loc":{"start":{"line":9,"column":35},"end":{"line":9,"column":76}},"line":9},"2":{"name":"(anonymous_2)","decl":{"start":{"line":13,"column":20},"end":{"line":13,"column":21}},"loc":{"start":{"line":13,"column":54},"end":{"line":16,"column":1}},"line":13},"3":{"name":"(anonymous_3)","decl":{"start":{"line":14,"column":36},"end":{"line":14,"column":37}},"loc":{"start":{"line":14,"column":41},"end":{"line":14,"column":74}},"line":14}},"branchMap":{},"s":{"0":2,"1":2,"2":2,"3":0,"4":0,"5":0,"6":0,"7":2,"8":40,"9":40,"10":40,"11":2,"12":2},"f":{"0":0,"1":0,"2":40,"3":40},"b":{},"_coverageSchema":"1a1c01bbd47fc00a2c39e90264f33305004495a9","hash":"978a74770de90477dbb59b8c3de3af2c0c056787"}
}
