TN:
SF:build\models\category.js
FN:7,(anonymous_0)
FN:14,(anonymous_1)
FNF:2
FNH:2
FNDA:1,(anonymous_0)
FNDA:1,(anonymous_1)
DA:5,1
DA:7,1
DA:16,1
DA:26,1
DA:34,1
LF:5
LH:5
BRF:0
BRH:0
end_of_record
TN:
SF:build\models\codeandtip.js
FN:7,(anonymous_0)
FN:14,(anonymous_1)
FNF:2
FNH:2
FNDA:1,(anonymous_0)
FNDA:1,(anonymous_1)
DA:5,1
DA:7,1
DA:19,1
DA:27,1
LF:4
LH:4
BRF:0
BRH:0
end_of_record
TN:
SF:build\models\dlc.js
FN:7,(anonymous_0)
FN:14,(anonymous_1)
FNF:2
FNH:2
FNDA:1,(anonymous_0)
FNDA:1,(anonymous_1)
DA:5,1
DA:7,1
DA:16,1
DA:24,1
DA:35,1
LF:5
LH:5
BRF:0
BRH:0
end_of_record
TN:
SF:build\models\game.js
FN:7,(anonymous_0)
FN:14,(anonymous_1)
FNF:2
FNH:2
FNDA:1,(anonymous_0)
FNDA:1,(anonymous_1)
DA:5,1
DA:7,1
DA:16,1
DA:17,1
DA:22,1
DA:32,1
DA:47,1
LF:7
LH:7
BRF:0
BRH:0
end_of_record
TN:
SF:build\models\gamecube.js
FN:7,(anonymous_0)
FN:14,(anonymous_1)
FNF:2
FNH:2
FNDA:1,(anonymous_0)
FNDA:1,(anonymous_1)
DA:5,1
DA:7,1
DA:16,1
DA:25,1
DA:38,1
LF:5
LH:5
BRF:0
BRH:0
end_of_record
TN:
SF:build\models\index.js
FN:23,(anonymous_0)
FN:25,(anonymous_1)
FN:30,(anonymous_2)
FNF:3
FNH:3
FNDA:16,(anonymous_0)
FNDA:15,(anonymous_1)
FNDA:15,(anonymous_2)
DA:3,1
DA:5,1
DA:7,1
DA:9,1
DA:10,1
DA:12,1
DA:14,1
DA:17,1
DA:18,0
DA:20,1
DA:23,1
DA:24,16
DA:26,15
DA:28,15
DA:30,1
DA:31,15
DA:32,15
DA:35,1
DA:36,1
DA:37,1
LF:20
LH:19
BRDA:10,0,0,1
BRDA:10,0,1,0
BRDA:17,1,0,0
BRDA:17,1,1,1
BRDA:24,2,0,16
BRDA:24,2,1,16
BRDA:24,2,2,15
BRDA:31,3,0,15
BRDA:31,3,1,0
BRF:9
BRH:6
end_of_record
TN:
SF:build\models\origin.js
FN:7,(anonymous_0)
FN:14,(anonymous_1)
FNF:2
FNH:2
FNDA:1,(anonymous_0)
FNDA:1,(anonymous_1)
DA:5,1
DA:7,1
DA:16,1
DA:25,1
DA:35,1
LF:5
LH:5
BRF:0
BRH:0
end_of_record
TN:
SF:build\models\playing.js
FN:7,(anonymous_0)
FN:14,(anonymous_1)
FNF:2
FNH:2
FNDA:1,(anonymous_0)
FNDA:1,(anonymous_1)
DA:5,1
DA:7,1
DA:19,1
DA:30,1
LF:4
LH:4
BRF:0
BRH:0
end_of_record
TN:
SF:build\models\steam.js
FN:7,(anonymous_0)
FN:14,(anonymous_1)
FNF:2
FNH:2
FNDA:1,(anonymous_0)
FNDA:1,(anonymous_1)
DA:5,1
DA:7,1
DA:16,1
DA:21,1
DA:31,1
DA:42,1
LF:6
LH:6
BRF:0
BRH:0
end_of_record
TN:
SF:build\models\system.js
FN:7,(anonymous_0)
FN:14,(anonymous_1)
FNF:2
FNH:2
FNDA:1,(anonymous_0)
FNDA:1,(anonymous_1)
DA:5,1
DA:7,1
DA:16,1
DA:21,1
DA:29,1
LF:5
LH:5
BRF:0
BRH:0
end_of_record
TN:
SF:build\models\tobuy.js
FN:7,(anonymous_0)
FN:14,(anonymous_1)
FNF:2
FNH:2
FNDA:1,(anonymous_0)
FNDA:1,(anonymous_1)
DA:5,1
DA:7,1
DA:19,1
DA:30,1
LF:4
LH:4
BRF:0
BRH:0
end_of_record
TN:
SF:build\models\trash.js
FN:7,(anonymous_0)
FN:14,(anonymous_1)
FNF:2
FNH:2
FNDA:1,(anonymous_0)
FNDA:1,(anonymous_1)
DA:5,1
DA:7,1
DA:19,1
DA:29,1
LF:4
LH:4
BRF:0
BRH:0
end_of_record
TN:
SF:build\models\ubisoft.js
FN:7,(anonymous_0)
FN:14,(anonymous_1)
FNF:2
FNH:2
FNDA:1,(anonymous_0)
FNDA:1,(anonymous_1)
DA:5,1
DA:7,1
DA:16,1
DA:25,1
DA:35,1
LF:5
LH:5
BRF:0
BRH:0
end_of_record
TN:
SF:build\models\virtualconsole.js
FN:7,(anonymous_0)
FN:14,(anonymous_1)
FNF:2
FNH:2
FNDA:1,(anonymous_0)
FNDA:1,(anonymous_1)
DA:5,1
DA:7,1
DA:16,1
DA:25,1
DA:37,1
LF:5
LH:5
BRF:0
BRH:0
end_of_record
TN:
SF:build\models\wii.js
FN:7,(anonymous_0)
FN:14,(anonymous_1)
FNF:2
FNH:2
FNDA:1,(anonymous_0)
FNDA:1,(anonymous_1)
DA:5,1
DA:7,1
DA:16,1
DA:20,1
DA:29,1
DA:42,1
LF:6
LH:6
BRF:0
BRH:0
end_of_record
TN:
SF:build\models\wiiu.js
FN:7,(anonymous_0)
FN:14,(anonymous_1)
FNF:2
FNH:2
FNDA:1,(anonymous_0)
FNDA:1,(anonymous_1)
DA:5,1
DA:7,1
DA:16,1
DA:25,1
DA:38,1
LF:5
LH:5
BRF:0
BRH:0
end_of_record
TN:
SF:build\schema\validation_schema.js
FNF:0
FNH:0
DA:3,1
DA:6,1
DA:8,1
DA:10,1
DA:15,1
DA:16,1
DA:26,1
DA:27,1
DA:34,1
DA:35,1
DA:42,1
DA:43,1
DA:49,1
DA:50,1
DA:55,1
LF:15
LH:15
BRF:0
BRH:0
end_of_record
TN:
SF:src\_query.js
FN:12,(anonymous_0)
FN:18,(anonymous_1)
FN:26,(anonymous_2)
FN:30,(anonymous_3)
FN:31,(anonymous_4)
FN:55,(anonymous_5)
FN:67,(anonymous_6)
FN:71,(anonymous_7)
FN:72,(anonymous_8)
FN:95,(anonymous_9)
FN:101,(anonymous_10)
FN:121,(anonymous_11)
FN:131,(anonymous_12)
FN:139,(anonymous_13)
FN:149,(anonymous_14)
FN:170,(anonymous_15)
FNF:16
FNH:11
FNDA:17,(anonymous_0)
FNDA:18,(anonymous_1)
FNDA:1,(anonymous_2)
FNDA:18,(anonymous_3)
FNDA:126,(anonymous_4)
FNDA:35,(anonymous_5)
FNDA:0,(anonymous_6)
FNDA:35,(anonymous_7)
FNDA:245,(anonymous_8)
FNDA:0,(anonymous_9)
FNDA:0,(anonymous_10)
FNDA:2,(anonymous_11)
FNDA:18,(anonymous_12)
FNDA:0,(anonymous_13)
FNDA:0,(anonymous_14)
FNDA:3,(anonymous_15)
DA:2,2
DA:3,2
DA:12,2
DA:13,17
DA:14,17
DA:15,17
DA:16,17
DA:18,17
DA:19,18
DA:20,18
DA:23,17
DA:24,17
DA:26,17
DA:27,1
DA:30,17
DA:31,18
DA:32,126
DA:33,36
DA:34,90
DA:35,71
DA:36,19
DA:37,1
DA:41,18
DA:42,18
DA:43,1
DA:45,18
DA:48,17
DA:49,17
DA:50,17
DA:52,17
DA:55,2
DA:56,35
DA:57,35
DA:58,35
DA:59,35
DA:61,35
DA:62,35
DA:64,35
DA:65,35
DA:67,35
DA:68,0
DA:71,35
DA:72,35
DA:73,245
DA:74,70
DA:75,175
DA:76,140
DA:80,35
DA:82,35
DA:83,0
DA:85,35
DA:88,35
DA:89,35
DA:90,35
DA:92,35
DA:95,2
DA:96,0
DA:97,0
DA:98,0
DA:101,0
DA:102,0
DA:103,0
DA:104,0
DA:105,0
DA:106,0
DA:108,0
DA:112,0
DA:114,0
DA:115,0
DA:116,0
DA:118,0
DA:121,2
DA:122,2
DA:124,2
DA:125,0
DA:127,2
DA:131,2
DA:132,18
DA:133,18
DA:135,18
DA:137,18
DA:138,0
DA:139,0
DA:140,0
DA:141,0
DA:143,0
DA:145,18
DA:148,18
DA:149,0
DA:150,0
DA:151,0
DA:152,0
DA:153,0
DA:157,18
DA:158,14
DA:161,18
DA:162,0
DA:163,18
DA:164,0
DA:167,18
DA:170,2
DA:171,3
DA:172,3
DA:174,3
DA:176,3
DA:177,1
DA:178,2
DA:179,1
DA:181,1
DA:184,3
DA:187,2
LF:111
LH:81
BRDA:32,0,0,36
BRDA:32,0,1,90
BRDA:32,1,0,126
BRDA:32,1,1,36
BRDA:32,1,2,36
BRDA:34,2,0,71
BRDA:34,2,1,19
BRDA:36,3,0,1
BRDA:36,3,1,18
BRDA:36,4,0,19
BRDA:36,4,1,18
BRDA:42,5,0,1
BRDA:42,5,1,17
BRDA:42,6,0,18
BRDA:42,6,1,2
BRDA:73,7,0,70
BRDA:73,7,1,175
BRDA:73,8,0,245
BRDA:73,8,1,70
BRDA:73,8,2,70
BRDA:75,9,0,140
BRDA:75,9,1,35
BRDA:82,10,0,0
BRDA:82,10,1,35
BRDA:82,11,0,35
BRDA:82,11,1,0
BRDA:102,12,0,0
BRDA:102,12,1,0
BRDA:103,13,0,0
BRDA:103,13,1,0
BRDA:103,14,0,0
BRDA:103,14,1,0
BRDA:103,14,2,0
BRDA:105,15,0,0
BRDA:105,15,1,0
BRDA:124,16,0,0
BRDA:124,16,1,2
BRDA:137,17,0,0
BRDA:137,17,1,18
BRDA:141,18,0,0
BRDA:141,18,1,0
BRDA:148,19,0,0
BRDA:148,19,1,18
BRDA:152,20,0,0
BRDA:152,20,1,0
BRDA:157,21,0,14
BRDA:157,21,1,4
BRDA:161,22,0,0
BRDA:161,22,1,18
BRDA:161,23,0,18
BRDA:161,23,1,0
BRDA:163,24,0,0
BRDA:163,24,1,18
BRDA:176,25,0,1
BRDA:176,25,1,2
BRDA:178,26,0,1
BRDA:178,26,1,1
BRF:57
BRH:36
end_of_record
TN:
SF:src\exportTocsv.js
FN:5,(anonymous_0)
FN:10,(anonymous_1)
FNF:2
FNH:0
FNDA:0,(anonymous_0)
FNDA:0,(anonymous_1)
DA:1,1
DA:2,1
DA:3,1
DA:5,1
DA:6,0
DA:7,0
DA:8,0
DA:9,0
DA:10,0
DA:11,0
DA:12,0
DA:15,0
DA:18,0
LF:13
LH:4
BRDA:11,0,0,0
BRDA:11,0,1,0
BRF:2
BRH:0
end_of_record
TN:
SF:src\getMessage.js
FN:1,getMessage
FNF:1
FNH:1
FNDA:1,getMessage
DA:2,1
LF:1
LH:1
BRF:0
BRH:0
end_of_record
TN:
SF:src\requests.js
FN:20,(anonymous_0)
FN:22,(anonymous_1)
FN:26,(anonymous_2)
FN:66,(anonymous_3)
FN:94,(anonymous_4)
FN:98,(anonymous_5)
FN:108,(anonymous_6)
FN:135,(anonymous_7)
FN:145,(anonymous_8)
FN:155,(anonymous_9)
FN:165,(anonymous_10)
FN:179,(anonymous_11)
FN:191,(anonymous_12)
FN:201,(anonymous_13)
FN:215,(anonymous_14)
FN:229,(anonymous_15)
FN:243,(anonymous_16)
FN:261,(anonymous_17)
FN:272,(anonymous_18)
FN:282,(anonymous_19)
FN:292,(anonymous_20)
FN:306,(anonymous_21)
FN:317,(anonymous_22)
FN:324,(anonymous_23)
FN:325,(anonymous_24)
FN:330,(anonymous_25)
FN:331,(anonymous_26)
FN:336,(anonymous_27)
FN:337,(anonymous_28)
FN:342,(anonymous_29)
FN:343,(anonymous_30)
FN:357,(anonymous_31)
FN:367,(anonymous_32)
FN:466,(anonymous_33)
FN:482,(anonymous_34)
FN:567,(anonymous_35)
FN:584,(anonymous_36)
FN:600,(anonymous_37)
FN:696,(anonymous_38)
FN:780,(anonymous_39)
FN:824,(anonymous_40)
FN:846,(anonymous_41)
FN:850,(anonymous_42)
FN:854,(anonymous_43)
FN:862,(anonymous_44)
FN:869,(anonymous_45)
FN:875,(anonymous_46)
FN:882,(anonymous_47)
FN:920,(anonymous_48)
FN:923,(anonymous_49)
FN:939,(anonymous_50)
FN:946,(anonymous_51)
FN:952,(anonymous_52)
FN:958,(anonymous_53)
FN:964,(anonymous_54)
FN:970,(anonymous_55)
FN:977,(anonymous_56)
FN:983,(anonymous_57)
FN:989,(anonymous_58)
FN:996,(anonymous_59)
FN:1006,(anonymous_60)
FN:1016,(anonymous_61)
FN:1021,(anonymous_62)
FN:1040,(anonymous_63)
FN:1043,(anonymous_64)
FN:1060,(anonymous_65)
FN:1066,(anonymous_66)
FNF:67
FNH:37
FNDA:100,(anonymous_0)
FNDA:53,(anonymous_1)
FNDA:0,(anonymous_2)
FNDA:53,(anonymous_3)
FNDA:1,(anonymous_4)
FNDA:1,(anonymous_5)
FNDA:4,(anonymous_6)
FNDA:1,(anonymous_7)
FNDA:1,(anonymous_8)
FNDA:1,(anonymous_9)
FNDA:1,(anonymous_10)
FNDA:2,(anonymous_11)
FNDA:1,(anonymous_12)
FNDA:1,(anonymous_13)
FNDA:1,(anonymous_14)
FNDA:1,(anonymous_15)
FNDA:1,(anonymous_16)
FNDA:1,(anonymous_17)
FNDA:1,(anonymous_18)
FNDA:1,(anonymous_19)
FNDA:1,(anonymous_20)
FNDA:2,(anonymous_21)
FNDA:5,(anonymous_22)
FNDA:20,(anonymous_23)
FNDA:20,(anonymous_24)
FNDA:10,(anonymous_25)
FNDA:10,(anonymous_26)
FNDA:10,(anonymous_27)
FNDA:10,(anonymous_28)
FNDA:10,(anonymous_29)
FNDA:10,(anonymous_30)
FNDA:1,(anonymous_31)
FNDA:31,(anonymous_32)
FNDA:2,(anonymous_33)
FNDA:4,(anonymous_34)
FNDA:2,(anonymous_35)
FNDA:2,(anonymous_36)
FNDA:30,(anonymous_37)
FNDA:0,(anonymous_38)
FNDA:0,(anonymous_39)
FNDA:0,(anonymous_40)
FNDA:0,(anonymous_41)
FNDA:0,(anonymous_42)
FNDA:0,(anonymous_43)
FNDA:0,(anonymous_44)
FNDA:0,(anonymous_45)
FNDA:0,(anonymous_46)
FNDA:0,(anonymous_47)
FNDA:0,(anonymous_48)
FNDA:0,(anonymous_49)
FNDA:0,(anonymous_50)
FNDA:0,(anonymous_51)
FNDA:0,(anonymous_52)
FNDA:0,(anonymous_53)
FNDA:0,(anonymous_54)
FNDA:0,(anonymous_55)
FNDA:0,(anonymous_56)
FNDA:0,(anonymous_57)
FNDA:0,(anonymous_58)
FNDA:0,(anonymous_59)
FNDA:0,(anonymous_60)
FNDA:0,(anonymous_61)
FNDA:0,(anonymous_62)
FNDA:0,(anonymous_63)
FNDA:0,(anonymous_64)
FNDA:0,(anonymous_65)
FNDA:0,(anonymous_66)
DA:7,1
DA:10,1
DA:11,1
DA:12,1
DA:13,1
DA:17,1
DA:18,1
DA:20,1
DA:22,100
DA:23,53
DA:26,100
DA:27,0
DA:28,0
DA:30,0
DA:31,0
DA:33,0
DA:34,0
DA:36,0
DA:37,0
DA:39,0
DA:40,0
DA:42,0
DA:43,0
DA:45,0
DA:46,0
DA:48,0
DA:49,0
DA:51,0
DA:52,0
DA:54,0
DA:55,0
DA:57,0
DA:58,0
DA:60,0
DA:61,0
DA:63,0
DA:66,100
DA:67,53
DA:69,5
DA:71,5
DA:73,5
DA:75,5
DA:77,5
DA:79,5
DA:81,5
DA:83,5
DA:85,5
DA:87,5
DA:89,3
DA:94,100
DA:95,1
DA:98,100
DA:99,1
DA:100,1
DA:101,1
DA:103,0
DA:104,0
DA:108,100
DA:109,4
DA:110,4
DA:112,4
DA:114,1
DA:115,1
DA:117,1
DA:118,1
DA:120,1
DA:121,1
DA:123,0
DA:124,0
DA:127,3
DA:128,3
DA:130,1
DA:131,1
DA:135,100
DA:136,1
DA:137,1
DA:138,1
DA:140,0
DA:141,0
DA:145,100
DA:146,1
DA:147,1
DA:148,1
DA:150,0
DA:151,0
DA:155,100
DA:156,1
DA:157,1
DA:158,1
DA:160,0
DA:161,0
DA:165,100
DA:166,1
DA:167,1
DA:172,1
DA:174,0
DA:175,0
DA:179,100
DA:180,2
DA:181,2
DA:182,1
DA:184,1
DA:186,1
DA:187,1
DA:191,100
DA:192,1
DA:193,1
DA:194,1
DA:196,0
DA:197,0
DA:201,100
DA:202,1
DA:203,1
DA:208,1
DA:210,0
DA:211,0
DA:215,100
DA:216,1
DA:217,1
DA:222,1
DA:224,0
DA:225,0
DA:229,100
DA:230,1
DA:231,1
DA:236,1
DA:238,0
DA:239,0
DA:243,100
DA:244,1
DA:245,1
DA:253,1
DA:255,0
DA:256,0
DA:261,100
DA:262,1
DA:263,1
DA:264,1
DA:266,0
DA:267,0
DA:272,100
DA:273,1
DA:274,1
DA:275,1
DA:277,0
DA:278,0
DA:282,100
DA:283,1
DA:284,1
DA:285,1
DA:287,0
DA:288,0
DA:292,100
DA:293,1
DA:294,1
DA:299,1
DA:301,0
DA:302,0
DA:306,100
DA:307,2
DA:308,2
DA:309,2
DA:310,1
DA:312,1
DA:313,1
DA:317,100
DA:318,5
DA:319,5
DA:321,4
DA:323,1
DA:324,20
DA:325,20
DA:326,1
DA:327,1
DA:329,1
DA:330,10
DA:331,10
DA:332,1
DA:333,1
DA:335,1
DA:336,10
DA:337,10
DA:338,1
DA:339,1
DA:341,1
DA:342,10
DA:343,10
DA:344,1
DA:345,1
DA:347,0
DA:348,0
DA:350,4
DA:352,1
DA:353,1
DA:357,100
DA:358,1
DA:359,1
DA:360,1
DA:362,0
DA:363,0
DA:367,100
DA:368,31
DA:369,31
DA:372,31
DA:373,31
DA:374,31
DA:375,31
DA:376,31
DA:381,31
DA:382,31
DA:383,31
DA:384,31
DA:385,31
DA:386,31
DA:387,31
DA:389,31
DA:391,31
DA:392,1
DA:396,30
DA:398,30
DA:400,18
DA:401,18
DA:403,3
DA:404,3
DA:406,3
DA:407,3
DA:409,3
DA:410,3
DA:412,3
DA:413,3
DA:415,0
DA:416,0
DA:419,30
DA:420,10
DA:423,20
DA:424,2
DA:425,1
DA:427,1
DA:429,18
DA:430,2
DA:431,1
DA:433,1
DA:435,16
DA:436,2
DA:437,1
DA:439,1
DA:442,14
DA:443,2
DA:444,1
DA:446,1
DA:449,12
DA:450,6
DA:452,6
DA:457,20
DA:459,20
DA:461,11
DA:462,11
DA:466,100
DA:467,2
DA:468,2
DA:469,2
DA:470,2
DA:472,1
DA:473,1
DA:475,1
DA:477,1
DA:478,1
DA:482,100
DA:483,4
DA:484,4
DA:486,4
DA:488,4
DA:490,4
DA:492,4
DA:493,2
DA:494,2
DA:495,1
DA:496,1
DA:497,1
DA:500,0
DA:501,0
DA:502,0
DA:503,0
DA:504,0
DA:505,0
DA:507,0
DA:510,0
DA:511,0
DA:512,0
DA:513,0
DA:514,0
DA:515,0
DA:517,0
DA:519,0
DA:520,0
DA:521,0
DA:522,0
DA:523,0
DA:524,0
DA:526,0
DA:528,0
DA:529,0
DA:530,0
DA:531,0
DA:532,0
DA:533,0
DA:535,0
DA:538,0
DA:539,0
DA:540,0
DA:541,0
DA:542,0
DA:543,0
DA:545,0
DA:548,0
DA:549,0
DA:551,0
DA:557,0
DA:559,0
DA:561,4
DA:562,4
DA:567,100
DA:568,2
DA:569,2
DA:571,2
DA:572,1
DA:575,1
DA:577,1
DA:579,1
DA:580,1
DA:584,100
DA:585,2
DA:586,2
DA:588,2
DA:589,1
DA:591,1
DA:593,1
DA:595,1
DA:596,1
DA:600,100
DA:601,30
DA:602,30
DA:605,30
DA:606,30
DA:607,30
DA:608,18
DA:609,18
DA:610,18
DA:611,18
DA:612,18
DA:613,18
DA:614,18
DA:615,18
DA:618,18
DA:620,18
DA:621,0
DA:624,18
DA:625,0
DA:629,18
DA:631,18
DA:633,12
DA:634,12
DA:636,2
DA:637,2
DA:639,2
DA:640,2
DA:642,2
DA:643,2
DA:645,0
DA:646,0
DA:648,0
DA:649,0
DA:652,18
DA:653,0
DA:656,18
DA:657,12
DA:658,6
DA:660,6
DA:663,6
DA:664,2
DA:665,1
DA:667,1
DA:670,4
DA:671,2
DA:672,1
DA:674,1
DA:677,2
DA:678,2
DA:679,1
DA:681,1
DA:684,18
DA:686,18
DA:689,12
DA:690,12
DA:696,100
DA:698,0
DA:699,0
DA:700,0
DA:704,0
DA:706,0
DA:707,0
DA:708,0
DA:709,0
DA:710,0
DA:711,0
DA:712,0
DA:713,0
DA:714,0
DA:715,0
DA:716,0
DA:718,0
DA:719,0
DA:721,0
DA:723,0
DA:724,0
DA:726,0
DA:727,0
DA:728,0
DA:730,0
DA:731,0
DA:733,0
DA:735,0
DA:736,0
DA:739,0
DA:740,0
DA:741,0
DA:743,0
DA:744,0
DA:746,0
DA:748,0
DA:749,0
DA:752,0
DA:753,0
DA:754,0
DA:756,0
DA:757,0
DA:759,0
DA:761,0
DA:762,0
DA:766,0
DA:767,0
DA:769,0
DA:770,0
DA:772,0
DA:774,0
DA:775,0
DA:780,100
DA:781,0
DA:784,0
DA:786,0
DA:787,0
DA:789,0
DA:790,0
DA:792,0
DA:793,0
DA:795,0
DA:796,0
DA:798,0
DA:799,0
DA:801,0
DA:802,0
DA:804,0
DA:805,0
DA:807,0
DA:808,0
DA:811,0
DA:812,0
DA:813,0
DA:814,0
DA:815,0
DA:816,0
DA:819,0
DA:820,0
DA:824,100
DA:825,0
DA:827,0
DA:828,0
DA:830,0
DA:834,0
DA:839,0
DA:841,0
DA:843,0
DA:846,100
DA:847,0
DA:849,0
DA:850,0
DA:851,0
DA:853,0
DA:854,0
DA:855,0
DA:856,0
DA:859,0
DA:862,100
DA:863,0
DA:865,0
DA:866,0
DA:869,100
DA:870,0
DA:871,0
DA:872,0
DA:875,100
DA:876,0
DA:877,0
DA:878,0
DA:879,0
DA:882,100
DA:883,0
DA:884,0
DA:887,0
DA:889,0
DA:891,0
DA:892,0
DA:894,0
DA:895,0
DA:897,0
DA:898,0
DA:900,0
DA:901,0
DA:903,0
DA:904,0
DA:906,0
DA:907,0
DA:909,0
DA:910,0
DA:912,0
DA:913,0
DA:916,0
DA:917,0
DA:920,0
DA:921,0
DA:923,0
DA:926,0
DA:929,0
DA:931,0
DA:934,0
DA:935,0
DA:939,100
DA:940,0
DA:941,0
DA:943,0
DA:946,100
DA:947,0
DA:948,0
DA:949,0
DA:952,100
DA:953,0
DA:954,0
DA:955,0
DA:958,100
DA:959,0
DA:960,0
DA:961,0
DA:964,100
DA:965,0
DA:966,0
DA:967,0
DA:970,100
DA:971,0
DA:972,0
DA:973,0
DA:974,0
DA:977,100
DA:978,0
DA:979,0
DA:980,0
DA:983,100
DA:984,0
DA:985,0
DA:986,0
DA:989,100
DA:990,0
DA:991,0
DA:992,0
DA:993,0
DA:996,100
DA:997,0
DA:999,0
DA:1001,0
DA:1003,0
DA:1006,100
DA:1007,0
DA:1009,0
DA:1011,0
DA:1013,0
DA:1016,100
DA:1017,0
DA:1018,0
DA:1021,100
DA:1022,0
DA:1023,0
DA:1024,0
DA:1026,0
DA:1039,0
DA:1041,0
DA:1043,0
DA:1045,0
DA:1046,0
DA:1047,0
DA:1048,0
DA:1049,0
DA:1050,0
DA:1051,0
DA:1052,0
DA:1053,0
DA:1055,0
DA:1060,0
DA:1062,0
DA:1066,100
DA:1067,0
DA:1068,0
DA:1069,0
DA:1073,100
LF:612
LH:309
BRDA:28,0,0,0
BRDA:28,0,1,0
BRDA:28,0,2,0
BRDA:28,0,3,0
BRDA:28,0,4,0
BRDA:28,0,5,0
BRDA:28,0,6,0
BRDA:28,0,7,0
BRDA:28,0,8,0
BRDA:28,0,9,0
BRDA:28,0,10,0
BRDA:67,1,0,5
BRDA:67,1,1,5
BRDA:67,1,2,5
BRDA:67,1,3,5
BRDA:67,1,4,5
BRDA:67,1,5,5
BRDA:67,1,6,5
BRDA:67,1,7,5
BRDA:67,1,8,5
BRDA:67,1,9,5
BRDA:67,1,10,3
BRDA:104,2,0,0
BRDA:104,2,1,0
BRDA:112,3,0,1
BRDA:112,3,1,1
BRDA:112,3,2,1
BRDA:112,3,3,0
BRDA:131,4,0,1
BRDA:131,4,1,0
BRDA:141,5,0,0
BRDA:141,5,1,0
BRDA:151,6,0,0
BRDA:151,6,1,0
BRDA:161,7,0,0
BRDA:161,7,1,0
BRDA:175,8,0,0
BRDA:175,8,1,0
BRDA:187,9,0,1
BRDA:187,9,1,0
BRDA:197,10,0,0
BRDA:197,10,1,0
BRDA:211,11,0,0
BRDA:211,11,1,0
BRDA:225,12,0,0
BRDA:225,12,1,0
BRDA:239,13,0,0
BRDA:239,13,1,0
BRDA:256,14,0,0
BRDA:256,14,1,0
BRDA:267,15,0,0
BRDA:267,15,1,0
BRDA:278,16,0,0
BRDA:278,16,1,0
BRDA:288,17,0,0
BRDA:288,17,1,0
BRDA:302,18,0,0
BRDA:302,18,1,0
BRDA:313,19,0,1
BRDA:313,19,1,0
BRDA:321,20,0,1
BRDA:321,20,1,1
BRDA:321,20,2,1
BRDA:321,20,3,1
BRDA:321,20,4,0
BRDA:353,21,0,1
BRDA:353,21,1,0
BRDA:363,22,0,0
BRDA:363,22,1,0
BRDA:372,23,0,20
BRDA:372,23,1,11
BRDA:373,24,0,10
BRDA:373,24,1,21
BRDA:374,25,0,10
BRDA:374,25,1,21
BRDA:375,26,0,10
BRDA:375,26,1,21
BRDA:376,27,0,0
BRDA:376,27,1,31
BRDA:391,28,0,1
BRDA:391,28,1,30
BRDA:391,29,0,31
BRDA:391,29,1,30
BRDA:398,30,0,18
BRDA:398,30,1,3
BRDA:398,30,2,3
BRDA:398,30,3,3
BRDA:398,30,4,3
BRDA:398,30,5,0
BRDA:419,31,0,10
BRDA:419,31,1,20
BRDA:423,32,0,2
BRDA:423,32,1,18
BRDA:424,33,0,1
BRDA:424,33,1,1
BRDA:429,34,0,2
BRDA:429,34,1,16
BRDA:430,35,0,1
BRDA:430,35,1,1
BRDA:435,36,0,2
BRDA:435,36,1,14
BRDA:436,37,0,1
BRDA:436,37,1,1
BRDA:442,38,0,2
BRDA:442,38,1,12
BRDA:443,39,0,1
BRDA:443,39,1,1
BRDA:449,40,0,6
BRDA:449,40,1,6
BRDA:462,41,0,11
BRDA:462,41,1,0
BRDA:478,42,0,1
BRDA:478,42,1,0
BRDA:492,43,0,2
BRDA:492,43,1,2
BRDA:494,44,0,1
BRDA:494,44,1,1
BRDA:496,45,0,1
BRDA:496,45,1,0
BRDA:500,46,0,0
BRDA:500,46,1,0
BRDA:500,47,0,0
BRDA:500,47,1,0
BRDA:503,48,0,0
BRDA:503,48,1,0
BRDA:504,49,0,0
BRDA:504,49,1,0
BRDA:510,50,0,0
BRDA:510,50,1,0
BRDA:510,51,0,0
BRDA:510,51,1,0
BRDA:513,52,0,0
BRDA:513,52,1,0
BRDA:514,53,0,0
BRDA:514,53,1,0
BRDA:519,54,0,0
BRDA:519,54,1,0
BRDA:519,55,0,0
BRDA:519,55,1,0
BRDA:522,56,0,0
BRDA:522,56,1,0
BRDA:523,57,0,0
BRDA:523,57,1,0
BRDA:528,58,0,0
BRDA:528,58,1,0
BRDA:528,59,0,0
BRDA:528,59,1,0
BRDA:531,60,0,0
BRDA:531,60,1,0
BRDA:532,61,0,0
BRDA:532,61,1,0
BRDA:540,62,0,0
BRDA:540,62,1,0
BRDA:541,63,0,0
BRDA:541,63,1,0
BRDA:542,64,0,0
BRDA:542,64,1,0
BRDA:548,65,0,0
BRDA:548,65,1,0
BRDA:562,66,0,4
BRDA:562,66,1,0
BRDA:571,67,0,1
BRDA:571,67,1,1
BRDA:571,68,0,2
BRDA:571,68,1,1
BRDA:580,69,0,1
BRDA:580,69,1,0
BRDA:588,70,0,1
BRDA:588,70,1,1
BRDA:588,71,0,2
BRDA:588,71,1,1
BRDA:596,72,0,1
BRDA:596,72,1,0
BRDA:609,73,0,9
BRDA:609,73,1,9
BRDA:620,74,0,0
BRDA:620,74,1,18
BRDA:624,75,0,0
BRDA:624,75,1,18
BRDA:631,76,0,12
BRDA:631,76,1,2
BRDA:631,76,2,2
BRDA:631,76,3,2
BRDA:631,76,4,0
BRDA:631,76,5,0
BRDA:652,77,0,0
BRDA:652,77,1,18
BRDA:656,78,0,12
BRDA:656,78,1,6
BRDA:657,79,0,6
BRDA:657,79,1,6
BRDA:663,80,0,2
BRDA:663,80,1,4
BRDA:664,81,0,1
BRDA:664,81,1,1
BRDA:670,82,0,2
BRDA:670,82,1,2
BRDA:671,83,0,1
BRDA:671,83,1,1
BRDA:677,84,0,2
BRDA:677,84,1,0
BRDA:678,85,0,1
BRDA:678,85,1,1
BRDA:690,86,0,12
BRDA:690,86,1,0
BRDA:706,87,0,0
BRDA:706,87,1,0
BRDA:710,88,0,0
BRDA:710,88,1,0
BRDA:710,89,0,0
BRDA:710,89,1,0
BRDA:710,89,2,0
BRDA:714,90,0,0
BRDA:714,90,1,0
BRDA:724,91,0,0
BRDA:724,91,1,0
BRDA:726,92,0,0
BRDA:726,92,1,0
BRDA:736,93,0,0
BRDA:736,93,1,0
BRDA:739,94,0,0
BRDA:739,94,1,0
BRDA:749,95,0,0
BRDA:749,95,1,0
BRDA:752,96,0,0
BRDA:752,96,1,0
BRDA:762,97,0,0
BRDA:762,97,1,0
BRDA:775,98,0,0
BRDA:775,98,1,0
BRDA:784,99,0,0
BRDA:784,99,1,0
BRDA:784,99,2,0
BRDA:784,99,3,0
BRDA:784,99,4,0
BRDA:784,99,5,0
BRDA:784,99,6,0
BRDA:784,99,7,0
BRDA:820,100,0,0
BRDA:820,100,1,0
BRDA:851,101,0,0
BRDA:851,101,1,0
BRDA:855,102,0,0
BRDA:855,102,1,0
BRDA:889,103,0,0
BRDA:889,103,1,0
BRDA:889,103,2,0
BRDA:889,103,3,0
BRDA:889,103,4,0
BRDA:889,103,5,0
BRDA:889,103,6,0
BRDA:912,104,0,0
BRDA:912,104,1,0
BRDA:916,105,0,0
BRDA:916,105,1,0
BRDA:973,106,0,0
BRDA:973,106,1,0
BRDA:1045,107,0,0
BRDA:1045,107,1,0
BRDA:1050,108,0,0
BRDA:1050,108,1,0
BRF:261
BRH:103
end_of_record
TN:
SF:src\models\category.js
FN:5,(anonymous_0)
FN:12,(anonymous_1)
FNF:2
FNH:2
FNDA:3,(anonymous_0)
FNDA:3,(anonymous_1)
DA:4,3
DA:5,3
DA:14,3
DA:17,3
DA:26,3
LF:5
LH:5
BRF:0
BRH:0
end_of_record
TN:
SF:src\models\codeandtip.js
FN:5,(anonymous_0)
FN:12,(anonymous_1)
FNF:2
FNH:2
FNDA:3,(anonymous_0)
FNDA:3,(anonymous_1)
DA:4,3
DA:5,3
DA:14,3
DA:17,3
DA:26,3
LF:5
LH:5
BRF:0
BRH:0
end_of_record
TN:
SF:src\models\dlc.js
FN:5,(anonymous_0)
FN:12,(anonymous_1)
FNF:2
FNH:2
FNDA:3,(anonymous_0)
FNDA:3,(anonymous_1)
DA:4,3
DA:5,3
DA:14,3
DA:17,3
DA:29,3
LF:5
LH:5
BRF:0
BRH:0
end_of_record
TN:
SF:src\models\game.js
FN:5,(anonymous_0)
FN:12,(anonymous_1)
FNF:2
FNH:2
FNDA:3,(anonymous_0)
FNDA:3,(anonymous_1)
DA:4,3
DA:5,3
DA:14,3
DA:15,3
DA:16,3
DA:17,3
DA:18,3
DA:21,3
DA:36,3
LF:9
LH:9
BRF:0
BRH:0
end_of_record
TN:
SF:src\models\index.js
FN:20,(anonymous_0)
FN:23,(anonymous_1)
FN:28,(anonymous_2)
FNF:3
FNH:3
FNDA:30,(anonymous_0)
FNDA:27,(anonymous_1)
FNDA:27,(anonymous_2)
DA:3,3
DA:4,3
DA:5,3
DA:6,3
DA:7,3
DA:8,3
DA:9,3
DA:12,3
DA:13,0
DA:15,3
DA:18,3
DA:21,30
DA:24,27
DA:25,27
DA:28,3
DA:29,27
DA:30,27
DA:34,3
DA:35,3
DA:37,3
LF:20
LH:19
BRDA:7,0,0,3
BRDA:7,0,1,0
BRDA:12,1,0,0
BRDA:12,1,1,3
BRDA:21,2,0,30
BRDA:21,2,1,30
BRDA:21,2,2,27
BRDA:29,3,0,27
BRDA:29,3,1,0
BRF:9
BRH:6
end_of_record
TN:
SF:src\models\playing.js
FN:5,(anonymous_0)
FN:12,(anonymous_1)
FNF:2
FNH:2
FNDA:3,(anonymous_0)
FNDA:3,(anonymous_1)
DA:4,3
DA:5,3
DA:14,3
DA:17,3
DA:29,3
LF:5
LH:5
BRF:0
BRH:0
end_of_record
TN:
SF:src\models\system.js
FN:5,(anonymous_0)
FN:12,(anonymous_1)
FNF:2
FNH:2
FNDA:3,(anonymous_0)
FNDA:3,(anonymous_1)
DA:4,3
DA:5,3
DA:14,3
DA:17,3
DA:26,3
LF:5
LH:5
BRF:0
BRH:0
end_of_record
TN:
SF:src\models\tobuy.js
FN:5,(anonymous_0)
FN:12,(anonymous_1)
FNF:2
FNH:2
FNDA:3,(anonymous_0)
FNDA:3,(anonymous_1)
DA:4,3
DA:5,3
DA:16,3
DA:28,3
LF:4
LH:4
BRF:0
BRH:0
end_of_record
TN:
SF:src\models\trash.js
FN:5,(anonymous_0)
FN:12,(anonymous_1)
FNF:2
FNH:2
FNDA:3,(anonymous_0)
FNDA:3,(anonymous_1)
DA:4,3
DA:5,3
DA:16,3
DA:27,3
LF:4
LH:4
BRF:0
BRH:0
end_of_record
TN:
SF:src\models\virtualconsole.js
FN:5,(anonymous_0)
FN:12,(anonymous_1)
FNF:2
FNH:2
FNDA:3,(anonymous_0)
FNDA:3,(anonymous_1)
DA:4,3
DA:5,3
DA:14,3
DA:17,3
DA:30,3
LF:5
LH:5
BRF:0
BRH:0
end_of_record
TN:
SF:src\schema\validation_schema.js
FNF:0
FNH:0
DA:1,2
DA:3,2
DA:18,2
DA:43,2
DA:61,2
DA:78,2
DA:95,2
LF:7
LH:7
BRF:0
BRH:0
end_of_record
TN:
SF:tests\dbclear.js
FN:5,(anonymous_0)
FN:9,(anonymous_1)
FN:13,(anonymous_2)
FN:14,(anonymous_3)
FNF:4
FNH:2
FNDA:0,(anonymous_0)
FNDA:0,(anonymous_1)
FNDA:40,(anonymous_2)
FNDA:40,(anonymous_3)
DA:2,2
DA:3,2
DA:5,2
DA:7,0
DA:9,0
DA:10,0
DA:13,2
DA:14,40
DA:15,40
DA:18,2
DA:23,2
LF:11
LH:8
BRF:0
BRH:0
end_of_record
